[32m[2017-08-02 09:00:03.585] [INFO] BlockchainSampleClient - [39m
[32m[2017-08-02 09:00:03.586] [INFO] BlockchainSampleClient - [39m-----------------------------------------------------------------------------
[32m[2017-08-02 09:00:03.587] [INFO] BlockchainSampleClient - [39m>>> BlockchainSampleClient env local, started Wed Aug 02 2017 09:00:03 GMT+0530 (IST) <<<
[32m[2017-08-02 09:00:03.587] [INFO] BlockchainSampleClient - [39m-----------------------------------------------------------------------------
[32m[2017-08-02 09:00:03.587] [INFO] BlockchainSampleClient - [39mNode started via(process.argv): /usr/bin/nodejs,/home/dhananjayp/marin-service/app.js
[32m[2017-08-02 09:00:03.587] [INFO] BlockchainSampleClient - [39mNode version: v6.11.1
[32m[2017-08-02 09:00:03.587] [INFO] BlockchainSampleClient - [39mNode and its dependency versions: {"http_parser":"2.7.0","node":"6.11.1","v8":"5.1.281.103","uv":"1.11.0","zlib":"1.2.11","ares":"1.10.1-DEV","icu":"56.1","modules":"48","openssl":"1.0.2k"}
[32m[2017-08-02 09:00:03.587] [INFO] BlockchainSampleClient - [39m
[32m[2017-08-02 09:00:03.588] [INFO] loggingHelper - [39mCreated logger for blockchain_sample_client.js at level ALL
[34m[2017-08-02 09:00:03.588] [TRACE] blockchain_sample_client.js - [39msetup : entry
[34m[2017-08-02 09:00:03.589] [TRACE] datastore.js - [39minit : entry 
[34m[2017-08-02 09:00:03.589] [TRACE] datastore.js - [39minit : params - {"name":"Cloudant NoSQL DB-vern","label":"cloudantNoSQLDB","plan":"Lite","credentials":{"username":"f6a4e131-a9e2-4b54-a324-abf6707f438e-bluemix","password":"08880be42336b9284ca179e537a1db36f506aefe22253c9542d0293d6b721d71","host":"f6a4e131-a9e2-4b54-a324-abf6707f438e-bluemix.cloudant.com","port":443,"url":"https://f6a4e131-a9e2-4b54-a324-abf6707f438e-bluemix:08880be42336b9284ca179e537a1db36f506aefe22253c9542d0293d6b721d71@f6a4e131-a9e2-4b54-a324-abf6707f438e-bluemix.cloudant.com"}} 
[34m[2017-08-02 09:00:03.593] [TRACE] blockchain_sample_client.js - [39mgetCloudantKeyValStore : entry 
[34m[2017-08-02 09:00:03.595] [TRACE] blockchain_sample_client.js - [39mgetCloudantKeyValStore : params - "devworks_app_master" 
[34m[2017-08-02 09:00:03.596] [TRACE] datastore.js - [39mgetDbInstance : entry 
[34m[2017-08-02 09:00:03.596] [TRACE] datastore.js - [39mgetDbInstance : params - "devworks_app_master" 
[32m[2017-08-02 09:00:04.726] [INFO] datastore.js - [39mgetDbInstance : devworks_app_master already exists. - undefined
[34m[2017-08-02 09:00:04.729] [TRACE] blockchain_network - [39msetupBlockchain : entry 
[34m[2017-08-02 09:00:04.729] [TRACE] blockchain_network - [39msetupBlockchain : params - [Circular] 
[34m[2017-08-02 09:00:04.730] [TRACE] blockchain_network - [39mchainInit : entry 
[34m[2017-08-02 09:00:04.730] [TRACE] blockchain_network - [39mchainInit : params - [Circular] 
[32m[2017-08-02 09:00:04.732] [INFO] blockchain_network - [39mchainInit : Chain Initialized - Chain {  peers: [],  securityEnabled: true,  members: {},  tcertBatchSize: 200,  devMode: false,  preFetchMode: true,  deployWaitTime: 100,  invokeWaitTime: 5,  name: 'sc_cc',  eventHub:    EventHub {     txCallback: [Function],     chaincodeRegistrants: HashTable {},     blockRegistrants: Set {},     txRegistrants: HashTable {},     ep: null,     connected: false },  keyValStore: CloudantKeyValStore { dbName: 'devworks_app_master', dbInstance: [Object] } }
[32m[2017-08-02 09:00:04.733] [INFO] blockchain_network - [39mloadNetworkConfiguration : Successfully loaded network configuration - undefined
[34m[2017-08-02 09:00:04.847] [TRACE] blockchain_network - [39mdoLogin : entry
[34m[2017-08-02 09:00:04.856] [TRACE] kv_store_model - [39mget : entry 
[34m[2017-08-02 09:00:04.856] [TRACE] kv_store_model - [39mget : params - {"id":"member.WebAppAdmin"} 
[32m[2017-08-02 09:00:05.134] [INFO] kv_store_model - [39mget : successfully fetched member file with id member.WebAppAdmin - undefined
[32m[2017-08-02 09:00:05.139] [INFO] blockchain_network - [39mdoLogin : Successfully logged in user on blockchain: WebAppAdmin - undefined
[32m[2017-08-02 09:00:05.139] [INFO] blockchain_network - [39mconfigureNetwork : Successfully enrolled registrar: WebAppAdmin - undefined
[32m[2017-08-02 09:00:05.139] [INFO] blockchain_network - [39msetupBlockchain : blockchain setup complete - undefined
[34m[2017-08-02 09:00:05.142] [TRACE] kv_store_model - [39mget : entry 
[34m[2017-08-02 09:00:05.142] [TRACE] kv_store_model - [39mget : params - {"id":"member.dhananjay.p"} 
[32m[2017-08-02 09:00:05.433] [INFO] kv_store_model - [39mget : successfully fetched member file with id member.dhananjay.p - undefined
[32m[2017-08-02 09:00:05.444] [INFO] blockchain_sdk - [39mregisterUser : Successfully registered user on blockchain: dhananjay.p - undefined
[34m[2017-08-02 09:00:05.447] [TRACE] blockchain_sdk - [39mdoLogin : entry
[32m[2017-08-02 09:00:05.450] [INFO] blockchain_sdk - [39mdoLogin : Successfully logged in user on blockchain: dhananjay.p - undefined
[32m[2017-08-02 09:00:05.450] [INFO] console - [39mserver is running on3000
[32m[2017-08-02 09:00:20.680] [INFO] console - [39mtransportMode
[32m[2017-08-02 09:00:20.680] [INFO] console - [39mconsignmentWeightconsignmentWeight
[32m[2017-08-02 09:00:20.681] [INFO] console - [39mconsignmentvalueconsignmentValue
[32m[2017-08-02 09:00:20.681] [INFO] console - [39mcontractTypecontractType
[32m[2017-08-02 09:01:00.218] [INFO] BlockchainSampleClient - [39m
[32m[2017-08-02 09:01:00.219] [INFO] BlockchainSampleClient - [39m-----------------------------------------------------------------------------
[32m[2017-08-02 09:01:00.219] [INFO] BlockchainSampleClient - [39m>>> BlockchainSampleClient env local, started Wed Aug 02 2017 09:01:00 GMT+0530 (IST) <<<
[32m[2017-08-02 09:01:00.219] [INFO] BlockchainSampleClient - [39m-----------------------------------------------------------------------------
[32m[2017-08-02 09:01:00.219] [INFO] BlockchainSampleClient - [39mNode started via(process.argv): /usr/bin/nodejs,/home/dhananjayp/marin-service/app.js
[32m[2017-08-02 09:01:00.219] [INFO] BlockchainSampleClient - [39mNode version: v6.11.1
[32m[2017-08-02 09:01:00.219] [INFO] BlockchainSampleClient - [39mNode and its dependency versions: {"http_parser":"2.7.0","node":"6.11.1","v8":"5.1.281.103","uv":"1.11.0","zlib":"1.2.11","ares":"1.10.1-DEV","icu":"56.1","modules":"48","openssl":"1.0.2k"}
[32m[2017-08-02 09:01:00.220] [INFO] BlockchainSampleClient - [39m
[32m[2017-08-02 09:01:00.220] [INFO] loggingHelper - [39mCreated logger for blockchain_sample_client.js at level ALL
[34m[2017-08-02 09:01:00.220] [TRACE] blockchain_sample_client.js - [39msetup : entry
[34m[2017-08-02 09:01:00.220] [TRACE] datastore.js - [39minit : entry 
[34m[2017-08-02 09:01:00.220] [TRACE] datastore.js - [39minit : params - {"name":"Cloudant NoSQL DB-vern","label":"cloudantNoSQLDB","plan":"Lite","credentials":{"username":"f6a4e131-a9e2-4b54-a324-abf6707f438e-bluemix","password":"08880be42336b9284ca179e537a1db36f506aefe22253c9542d0293d6b721d71","host":"f6a4e131-a9e2-4b54-a324-abf6707f438e-bluemix.cloudant.com","port":443,"url":"https://f6a4e131-a9e2-4b54-a324-abf6707f438e-bluemix:08880be42336b9284ca179e537a1db36f506aefe22253c9542d0293d6b721d71@f6a4e131-a9e2-4b54-a324-abf6707f438e-bluemix.cloudant.com"}} 
[34m[2017-08-02 09:01:00.224] [TRACE] blockchain_sample_client.js - [39mgetCloudantKeyValStore : entry 
[34m[2017-08-02 09:01:00.224] [TRACE] blockchain_sample_client.js - [39mgetCloudantKeyValStore : params - "devworks_app_master" 
[34m[2017-08-02 09:01:00.224] [TRACE] datastore.js - [39mgetDbInstance : entry 
[34m[2017-08-02 09:01:00.224] [TRACE] datastore.js - [39mgetDbInstance : params - "devworks_app_master" 
[32m[2017-08-02 09:01:01.523] [INFO] datastore.js - [39mgetDbInstance : devworks_app_master already exists. - undefined
[34m[2017-08-02 09:01:01.530] [TRACE] blockchain_network - [39msetupBlockchain : entry 
[34m[2017-08-02 09:01:01.530] [TRACE] blockchain_network - [39msetupBlockchain : params - [Circular] 
[34m[2017-08-02 09:01:01.531] [TRACE] blockchain_network - [39mchainInit : entry 
[34m[2017-08-02 09:01:01.532] [TRACE] blockchain_network - [39mchainInit : params - [Circular] 
[32m[2017-08-02 09:01:01.538] [INFO] blockchain_network - [39mchainInit : Chain Initialized - Chain {  peers: [],  securityEnabled: true,  members: {},  tcertBatchSize: 200,  devMode: false,  preFetchMode: true,  deployWaitTime: 100,  invokeWaitTime: 5,  name: 'sc_cc',  eventHub:    EventHub {     txCallback: [Function],     chaincodeRegistrants: HashTable {},     blockRegistrants: Set {},     txRegistrants: HashTable {},     ep: null,     connected: false },  keyValStore: CloudantKeyValStore { dbName: 'devworks_app_master', dbInstance: [Object] } }
[32m[2017-08-02 09:01:01.541] [INFO] blockchain_network - [39mloadNetworkConfiguration : Successfully loaded network configuration - undefined
[34m[2017-08-02 09:01:01.606] [TRACE] blockchain_network - [39mdoLogin : entry
[34m[2017-08-02 09:01:01.620] [TRACE] kv_store_model - [39mget : entry 
[34m[2017-08-02 09:01:01.620] [TRACE] kv_store_model - [39mget : params - {"id":"member.WebAppAdmin"} 
[32m[2017-08-02 09:01:01.915] [INFO] kv_store_model - [39mget : successfully fetched member file with id member.WebAppAdmin - undefined
[32m[2017-08-02 09:01:01.949] [INFO] blockchain_network - [39mdoLogin : Successfully logged in user on blockchain: WebAppAdmin - undefined
[32m[2017-08-02 09:01:01.949] [INFO] blockchain_network - [39mconfigureNetwork : Successfully enrolled registrar: WebAppAdmin - undefined
[32m[2017-08-02 09:01:01.950] [INFO] blockchain_network - [39msetupBlockchain : blockchain setup complete - undefined
[34m[2017-08-02 09:01:01.952] [TRACE] kv_store_model - [39mget : entry 
[34m[2017-08-02 09:01:01.952] [TRACE] kv_store_model - [39mget : params - {"id":"member.dhananjay.p"} 
[32m[2017-08-02 09:01:02.245] [INFO] kv_store_model - [39mget : successfully fetched member file with id member.dhananjay.p - undefined
[32m[2017-08-02 09:01:20.701] [INFO] BlockchainSampleClient - [39m
[32m[2017-08-02 09:01:20.702] [INFO] BlockchainSampleClient - [39m-----------------------------------------------------------------------------
[32m[2017-08-02 09:01:20.702] [INFO] BlockchainSampleClient - [39m>>> BlockchainSampleClient env local, started Wed Aug 02 2017 09:01:20 GMT+0530 (IST) <<<
[32m[2017-08-02 09:01:20.702] [INFO] BlockchainSampleClient - [39m-----------------------------------------------------------------------------
[32m[2017-08-02 09:01:20.702] [INFO] BlockchainSampleClient - [39mNode started via(process.argv): /usr/bin/nodejs,/home/dhananjayp/marin-service/app.js
[32m[2017-08-02 09:01:20.702] [INFO] BlockchainSampleClient - [39mNode version: v6.11.1
[32m[2017-08-02 09:01:20.702] [INFO] BlockchainSampleClient - [39mNode and its dependency versions: {"http_parser":"2.7.0","node":"6.11.1","v8":"5.1.281.103","uv":"1.11.0","zlib":"1.2.11","ares":"1.10.1-DEV","icu":"56.1","modules":"48","openssl":"1.0.2k"}
[32m[2017-08-02 09:01:20.702] [INFO] BlockchainSampleClient - [39m
[32m[2017-08-02 09:01:20.702] [INFO] loggingHelper - [39mCreated logger for blockchain_sample_client.js at level ALL
[34m[2017-08-02 09:01:20.703] [TRACE] blockchain_sample_client.js - [39msetup : entry
[34m[2017-08-02 09:01:20.703] [TRACE] datastore.js - [39minit : entry 
[34m[2017-08-02 09:01:20.704] [TRACE] datastore.js - [39minit : params - {"name":"Cloudant NoSQL DB-vern","label":"cloudantNoSQLDB","plan":"Lite","credentials":{"username":"f6a4e131-a9e2-4b54-a324-abf6707f438e-bluemix","password":"08880be42336b9284ca179e537a1db36f506aefe22253c9542d0293d6b721d71","host":"f6a4e131-a9e2-4b54-a324-abf6707f438e-bluemix.cloudant.com","port":443,"url":"https://f6a4e131-a9e2-4b54-a324-abf6707f438e-bluemix:08880be42336b9284ca179e537a1db36f506aefe22253c9542d0293d6b721d71@f6a4e131-a9e2-4b54-a324-abf6707f438e-bluemix.cloudant.com"}} 
[34m[2017-08-02 09:01:20.707] [TRACE] blockchain_sample_client.js - [39mgetCloudantKeyValStore : entry 
[34m[2017-08-02 09:01:20.707] [TRACE] blockchain_sample_client.js - [39mgetCloudantKeyValStore : params - "devworks_app_master" 
[34m[2017-08-02 09:01:20.707] [TRACE] datastore.js - [39mgetDbInstance : entry 
[34m[2017-08-02 09:01:20.708] [TRACE] datastore.js - [39mgetDbInstance : params - "devworks_app_master" 
[32m[2017-08-02 09:01:21.882] [INFO] datastore.js - [39mgetDbInstance : devworks_app_master already exists. - undefined
[34m[2017-08-02 09:01:21.885] [TRACE] blockchain_network - [39msetupBlockchain : entry 
[34m[2017-08-02 09:01:21.886] [TRACE] blockchain_network - [39msetupBlockchain : params - [Circular] 
[34m[2017-08-02 09:01:21.886] [TRACE] blockchain_network - [39mchainInit : entry 
[34m[2017-08-02 09:01:21.886] [TRACE] blockchain_network - [39mchainInit : params - [Circular] 
[32m[2017-08-02 09:01:21.888] [INFO] blockchain_network - [39mchainInit : Chain Initialized - Chain {  peers: [],  securityEnabled: true,  members: {},  tcertBatchSize: 200,  devMode: false,  preFetchMode: true,  deployWaitTime: 100,  invokeWaitTime: 5,  name: 'sc_cc',  eventHub:    EventHub {     txCallback: [Function],     chaincodeRegistrants: HashTable {},     blockRegistrants: Set {},     txRegistrants: HashTable {},     ep: null,     connected: false },  keyValStore: CloudantKeyValStore { dbName: 'devworks_app_master', dbInstance: [Object] } }
[32m[2017-08-02 09:01:21.889] [INFO] blockchain_network - [39mloadNetworkConfiguration : Successfully loaded network configuration - undefined
[34m[2017-08-02 09:01:21.953] [TRACE] blockchain_network - [39mdoLogin : entry
[34m[2017-08-02 09:01:21.967] [TRACE] kv_store_model - [39mget : entry 
[34m[2017-08-02 09:01:21.967] [TRACE] kv_store_model - [39mget : params - {"id":"member.WebAppAdmin"} 
[32m[2017-08-02 09:01:22.271] [INFO] kv_store_model - [39mget : successfully fetched member file with id member.WebAppAdmin - undefined
[32m[2017-08-02 09:01:22.308] [INFO] blockchain_network - [39mdoLogin : Successfully logged in user on blockchain: WebAppAdmin - undefined
[32m[2017-08-02 09:01:22.310] [INFO] blockchain_network - [39mconfigureNetwork : Successfully enrolled registrar: WebAppAdmin - undefined
[32m[2017-08-02 09:01:22.312] [INFO] blockchain_network - [39msetupBlockchain : blockchain setup complete - undefined
[34m[2017-08-02 09:01:22.315] [TRACE] kv_store_model - [39mget : entry 
[34m[2017-08-02 09:01:22.316] [TRACE] kv_store_model - [39mget : params - {"id":"member.dhananjay.p"} 
[32m[2017-08-02 09:01:22.608] [INFO] kv_store_model - [39mget : successfully fetched member file with id member.dhananjay.p - undefined
[32m[2017-08-02 09:01:22.638] [INFO] blockchain_sdk - [39mregisterUser : Successfully registered user on blockchain: dhananjay.p - undefined
[34m[2017-08-02 09:01:22.638] [TRACE] blockchain_sdk - [39mdoLogin : entry
[32m[2017-08-02 09:01:22.641] [INFO] blockchain_sdk - [39mdoLogin : Successfully logged in user on blockchain: dhananjay.p - undefined
[32m[2017-08-02 09:01:22.641] [INFO] console - [39mserver is running on3000
[32m[2017-08-02 09:01:26.216] [INFO] console - [39mtransportMode
[32m[2017-08-02 09:03:57.977] [INFO] BlockchainSampleClient - [39m
[32m[2017-08-02 09:03:57.979] [INFO] BlockchainSampleClient - [39m-----------------------------------------------------------------------------
[32m[2017-08-02 09:03:57.979] [INFO] BlockchainSampleClient - [39m>>> BlockchainSampleClient env local, started Wed Aug 02 2017 09:03:57 GMT+0530 (IST) <<<
[32m[2017-08-02 09:03:57.979] [INFO] BlockchainSampleClient - [39m-----------------------------------------------------------------------------
[32m[2017-08-02 09:03:57.979] [INFO] BlockchainSampleClient - [39mNode started via(process.argv): /usr/bin/nodejs,/home/dhananjayp/marin-service/app.js
[32m[2017-08-02 09:03:57.979] [INFO] BlockchainSampleClient - [39mNode version: v6.11.1
[32m[2017-08-02 09:03:57.979] [INFO] BlockchainSampleClient - [39mNode and its dependency versions: {"http_parser":"2.7.0","node":"6.11.1","v8":"5.1.281.103","uv":"1.11.0","zlib":"1.2.11","ares":"1.10.1-DEV","icu":"56.1","modules":"48","openssl":"1.0.2k"}
[32m[2017-08-02 09:03:57.979] [INFO] BlockchainSampleClient - [39m
[32m[2017-08-02 09:03:57.980] [INFO] loggingHelper - [39mCreated logger for blockchain_sample_client.js at level ALL
[34m[2017-08-02 09:03:57.980] [TRACE] blockchain_sample_client.js - [39msetup : entry
[34m[2017-08-02 09:03:57.980] [TRACE] datastore.js - [39minit : entry 
[34m[2017-08-02 09:03:57.981] [TRACE] datastore.js - [39minit : params - {"name":"Cloudant NoSQL DB-vern","label":"cloudantNoSQLDB","plan":"Lite","credentials":{"username":"f6a4e131-a9e2-4b54-a324-abf6707f438e-bluemix","password":"08880be42336b9284ca179e537a1db36f506aefe22253c9542d0293d6b721d71","host":"f6a4e131-a9e2-4b54-a324-abf6707f438e-bluemix.cloudant.com","port":443,"url":"https://f6a4e131-a9e2-4b54-a324-abf6707f438e-bluemix:08880be42336b9284ca179e537a1db36f506aefe22253c9542d0293d6b721d71@f6a4e131-a9e2-4b54-a324-abf6707f438e-bluemix.cloudant.com"}} 
[34m[2017-08-02 09:03:57.985] [TRACE] blockchain_sample_client.js - [39mgetCloudantKeyValStore : entry 
[34m[2017-08-02 09:03:57.985] [TRACE] blockchain_sample_client.js - [39mgetCloudantKeyValStore : params - "devworks_app_master" 
[34m[2017-08-02 09:03:57.986] [TRACE] datastore.js - [39mgetDbInstance : entry 
[34m[2017-08-02 09:03:57.986] [TRACE] datastore.js - [39mgetDbInstance : params - "devworks_app_master" 
[32m[2017-08-02 09:03:59.231] [INFO] datastore.js - [39mgetDbInstance : devworks_app_master already exists. - undefined
[34m[2017-08-02 09:03:59.242] [TRACE] blockchain_network - [39msetupBlockchain : entry 
[34m[2017-08-02 09:03:59.242] [TRACE] blockchain_network - [39msetupBlockchain : params - [Circular] 
[34m[2017-08-02 09:03:59.245] [TRACE] blockchain_network - [39mchainInit : entry 
[34m[2017-08-02 09:03:59.246] [TRACE] blockchain_network - [39mchainInit : params - [Circular] 
[32m[2017-08-02 09:03:59.251] [INFO] blockchain_network - [39mchainInit : Chain Initialized - Chain {  peers: [],  securityEnabled: true,  members: {},  tcertBatchSize: 200,  devMode: false,  preFetchMode: true,  deployWaitTime: 100,  invokeWaitTime: 5,  name: 'sc_cc',  eventHub:    EventHub {     txCallback: [Function],     chaincodeRegistrants: HashTable {},     blockRegistrants: Set {},     txRegistrants: HashTable {},     ep: null,     connected: false },  keyValStore: CloudantKeyValStore { dbName: 'devworks_app_master', dbInstance: [Object] } }
[32m[2017-08-02 09:03:59.253] [INFO] blockchain_network - [39mloadNetworkConfiguration : Successfully loaded network configuration - undefined
[34m[2017-08-02 09:03:59.321] [TRACE] blockchain_network - [39mdoLogin : entry
[34m[2017-08-02 09:03:59.328] [TRACE] kv_store_model - [39mget : entry 
[34m[2017-08-02 09:03:59.328] [TRACE] kv_store_model - [39mget : params - {"id":"member.WebAppAdmin"} 
[32m[2017-08-02 09:03:59.634] [INFO] kv_store_model - [39mget : successfully fetched member file with id member.WebAppAdmin - undefined
[32m[2017-08-02 09:03:59.639] [INFO] blockchain_network - [39mdoLogin : Successfully logged in user on blockchain: WebAppAdmin - undefined
[32m[2017-08-02 09:03:59.639] [INFO] blockchain_network - [39mconfigureNetwork : Successfully enrolled registrar: WebAppAdmin - undefined
[32m[2017-08-02 09:03:59.640] [INFO] blockchain_network - [39msetupBlockchain : blockchain setup complete - undefined
[34m[2017-08-02 09:03:59.641] [TRACE] kv_store_model - [39mget : entry 
[34m[2017-08-02 09:03:59.642] [TRACE] kv_store_model - [39mget : params - {"id":"member.dhananjay.p"} 
[32m[2017-08-02 09:03:59.940] [INFO] kv_store_model - [39mget : successfully fetched member file with id member.dhananjay.p - undefined
[32m[2017-08-02 09:03:59.953] [INFO] blockchain_sdk - [39mregisterUser : Successfully registered user on blockchain: dhananjay.p - undefined
[34m[2017-08-02 09:03:59.955] [TRACE] blockchain_sdk - [39mdoLogin : entry
[32m[2017-08-02 09:03:59.961] [INFO] blockchain_sdk - [39mdoLogin : Successfully logged in user on blockchain: dhananjay.p - undefined
[32m[2017-08-02 09:03:59.962] [INFO] console - [39mserver is running on3000
[32m[2017-08-02 09:04:05.655] [INFO] console - [39mtransportMode
[32m[2017-08-02 09:04:05.655] [INFO] console - [39mconsignmentWeightconsignmentWeight
[32m[2017-08-02 09:04:05.655] [INFO] console - [39mconsignmentvalueconsignmentValue
[32m[2017-08-02 09:04:05.655] [INFO] console - [39mcontractTypecontractType
[32m[2017-08-02 09:14:56.381] [INFO] console - [39mtransportMode
[32m[2017-08-02 09:14:56.382] [INFO] console - [39mconsignmentWeightconsignmentWeight
[32m[2017-08-02 09:14:56.383] [INFO] console - [39mconsignmentvalueconsignmentValue
[32m[2017-08-02 09:14:56.384] [INFO] console - [39mcontractTypecontractType
[32m[2017-08-02 09:16:06.747] [INFO] console - [39mtransportMode
[32m[2017-08-02 09:16:06.747] [INFO] console - [39mconsignmentWeight100
[32m[2017-08-02 09:16:06.748] [INFO] console - [39mconsignmentvalue1
[32m[2017-08-02 09:16:06.748] [INFO] console - [39mcontractTypecontractType
[32m[2017-08-02 09:20:06.057] [INFO] BlockchainSampleClient - [39m
[32m[2017-08-02 09:20:06.058] [INFO] BlockchainSampleClient - [39m-----------------------------------------------------------------------------
[32m[2017-08-02 09:20:06.058] [INFO] BlockchainSampleClient - [39m>>> BlockchainSampleClient env local, started Wed Aug 02 2017 09:20:06 GMT+0530 (IST) <<<
[32m[2017-08-02 09:20:06.058] [INFO] BlockchainSampleClient - [39m-----------------------------------------------------------------------------
[32m[2017-08-02 09:20:06.058] [INFO] BlockchainSampleClient - [39mNode started via(process.argv): /usr/bin/nodejs,/home/dhananjayp/marin-service/app.js
[32m[2017-08-02 09:20:06.058] [INFO] BlockchainSampleClient - [39mNode version: v6.11.1
[32m[2017-08-02 09:20:06.058] [INFO] BlockchainSampleClient - [39mNode and its dependency versions: {"http_parser":"2.7.0","node":"6.11.1","v8":"5.1.281.103","uv":"1.11.0","zlib":"1.2.11","ares":"1.10.1-DEV","icu":"56.1","modules":"48","openssl":"1.0.2k"}
[32m[2017-08-02 09:20:06.058] [INFO] BlockchainSampleClient - [39m
[32m[2017-08-02 09:20:06.059] [INFO] loggingHelper - [39mCreated logger for blockchain_sample_client.js at level ALL
[34m[2017-08-02 09:20:06.059] [TRACE] blockchain_sample_client.js - [39msetup : entry
[34m[2017-08-02 09:20:06.059] [TRACE] datastore.js - [39minit : entry 
[34m[2017-08-02 09:20:06.060] [TRACE] datastore.js - [39minit : params - {"name":"Cloudant NoSQL DB-vern","label":"cloudantNoSQLDB","plan":"Lite","credentials":{"username":"f6a4e131-a9e2-4b54-a324-abf6707f438e-bluemix","password":"08880be42336b9284ca179e537a1db36f506aefe22253c9542d0293d6b721d71","host":"f6a4e131-a9e2-4b54-a324-abf6707f438e-bluemix.cloudant.com","port":443,"url":"https://f6a4e131-a9e2-4b54-a324-abf6707f438e-bluemix:08880be42336b9284ca179e537a1db36f506aefe22253c9542d0293d6b721d71@f6a4e131-a9e2-4b54-a324-abf6707f438e-bluemix.cloudant.com"}} 
[34m[2017-08-02 09:20:06.065] [TRACE] blockchain_sample_client.js - [39mgetCloudantKeyValStore : entry 
[34m[2017-08-02 09:20:06.065] [TRACE] blockchain_sample_client.js - [39mgetCloudantKeyValStore : params - "devworks_app_master" 
[34m[2017-08-02 09:20:06.065] [TRACE] datastore.js - [39mgetDbInstance : entry 
[34m[2017-08-02 09:20:06.065] [TRACE] datastore.js - [39mgetDbInstance : params - "devworks_app_master" 
[32m[2017-08-02 09:20:07.284] [INFO] datastore.js - [39mgetDbInstance : devworks_app_master already exists. - undefined
[34m[2017-08-02 09:20:07.289] [TRACE] blockchain_network - [39msetupBlockchain : entry 
[34m[2017-08-02 09:20:07.289] [TRACE] blockchain_network - [39msetupBlockchain : params - [Circular] 
[34m[2017-08-02 09:20:07.290] [TRACE] blockchain_network - [39mchainInit : entry 
[34m[2017-08-02 09:20:07.290] [TRACE] blockchain_network - [39mchainInit : params - [Circular] 
[32m[2017-08-02 09:20:07.293] [INFO] blockchain_network - [39mchainInit : Chain Initialized - Chain {  peers: [],  securityEnabled: true,  members: {},  tcertBatchSize: 200,  devMode: false,  preFetchMode: true,  deployWaitTime: 100,  invokeWaitTime: 5,  name: 'sc_cc',  eventHub:    EventHub {     txCallback: [Function],     chaincodeRegistrants: HashTable {},     blockRegistrants: Set {},     txRegistrants: HashTable {},     ep: null,     connected: false },  keyValStore: CloudantKeyValStore { dbName: 'devworks_app_master', dbInstance: [Object] } }
[32m[2017-08-02 09:20:07.294] [INFO] blockchain_network - [39mloadNetworkConfiguration : Successfully loaded network configuration - undefined
[34m[2017-08-02 09:20:07.355] [TRACE] blockchain_network - [39mdoLogin : entry
[34m[2017-08-02 09:20:07.362] [TRACE] kv_store_model - [39mget : entry 
[34m[2017-08-02 09:20:07.362] [TRACE] kv_store_model - [39mget : params - {"id":"member.WebAppAdmin"} 
[32m[2017-08-02 09:20:07.659] [INFO] kv_store_model - [39mget : successfully fetched member file with id member.WebAppAdmin - undefined
[32m[2017-08-02 09:20:07.681] [INFO] blockchain_network - [39mdoLogin : Successfully logged in user on blockchain: WebAppAdmin - undefined
[32m[2017-08-02 09:20:07.681] [INFO] blockchain_network - [39mconfigureNetwork : Successfully enrolled registrar: WebAppAdmin - undefined
[32m[2017-08-02 09:20:07.682] [INFO] blockchain_network - [39msetupBlockchain : blockchain setup complete - undefined
[34m[2017-08-02 09:20:07.690] [TRACE] kv_store_model - [39mget : entry 
[34m[2017-08-02 09:20:07.690] [TRACE] kv_store_model - [39mget : params - {"id":"member.dhananjay.p"} 
[32m[2017-08-02 09:20:07.983] [INFO] kv_store_model - [39mget : successfully fetched member file with id member.dhananjay.p - undefined
[32m[2017-08-02 09:20:08.001] [INFO] blockchain_sdk - [39mregisterUser : Successfully registered user on blockchain: dhananjay.p - undefined
[34m[2017-08-02 09:20:08.003] [TRACE] blockchain_sdk - [39mdoLogin : entry
[32m[2017-08-02 09:20:08.008] [INFO] blockchain_sdk - [39mdoLogin : Successfully logged in user on blockchain: dhananjay.p - undefined
[32m[2017-08-02 09:20:08.009] [INFO] console - [39mserver is running on3000
[32m[2017-08-02 09:20:16.730] [INFO] console - [39mtransportMode
[32m[2017-08-02 09:20:16.731] [INFO] console - [39mconsignmentWeight100
[32m[2017-08-02 09:20:16.731] [INFO] console - [39mconsignmentvalue1
[32m[2017-08-02 09:20:16.731] [INFO] console - [39mcontractTypecontractType
[32m[2017-08-02 09:22:09.145] [INFO] BlockchainSampleClient - [39m
[32m[2017-08-02 09:22:09.146] [INFO] BlockchainSampleClient - [39m-----------------------------------------------------------------------------
[32m[2017-08-02 09:22:09.146] [INFO] BlockchainSampleClient - [39m>>> BlockchainSampleClient env local, started Wed Aug 02 2017 09:22:09 GMT+0530 (IST) <<<
[32m[2017-08-02 09:22:09.146] [INFO] BlockchainSampleClient - [39m-----------------------------------------------------------------------------
[32m[2017-08-02 09:22:09.146] [INFO] BlockchainSampleClient - [39mNode started via(process.argv): /usr/bin/nodejs,/home/dhananjayp/marin-service/app.js
[32m[2017-08-02 09:22:09.147] [INFO] BlockchainSampleClient - [39mNode version: v6.11.1
[32m[2017-08-02 09:22:09.147] [INFO] BlockchainSampleClient - [39mNode and its dependency versions: {"http_parser":"2.7.0","node":"6.11.1","v8":"5.1.281.103","uv":"1.11.0","zlib":"1.2.11","ares":"1.10.1-DEV","icu":"56.1","modules":"48","openssl":"1.0.2k"}
[32m[2017-08-02 09:22:09.147] [INFO] BlockchainSampleClient - [39m
[32m[2017-08-02 09:22:09.147] [INFO] loggingHelper - [39mCreated logger for blockchain_sample_client.js at level ALL
[34m[2017-08-02 09:22:09.148] [TRACE] blockchain_sample_client.js - [39msetup : entry
[34m[2017-08-02 09:22:09.148] [TRACE] datastore.js - [39minit : entry 
[34m[2017-08-02 09:22:09.148] [TRACE] datastore.js - [39minit : params - {"name":"Cloudant NoSQL DB-vern","label":"cloudantNoSQLDB","plan":"Lite","credentials":{"username":"f6a4e131-a9e2-4b54-a324-abf6707f438e-bluemix","password":"08880be42336b9284ca179e537a1db36f506aefe22253c9542d0293d6b721d71","host":"f6a4e131-a9e2-4b54-a324-abf6707f438e-bluemix.cloudant.com","port":443,"url":"https://f6a4e131-a9e2-4b54-a324-abf6707f438e-bluemix:08880be42336b9284ca179e537a1db36f506aefe22253c9542d0293d6b721d71@f6a4e131-a9e2-4b54-a324-abf6707f438e-bluemix.cloudant.com"}} 
[34m[2017-08-02 09:22:09.153] [TRACE] blockchain_sample_client.js - [39mgetCloudantKeyValStore : entry 
[34m[2017-08-02 09:22:09.153] [TRACE] blockchain_sample_client.js - [39mgetCloudantKeyValStore : params - "devworks_app_master" 
[34m[2017-08-02 09:22:09.153] [TRACE] datastore.js - [39mgetDbInstance : entry 
[34m[2017-08-02 09:22:09.153] [TRACE] datastore.js - [39mgetDbInstance : params - "devworks_app_master" 
[32m[2017-08-02 09:22:10.409] [INFO] datastore.js - [39mgetDbInstance : devworks_app_master already exists. - undefined
[34m[2017-08-02 09:22:10.419] [TRACE] blockchain_network - [39msetupBlockchain : entry 
[34m[2017-08-02 09:22:10.419] [TRACE] blockchain_network - [39msetupBlockchain : params - [Circular] 
[34m[2017-08-02 09:22:10.421] [TRACE] blockchain_network - [39mchainInit : entry 
[34m[2017-08-02 09:22:10.421] [TRACE] blockchain_network - [39mchainInit : params - [Circular] 
[32m[2017-08-02 09:22:10.428] [INFO] blockchain_network - [39mchainInit : Chain Initialized - Chain {  peers: [],  securityEnabled: true,  members: {},  tcertBatchSize: 200,  devMode: false,  preFetchMode: true,  deployWaitTime: 100,  invokeWaitTime: 5,  name: 'sc_cc',  eventHub:    EventHub {     txCallback: [Function],     chaincodeRegistrants: HashTable {},     blockRegistrants: Set {},     txRegistrants: HashTable {},     ep: null,     connected: false },  keyValStore: CloudantKeyValStore { dbName: 'devworks_app_master', dbInstance: [Object] } }
[32m[2017-08-02 09:22:10.430] [INFO] blockchain_network - [39mloadNetworkConfiguration : Successfully loaded network configuration - undefined
[34m[2017-08-02 09:22:10.493] [TRACE] blockchain_network - [39mdoLogin : entry
[34m[2017-08-02 09:22:10.500] [TRACE] kv_store_model - [39mget : entry 
[34m[2017-08-02 09:22:10.500] [TRACE] kv_store_model - [39mget : params - {"id":"member.WebAppAdmin"} 
[32m[2017-08-02 09:22:10.808] [INFO] kv_store_model - [39mget : successfully fetched member file with id member.WebAppAdmin - undefined
[32m[2017-08-02 09:22:10.831] [INFO] blockchain_network - [39mdoLogin : Successfully logged in user on blockchain: WebAppAdmin - undefined
[32m[2017-08-02 09:22:10.832] [INFO] blockchain_network - [39mconfigureNetwork : Successfully enrolled registrar: WebAppAdmin - undefined
[32m[2017-08-02 09:22:10.832] [INFO] blockchain_network - [39msetupBlockchain : blockchain setup complete - undefined
[34m[2017-08-02 09:22:10.837] [TRACE] kv_store_model - [39mget : entry 
[34m[2017-08-02 09:22:10.837] [TRACE] kv_store_model - [39mget : params - {"id":"member.dhananjay.p"} 
[32m[2017-08-02 09:22:11.147] [INFO] kv_store_model - [39mget : successfully fetched member file with id member.dhananjay.p - undefined
[32m[2017-08-02 09:22:11.153] [INFO] blockchain_sdk - [39mregisterUser : Successfully registered user on blockchain: dhananjay.p - undefined
[34m[2017-08-02 09:22:11.153] [TRACE] blockchain_sdk - [39mdoLogin : entry
[32m[2017-08-02 09:22:11.154] [INFO] blockchain_sdk - [39mdoLogin : Successfully logged in user on blockchain: dhananjay.p - undefined
[32m[2017-08-02 09:22:11.155] [INFO] console - [39mserver is running on3000
[32m[2017-08-02 09:22:16.794] [INFO] console - [39mtransportMode
[32m[2017-08-02 09:22:16.794] [INFO] console - [39mconsignmentWeight100
[32m[2017-08-02 09:22:16.794] [INFO] console - [39mconsignmentvalue1
[32m[2017-08-02 09:22:16.794] [INFO] console - [39mcontractTypecontractType
