[32m[2017-07-29 00:39:29.284] [INFO] BlockchainSampleClient - [39m
[32m[2017-07-29 00:39:29.288] [INFO] BlockchainSampleClient - [39m-----------------------------------------------------------------------------
[32m[2017-07-29 00:39:29.289] [INFO] BlockchainSampleClient - [39m>>> BlockchainSampleClient env local, started Sat Jul 29 2017 00:39:29 GMT+0530 (IST) <<<
[32m[2017-07-29 00:39:29.290] [INFO] BlockchainSampleClient - [39m-----------------------------------------------------------------------------
[32m[2017-07-29 00:39:29.290] [INFO] BlockchainSampleClient - [39mNode started via(process.argv): /home/vikramv/.nvm/versions/node/v6.10.3/bin/node,/home/vikramv/workspace/NodeJSWorkspace/marin-service/app.js
[32m[2017-07-29 00:39:29.291] [INFO] BlockchainSampleClient - [39mNode version: v6.10.3
[32m[2017-07-29 00:39:29.291] [INFO] BlockchainSampleClient - [39mNode and its dependency versions: {"http_parser":"2.7.0","node":"6.10.3","v8":"5.1.281.101","uv":"1.9.1","zlib":"1.2.11","ares":"1.10.1-DEV","icu":"58.2","modules":"48","openssl":"1.0.2k"}
[32m[2017-07-29 00:39:29.291] [INFO] BlockchainSampleClient - [39m
[32m[2017-07-29 00:39:29.291] [INFO] loggingHelper - [39mCreated logger for blockchain_sample_client.js at level ALL
[34m[2017-07-29 00:39:29.292] [TRACE] blockchain_sample_client.js - [39msetup : entry
[34m[2017-07-29 00:39:29.292] [TRACE] datastore.js - [39minit : entry 
[34m[2017-07-29 00:39:29.293] [TRACE] datastore.js - [39minit : params - {"name":"Cloudant NoSQL DB-vern","label":"cloudantNoSQLDB","plan":"Lite","credentials":{"username":"f6a4e131-a9e2-4b54-a324-abf6707f438e-bluemix","password":"08880be42336b9284ca179e537a1db36f506aefe22253c9542d0293d6b721d71","host":"f6a4e131-a9e2-4b54-a324-abf6707f438e-bluemix.cloudant.com","port":443,"url":"https://f6a4e131-a9e2-4b54-a324-abf6707f438e-bluemix:08880be42336b9284ca179e537a1db36f506aefe22253c9542d0293d6b721d71@f6a4e131-a9e2-4b54-a324-abf6707f438e-bluemix.cloudant.com"}} 
[34m[2017-07-29 00:39:29.300] [TRACE] blockchain_sample_client.js - [39mgetCloudantKeyValStore : entry 
[34m[2017-07-29 00:39:29.300] [TRACE] blockchain_sample_client.js - [39mgetCloudantKeyValStore : params - "devworks_app_master" 
[34m[2017-07-29 00:39:29.300] [TRACE] datastore.js - [39mgetDbInstance : entry 
[34m[2017-07-29 00:39:29.300] [TRACE] datastore.js - [39mgetDbInstance : params - "devworks_app_master" 
[32m[2017-07-29 00:39:30.633] [INFO] datastore.js - [39mgetDbInstance : devworks_app_master already exists. - undefined
[34m[2017-07-29 00:39:30.692] [TRACE] blockchain_network - [39msetupBlockchain : entry 
[34m[2017-07-29 00:39:30.693] [TRACE] blockchain_network - [39msetupBlockchain : params - [Circular] 
[34m[2017-07-29 00:39:30.695] [TRACE] blockchain_network - [39mchainInit : entry 
[34m[2017-07-29 00:39:30.695] [TRACE] blockchain_network - [39mchainInit : params - [Circular] 
[32m[2017-07-29 00:39:30.699] [INFO] blockchain_network - [39mchainInit : Chain Initialized - Chain {  peers: [],  securityEnabled: true,  members: {},  tcertBatchSize: 200,  devMode: false,  preFetchMode: true,  deployWaitTime: 100,  invokeWaitTime: 5,  name: 'sc_cc',  eventHub:    EventHub {     txCallback: [Function],     chaincodeRegistrants: HashTable {},     blockRegistrants: Set {},     txRegistrants: HashTable {},     ep: null,     connected: false },  keyValStore: CloudantKeyValStore { dbName: 'devworks_app_master', dbInstance: [Object] } }
[32m[2017-07-29 00:39:30.700] [INFO] blockchain_network - [39mloadNetworkConfiguration : Successfully loaded network configuration - undefined
[34m[2017-07-29 00:39:31.078] [TRACE] blockchain_network - [39mdoLogin : entry
[34m[2017-07-29 00:39:31.097] [TRACE] kv_store_model - [39mget : entry 
[34m[2017-07-29 00:39:31.097] [TRACE] kv_store_model - [39mget : params - {"id":"member.WebAppAdmin"} 
[32m[2017-07-29 00:39:31.417] [INFO] kv_store_model - [39mget : successfully fetched member file with id member.WebAppAdmin - undefined
[32m[2017-07-29 00:39:31.428] [INFO] blockchain_network - [39mdoLogin : Successfully logged in user on blockchain: WebAppAdmin - undefined
[32m[2017-07-29 00:39:31.429] [INFO] blockchain_network - [39mconfigureNetwork : Successfully enrolled registrar: WebAppAdmin - undefined
[32m[2017-07-29 00:39:31.429] [INFO] blockchain_network - [39msetupBlockchain : blockchain setup complete - undefined
[34m[2017-07-29 00:39:31.435] [TRACE] kv_store_model - [39mget : entry 
[34m[2017-07-29 00:39:31.436] [TRACE] kv_store_model - [39mget : params - {"id":"member.dhananjay.p"} 
[32m[2017-07-29 00:39:31.837] [INFO] kv_store_model - [39mget : successfully fetched member file with id member.dhananjay.p - undefined
[32m[2017-07-29 00:39:31.843] [INFO] blockchain_sdk - [39mregisterUser : Successfully registered user on blockchain: dhananjay.p - undefined
[34m[2017-07-29 00:39:31.844] [TRACE] blockchain_sdk - [39mdoLogin : entry
[32m[2017-07-29 00:39:31.847] [INFO] blockchain_sdk - [39mdoLogin : Successfully logged in user on blockchain: dhananjay.p - undefined
[32m[2017-07-29 00:39:31.848] [INFO] console - [39mserver is running on3000
[32m[2017-07-29 10:12:31.390] [INFO] BlockchainSampleClient - [39m
[32m[2017-07-29 10:12:31.392] [INFO] BlockchainSampleClient - [39m-----------------------------------------------------------------------------
[32m[2017-07-29 10:12:31.392] [INFO] BlockchainSampleClient - [39m>>> BlockchainSampleClient env local, started Sat Jul 29 2017 10:12:31 GMT+0530 (IST) <<<
[32m[2017-07-29 10:12:31.392] [INFO] BlockchainSampleClient - [39m-----------------------------------------------------------------------------
[32m[2017-07-29 10:12:31.392] [INFO] BlockchainSampleClient - [39mNode started via(process.argv): /home/vikramv/.nvm/versions/node/v6.10.3/bin/node,/home/vikramv/workspace/NodeJSWorkspace/marin-service/app.js
[32m[2017-07-29 10:12:31.392] [INFO] BlockchainSampleClient - [39mNode version: v6.10.3
[32m[2017-07-29 10:12:31.393] [INFO] BlockchainSampleClient - [39mNode and its dependency versions: {"http_parser":"2.7.0","node":"6.10.3","v8":"5.1.281.101","uv":"1.9.1","zlib":"1.2.11","ares":"1.10.1-DEV","icu":"58.2","modules":"48","openssl":"1.0.2k"}
[32m[2017-07-29 10:12:31.393] [INFO] BlockchainSampleClient - [39m
[32m[2017-07-29 10:12:31.393] [INFO] loggingHelper - [39mCreated logger for blockchain_sample_client.js at level ALL
[34m[2017-07-29 10:12:31.393] [TRACE] blockchain_sample_client.js - [39msetup : entry
[34m[2017-07-29 10:12:31.394] [TRACE] datastore.js - [39minit : entry 
[34m[2017-07-29 10:12:31.394] [TRACE] datastore.js - [39minit : params - {"name":"Cloudant NoSQL DB-vern","label":"cloudantNoSQLDB","plan":"Lite","credentials":{"username":"f6a4e131-a9e2-4b54-a324-abf6707f438e-bluemix","password":"08880be42336b9284ca179e537a1db36f506aefe22253c9542d0293d6b721d71","host":"f6a4e131-a9e2-4b54-a324-abf6707f438e-bluemix.cloudant.com","port":443,"url":"https://f6a4e131-a9e2-4b54-a324-abf6707f438e-bluemix:08880be42336b9284ca179e537a1db36f506aefe22253c9542d0293d6b721d71@f6a4e131-a9e2-4b54-a324-abf6707f438e-bluemix.cloudant.com"}} 
[34m[2017-07-29 10:12:31.400] [TRACE] blockchain_sample_client.js - [39mgetCloudantKeyValStore : entry 
[34m[2017-07-29 10:12:31.400] [TRACE] blockchain_sample_client.js - [39mgetCloudantKeyValStore : params - "devworks_app_master" 
[34m[2017-07-29 10:12:31.400] [TRACE] datastore.js - [39mgetDbInstance : entry 
[34m[2017-07-29 10:12:31.401] [TRACE] datastore.js - [39mgetDbInstance : params - "devworks_app_master" 
[32m[2017-07-29 10:12:32.975] [INFO] datastore.js - [39mgetDbInstance : devworks_app_master already exists. - undefined
[34m[2017-07-29 10:12:32.988] [TRACE] blockchain_network - [39msetupBlockchain : entry 
[34m[2017-07-29 10:12:32.988] [TRACE] blockchain_network - [39msetupBlockchain : params - [Circular] 
[34m[2017-07-29 10:12:32.989] [TRACE] blockchain_network - [39mchainInit : entry 
[34m[2017-07-29 10:12:32.989] [TRACE] blockchain_network - [39mchainInit : params - [Circular] 
[32m[2017-07-29 10:12:32.994] [INFO] blockchain_network - [39mchainInit : Chain Initialized - Chain {  peers: [],  securityEnabled: true,  members: {},  tcertBatchSize: 200,  devMode: false,  preFetchMode: true,  deployWaitTime: 100,  invokeWaitTime: 5,  name: 'sc_cc',  eventHub:    EventHub {     txCallback: [Function],     chaincodeRegistrants: HashTable {},     blockRegistrants: Set {},     txRegistrants: HashTable {},     ep: null,     connected: false },  keyValStore: CloudantKeyValStore { dbName: 'devworks_app_master', dbInstance: [Object] } }
[32m[2017-07-29 10:12:32.996] [INFO] blockchain_network - [39mloadNetworkConfiguration : Successfully loaded network configuration - undefined
[34m[2017-07-29 10:12:33.210] [TRACE] blockchain_network - [39mdoLogin : entry
[34m[2017-07-29 10:12:33.222] [TRACE] kv_store_model - [39mget : entry 
[34m[2017-07-29 10:12:33.222] [TRACE] kv_store_model - [39mget : params - {"id":"member.WebAppAdmin"} 
[32m[2017-07-29 10:12:33.587] [INFO] kv_store_model - [39mget : successfully fetched member file with id member.WebAppAdmin - undefined
[32m[2017-07-29 10:12:33.601] [INFO] blockchain_network - [39mdoLogin : Successfully logged in user on blockchain: WebAppAdmin - undefined
[32m[2017-07-29 10:12:33.602] [INFO] blockchain_network - [39mconfigureNetwork : Successfully enrolled registrar: WebAppAdmin - undefined
[32m[2017-07-29 10:12:33.602] [INFO] blockchain_network - [39msetupBlockchain : blockchain setup complete - undefined
[34m[2017-07-29 10:12:33.604] [TRACE] kv_store_model - [39mget : entry 
[34m[2017-07-29 10:12:33.605] [TRACE] kv_store_model - [39mget : params - {"id":"member.dhananjay.p"} 
[32m[2017-07-29 10:12:33.994] [INFO] kv_store_model - [39mget : successfully fetched member file with id member.dhananjay.p - undefined
[32m[2017-07-29 10:12:34.007] [INFO] blockchain_sdk - [39mregisterUser : Successfully registered user on blockchain: dhananjay.p - undefined
[34m[2017-07-29 10:12:34.008] [TRACE] blockchain_sdk - [39mdoLogin : entry
[32m[2017-07-29 10:12:34.012] [INFO] blockchain_sdk - [39mdoLogin : Successfully logged in user on blockchain: dhananjay.p - undefined
[32m[2017-07-29 10:12:34.012] [INFO] console - [39mserver is running on3000
[32m[2017-07-29 10:15:16.702] [INFO] BlockchainSampleClient - [39m
[32m[2017-07-29 10:15:16.704] [INFO] BlockchainSampleClient - [39m-----------------------------------------------------------------------------
[32m[2017-07-29 10:15:16.704] [INFO] BlockchainSampleClient - [39m>>> BlockchainSampleClient env local, started Sat Jul 29 2017 10:15:16 GMT+0530 (IST) <<<
[32m[2017-07-29 10:15:16.704] [INFO] BlockchainSampleClient - [39m-----------------------------------------------------------------------------
[32m[2017-07-29 10:15:16.705] [INFO] BlockchainSampleClient - [39mNode started via(process.argv): /home/vikramv/.nvm/versions/node/v6.10.3/bin/node,/home/vikramv/workspace/NodeJSWorkspace/marin-service/app.js
[32m[2017-07-29 10:15:16.705] [INFO] BlockchainSampleClient - [39mNode version: v6.10.3
[32m[2017-07-29 10:15:16.705] [INFO] BlockchainSampleClient - [39mNode and its dependency versions: {"http_parser":"2.7.0","node":"6.10.3","v8":"5.1.281.101","uv":"1.9.1","zlib":"1.2.11","ares":"1.10.1-DEV","icu":"58.2","modules":"48","openssl":"1.0.2k"}
[32m[2017-07-29 10:15:16.705] [INFO] BlockchainSampleClient - [39m
[32m[2017-07-29 10:15:16.705] [INFO] loggingHelper - [39mCreated logger for blockchain_sample_client.js at level ALL
[34m[2017-07-29 10:15:16.706] [TRACE] blockchain_sample_client.js - [39msetup : entry
[34m[2017-07-29 10:15:16.706] [TRACE] datastore.js - [39minit : entry 
[34m[2017-07-29 10:15:16.707] [TRACE] datastore.js - [39minit : params - {"name":"Cloudant NoSQL DB-vern","label":"cloudantNoSQLDB","plan":"Lite","credentials":{"username":"f6a4e131-a9e2-4b54-a324-abf6707f438e-bluemix","password":"08880be42336b9284ca179e537a1db36f506aefe22253c9542d0293d6b721d71","host":"f6a4e131-a9e2-4b54-a324-abf6707f438e-bluemix.cloudant.com","port":443,"url":"https://f6a4e131-a9e2-4b54-a324-abf6707f438e-bluemix:08880be42336b9284ca179e537a1db36f506aefe22253c9542d0293d6b721d71@f6a4e131-a9e2-4b54-a324-abf6707f438e-bluemix.cloudant.com"}} 
[34m[2017-07-29 10:15:16.712] [TRACE] blockchain_sample_client.js - [39mgetCloudantKeyValStore : entry 
[34m[2017-07-29 10:15:16.712] [TRACE] blockchain_sample_client.js - [39mgetCloudantKeyValStore : params - "devworks_app_master" 
[34m[2017-07-29 10:15:16.712] [TRACE] datastore.js - [39mgetDbInstance : entry 
[34m[2017-07-29 10:15:16.712] [TRACE] datastore.js - [39mgetDbInstance : params - "devworks_app_master" 
[32m[2017-07-29 10:15:18.156] [INFO] datastore.js - [39mgetDbInstance : devworks_app_master already exists. - undefined
[34m[2017-07-29 10:15:18.172] [TRACE] blockchain_network - [39msetupBlockchain : entry 
[34m[2017-07-29 10:15:18.172] [TRACE] blockchain_network - [39msetupBlockchain : params - [Circular] 
[34m[2017-07-29 10:15:18.173] [TRACE] blockchain_network - [39mchainInit : entry 
[34m[2017-07-29 10:15:18.174] [TRACE] blockchain_network - [39mchainInit : params - [Circular] 
[32m[2017-07-29 10:15:18.180] [INFO] blockchain_network - [39mchainInit : Chain Initialized - Chain {  peers: [],  securityEnabled: true,  members: {},  tcertBatchSize: 200,  devMode: false,  preFetchMode: true,  deployWaitTime: 100,  invokeWaitTime: 5,  name: 'sc_cc',  eventHub:    EventHub {     txCallback: [Function],     chaincodeRegistrants: HashTable {},     blockRegistrants: Set {},     txRegistrants: HashTable {},     ep: null,     connected: false },  keyValStore: CloudantKeyValStore { dbName: 'devworks_app_master', dbInstance: [Object] } }
[32m[2017-07-29 10:15:18.182] [INFO] blockchain_network - [39mloadNetworkConfiguration : Successfully loaded network configuration - undefined
[34m[2017-07-29 10:15:18.300] [TRACE] blockchain_network - [39mdoLogin : entry
[34m[2017-07-29 10:15:18.313] [TRACE] kv_store_model - [39mget : entry 
[34m[2017-07-29 10:15:18.313] [TRACE] kv_store_model - [39mget : params - {"id":"member.WebAppAdmin"} 
[32m[2017-07-29 10:15:18.671] [INFO] kv_store_model - [39mget : successfully fetched member file with id member.WebAppAdmin - undefined
[32m[2017-07-29 10:15:18.694] [INFO] blockchain_network - [39mdoLogin : Successfully logged in user on blockchain: WebAppAdmin - undefined
[32m[2017-07-29 10:15:18.696] [INFO] blockchain_network - [39mconfigureNetwork : Successfully enrolled registrar: WebAppAdmin - undefined
[32m[2017-07-29 10:15:18.698] [INFO] blockchain_network - [39msetupBlockchain : blockchain setup complete - undefined
[34m[2017-07-29 10:15:18.711] [TRACE] kv_store_model - [39mget : entry 
[34m[2017-07-29 10:15:18.712] [TRACE] kv_store_model - [39mget : params - {"id":"member.dhananjay.p"} 
[32m[2017-07-29 10:15:19.067] [INFO] kv_store_model - [39mget : successfully fetched member file with id member.dhananjay.p - undefined
[32m[2017-07-29 10:15:19.093] [INFO] blockchain_sdk - [39mregisterUser : Successfully registered user on blockchain: dhananjay.p - undefined
[34m[2017-07-29 10:15:19.096] [TRACE] blockchain_sdk - [39mdoLogin : entry
[32m[2017-07-29 10:15:19.101] [INFO] blockchain_sdk - [39mdoLogin : Successfully logged in user on blockchain: dhananjay.p - undefined
[32m[2017-07-29 10:15:19.102] [INFO] console - [39mserver is running on3000
[31m[2017-07-29 10:19:28.445] [ERROR] console - [39mSyntaxError: Unexpected string in JSON at position 84
    at Object.parse (native)
    at parse (/home/vikramv/workspace/NodeJSWorkspace/marin-service/node_modules/body-parser/lib/types/json.js:88:17)
    at /home/vikramv/workspace/NodeJSWorkspace/marin-service/node_modules/body-parser/lib/read.js:116:18
    at invokeCallback (/home/vikramv/workspace/NodeJSWorkspace/marin-service/node_modules/raw-body/index.js:262:16)
    at done (/home/vikramv/workspace/NodeJSWorkspace/marin-service/node_modules/raw-body/index.js:251:7)
    at IncomingMessage.onEnd (/home/vikramv/workspace/NodeJSWorkspace/marin-service/node_modules/raw-body/index.js:307:7)
    at emitNone (events.js:86:13)
    at IncomingMessage.emit (events.js:185:7)
    at endReadableNT (_stream_readable.js:974:12)
    at _combinedTickCallback (internal/process/next_tick.js:80:11)
    at process._tickDomainCallback (internal/process/next_tick.js:128:9)
[32m[2017-07-29 10:20:32.591] [INFO] console - [39mvikram.viswanathan@rapidqube.com
[32m[2017-07-29 10:20:32.592] [INFO] console - [39m1234
[32m[2017-07-29 10:20:32.593] [INFO] console - [39mDirect Client
[32m[2017-07-29 10:20:33.186] [INFO] console - [39m192.168.0.16:3000
[32m[2017-07-29 10:20:33.222] [INFO] console - [39mresults: vikram.viswanathan@rapidqube.com
[32m[2017-07-29 10:20:33.223] [INFO] console - [39mresults:919768135452
[32m[2017-07-29 10:20:34.002] [INFO] console - [39m{ 'message-count': '1',
  messages: 
   [ { to: '919768135452',
       'message-id': '0D000000474C35C7',
       status: '0',
       'remaining-balance': '1.19200000',
       'message-price': '0.00800000',
       network: '405805' } ] }
[32m[2017-07-29 10:20:38.448] [INFO] console - [39mMessage sent: 6bfe0aaca6995b8810c38257c41f29@vikramv-thinkpad-x240
[32m[2017-07-29 10:24:07.988] [INFO] console - [39mvikram.viswanathan@rapidqube.com
[32m[2017-07-29 10:24:07.988] [INFO] console - [39m1234
[32m[2017-07-29 10:24:07.988] [INFO] console - [39mMarine Aggregator
[32m[2017-07-29 10:24:08.099] [INFO] console - [39m192.168.0.16:3000
[32m[2017-07-29 10:24:08.102] [INFO] console - [39mresults: vikram.viswanathan@rapidqube.com
[32m[2017-07-29 10:24:08.104] [INFO] console - [39mresults:919768135452
[32m[2017-07-29 10:24:08.768] [INFO] console - [39m{ 'message-count': '1',
  messages: 
   [ { to: '919768135452',
       'message-id': '0C0000004C6CD509',
       status: '0',
       'remaining-balance': '1.18400000',
       'message-price': '0.00800000',
       network: '405805' } ] }
[32m[2017-07-29 10:24:10.393] [INFO] console - [39mMessage sent: 9bb0a3daa5b0a2e329d0d6812958e2@vikramv-thinkpad-x240
[32m[2017-07-29 10:24:29.838] [INFO] console - [39m2529
[32m[2017-07-29 10:24:29.866] [INFO] console - [39m[]
[32m[2017-07-29 10:24:52.304] [INFO] console - [39m2529
[32m[2017-07-29 10:24:52.306] [INFO] console - [39m[]
[32m[2017-07-29 10:26:15.637] [INFO] console - [39m2529
[32m[2017-07-29 10:26:15.644] [INFO] console - [39m[]
[32m[2017-07-29 10:28:49.168] [INFO] console - [39mURL: dmlrcmFtLnZpc3dhbmF0aGFuQHJhcGlkcXViZS5jb20=
[32m[2017-07-29 10:30:49.324] [INFO] console - [39mURL: dmlrcmFtLnZpc3dhbmF0aGFuQHJhcGlkcXViZS5jb20=
[32m[2017-07-29 10:34:42.823] [INFO] console - [39mvikram.viswanathan@rapidqube.com
[32m[2017-07-29 10:34:42.939] [INFO] console - [39m12345
[32m[2017-07-29 10:34:43.009] [INFO] console - [39mMarine Aggregator
[32m[2017-07-29 10:34:43.736] [INFO] console - [39m192.168.0.16:3000
[32m[2017-07-29 10:34:43.925] [INFO] console - [39mresults: vikram.viswanathan@rapidqube.com
[32m[2017-07-29 10:34:43.926] [INFO] console - [39mresults:919768135452
[32m[2017-07-29 10:34:45.366] [INFO] console - [39m{ 'message-count': '1',
  messages: 
   [ { to: '919768135452',
       'message-id': '0D000000474CA6DA',
       status: '0',
       'remaining-balance': '1.17600000',
       'message-price': '0.00800000',
       network: '405805' } ] }
[32m[2017-07-29 10:34:49.520] [INFO] console - [39mMessage sent: aea11886d894f03bfa99b2c02df766@vikramv-thinkpad-x240
[32m[2017-07-29 10:35:16.615] [INFO] console - [39m5438
[32m[2017-07-29 10:35:16.647] [INFO] console - [39m[ RowDataPacket {
    uid: 3,
    otp: '5438',
    encodedMail: 'dmlrcmFtLnZpc3dhbmF0aGFuQHJhcGlkcXViZS5jb20=' } ]
[32m[2017-07-29 10:35:16.650] [INFO] console - [39m5438
[32m[2017-07-29 10:35:16.652] [INFO] console - [39m3
[32m[2017-07-29 12:41:46.820] [INFO] BlockchainSampleClient - [39m
[32m[2017-07-29 12:41:46.822] [INFO] BlockchainSampleClient - [39m-----------------------------------------------------------------------------
[32m[2017-07-29 12:41:46.822] [INFO] BlockchainSampleClient - [39m>>> BlockchainSampleClient env local, started Sat Jul 29 2017 12:41:46 GMT+0530 (IST) <<<
[32m[2017-07-29 12:41:46.822] [INFO] BlockchainSampleClient - [39m-----------------------------------------------------------------------------
[32m[2017-07-29 12:41:46.822] [INFO] BlockchainSampleClient - [39mNode started via(process.argv): /home/vikramv/.nvm/versions/node/v6.10.3/bin/node,/home/vikramv/workspace/NodeJSWorkspace/marin-service/app.js
[32m[2017-07-29 12:41:46.822] [INFO] BlockchainSampleClient - [39mNode version: v6.10.3
[32m[2017-07-29 12:41:46.823] [INFO] BlockchainSampleClient - [39mNode and its dependency versions: {"http_parser":"2.7.0","node":"6.10.3","v8":"5.1.281.101","uv":"1.9.1","zlib":"1.2.11","ares":"1.10.1-DEV","icu":"58.2","modules":"48","openssl":"1.0.2k"}
[32m[2017-07-29 12:41:46.823] [INFO] BlockchainSampleClient - [39m
[32m[2017-07-29 12:41:46.823] [INFO] loggingHelper - [39mCreated logger for blockchain_sample_client.js at level ALL
[34m[2017-07-29 12:41:46.824] [TRACE] blockchain_sample_client.js - [39msetup : entry
[34m[2017-07-29 12:41:46.824] [TRACE] datastore.js - [39minit : entry 
[34m[2017-07-29 12:41:46.825] [TRACE] datastore.js - [39minit : params - {"name":"Cloudant NoSQL DB-vern","label":"cloudantNoSQLDB","plan":"Lite","credentials":{"username":"f6a4e131-a9e2-4b54-a324-abf6707f438e-bluemix","password":"08880be42336b9284ca179e537a1db36f506aefe22253c9542d0293d6b721d71","host":"f6a4e131-a9e2-4b54-a324-abf6707f438e-bluemix.cloudant.com","port":443,"url":"https://f6a4e131-a9e2-4b54-a324-abf6707f438e-bluemix:08880be42336b9284ca179e537a1db36f506aefe22253c9542d0293d6b721d71@f6a4e131-a9e2-4b54-a324-abf6707f438e-bluemix.cloudant.com"}} 
[34m[2017-07-29 12:41:46.832] [TRACE] blockchain_sample_client.js - [39mgetCloudantKeyValStore : entry 
[34m[2017-07-29 12:41:46.832] [TRACE] blockchain_sample_client.js - [39mgetCloudantKeyValStore : params - "devworks_app_master" 
[34m[2017-07-29 12:41:46.833] [TRACE] datastore.js - [39mgetDbInstance : entry 
[34m[2017-07-29 12:41:46.833] [TRACE] datastore.js - [39mgetDbInstance : params - "devworks_app_master" 
[32m[2017-07-29 12:41:48.124] [INFO] datastore.js - [39mgetDbInstance : devworks_app_master already exists. - undefined
[34m[2017-07-29 12:41:48.136] [TRACE] blockchain_network - [39msetupBlockchain : entry 
[34m[2017-07-29 12:41:48.136] [TRACE] blockchain_network - [39msetupBlockchain : params - [Circular] 
[34m[2017-07-29 12:41:48.138] [TRACE] blockchain_network - [39mchainInit : entry 
[34m[2017-07-29 12:41:48.139] [TRACE] blockchain_network - [39mchainInit : params - [Circular] 
[32m[2017-07-29 12:41:48.143] [INFO] blockchain_network - [39mchainInit : Chain Initialized - Chain {  peers: [],  securityEnabled: true,  members: {},  tcertBatchSize: 200,  devMode: false,  preFetchMode: true,  deployWaitTime: 100,  invokeWaitTime: 5,  name: 'sc_cc',  eventHub:    EventHub {     txCallback: [Function],     chaincodeRegistrants: HashTable {},     blockRegistrants: Set {},     txRegistrants: HashTable {},     ep: null,     connected: false },  keyValStore: CloudantKeyValStore { dbName: 'devworks_app_master', dbInstance: [Object] } }
[32m[2017-07-29 12:41:48.144] [INFO] blockchain_network - [39mloadNetworkConfiguration : Successfully loaded network configuration - undefined
[34m[2017-07-29 12:41:48.277] [TRACE] blockchain_network - [39mdoLogin : entry
[34m[2017-07-29 12:41:48.288] [TRACE] kv_store_model - [39mget : entry 
[34m[2017-07-29 12:41:48.288] [TRACE] kv_store_model - [39mget : params - {"id":"member.WebAppAdmin"} 
[32m[2017-07-29 12:41:48.571] [INFO] kv_store_model - [39mget : successfully fetched member file with id member.WebAppAdmin - undefined
[32m[2017-07-29 12:41:48.582] [INFO] blockchain_network - [39mdoLogin : Successfully logged in user on blockchain: WebAppAdmin - undefined
[32m[2017-07-29 12:41:48.583] [INFO] blockchain_network - [39mconfigureNetwork : Successfully enrolled registrar: WebAppAdmin - undefined
[32m[2017-07-29 12:41:48.583] [INFO] blockchain_network - [39msetupBlockchain : blockchain setup complete - undefined
[34m[2017-07-29 12:41:48.587] [TRACE] kv_store_model - [39mget : entry 
[34m[2017-07-29 12:41:48.587] [TRACE] kv_store_model - [39mget : params - {"id":"member.dhananjay.p"} 
[32m[2017-07-29 12:41:48.929] [INFO] kv_store_model - [39mget : successfully fetched member file with id member.dhananjay.p - undefined
[32m[2017-07-29 12:41:48.941] [INFO] blockchain_sdk - [39mregisterUser : Successfully registered user on blockchain: dhananjay.p - undefined
[34m[2017-07-29 12:41:48.942] [TRACE] blockchain_sdk - [39mdoLogin : entry
[32m[2017-07-29 12:41:48.946] [INFO] blockchain_sdk - [39mdoLogin : Successfully logged in user on blockchain: dhananjay.p - undefined
[32m[2017-07-29 12:41:48.947] [INFO] console - [39mserver is running on3000
[32m[2017-07-29 12:41:50.432] [INFO] console - [39mconsignmentWeight20000
[32m[2017-07-29 12:41:50.433] [INFO] console - [39mconsignmentvalue20000
[32m[2017-07-29 12:41:50.433] [INFO] console - [39mtransportModeAir,Sea,Road,Rail
[32m[2017-07-29 12:41:50.433] [INFO] console - [39mcontractTypecipPolicy
[32m[2017-07-29 12:41:50.470] [INFO] console - [39m[ { uid: 3,
    fname: 'Vikram',
    lname: 'Viswanathan',
    phone: 919768135452,
    email: 'vikram.viswanathan@rapidqube.com',
    usertype: 'Marine Aggregator',
    password: '12345',
    status: 'Active' } ]
[32m[2017-07-29 15:42:55.253] [INFO] console - [39mToken: 
[32m[2017-07-29 17:57:35.177] [INFO] console - [39m{ email: 'vikram.viswanathan@rapidqube.com', password: '12345' }
[32m[2017-07-29 17:57:35.806] [INFO] console - [39mqdCVkicphP
[32m[2017-07-29 18:19:10.694] [INFO] console - [39mconsignmentWeight10
[32m[2017-07-29 18:19:10.761] [INFO] console - [39mconsignmentvalue1000
[32m[2017-07-29 18:19:10.762] [INFO] console - [39mtransportModeFOB
[32m[2017-07-29 18:19:10.843] [INFO] console - [39mcontractTypeundefined
[32m[2017-07-29 18:19:12.573] [INFO] console - [39m[ { uid: 3,
    fname: 'Vikram',
    lname: 'Viswanathan',
    phone: 919768135452,
    email: 'vikram.viswanathan@rapidqube.com',
    usertype: 'Marine Aggregator',
    password: '12345',
    status: 'Active' } ]
[32m[2017-07-29 18:25:17.404] [INFO] console - [39mconsignmentWeight20000
[32m[2017-07-29 18:25:17.405] [INFO] console - [39mconsignmentvalue20000
[32m[2017-07-29 18:25:17.405] [INFO] console - [39mtransportModeAir,Sea,Road,Rail
[32m[2017-07-29 18:25:17.979] [INFO] console - [39mcontractTypecipPolicy
[32m[2017-07-29 18:25:20.480] [INFO] console - [39m[ { uid: 3,
    fname: 'Vikram',
    lname: 'Viswanathan',
    phone: 919768135452,
    email: 'vikram.viswanathan@rapidqube.com',
    usertype: 'Marine Aggregator',
    password: '12345',
    status: 'Active' } ]
[32m[2017-07-29 18:35:05.544] [INFO] console - [39mconsignmentWeight20000
[32m[2017-07-29 18:35:05.677] [INFO] console - [39mconsignmentvalue20000
[32m[2017-07-29 18:35:05.707] [INFO] console - [39mtransportModeAir,Sea,Road,Rail
[32m[2017-07-29 18:35:05.707] [INFO] console - [39mcontractTypecipPolicy
[32m[2017-07-29 18:35:06.255] [INFO] console - [39m[ { uid: 3,
    fname: 'Vikram',
    lname: 'Viswanathan',
    phone: 919768135452,
    email: 'vikram.viswanathan@rapidqube.com',
    usertype: 'Marine Aggregator',
    password: '12345',
    status: 'Active' } ]
[32m[2017-07-29 18:36:04.905] [INFO] console - [39mconsignmentWeight10
[32m[2017-07-29 18:36:04.905] [INFO] console - [39mconsignmentvalue1000
[32m[2017-07-29 18:36:04.968] [INFO] console - [39mtransportModeCIP
[32m[2017-07-29 18:36:04.968] [INFO] console - [39mcontractTypeundefined
[32m[2017-07-29 18:36:05.083] [INFO] console - [39m[ { uid: 3,
    fname: 'Vikram',
    lname: 'Viswanathan',
    phone: 919768135452,
    email: 'vikram.viswanathan@rapidqube.com',
    usertype: 'Marine Aggregator',
    password: '12345',
    status: 'Active' } ]
[32m[2017-07-29 18:53:08.406] [INFO] console - [39mconsignmentWeight10
[32m[2017-07-29 18:53:09.010] [INFO] console - [39mconsignmentvalue1000
[32m[2017-07-29 18:53:09.022] [INFO] console - [39mtransportModeCIF
[32m[2017-07-29 18:53:09.023] [INFO] console - [39mcontractTypeundefined
[32m[2017-07-29 18:53:09.735] [INFO] console - [39m[ { uid: 3,
    fname: 'Vikram',
    lname: 'Viswanathan',
    phone: 919768135452,
    email: 'vikram.viswanathan@rapidqube.com',
    usertype: 'Marine Aggregator',
    password: '12345',
    status: 'Active' } ]
[32m[2017-07-29 18:54:34.359] [INFO] console - [39mconsignmentWeight10
[32m[2017-07-29 18:54:34.384] [INFO] console - [39mconsignmentvalue10000
[32m[2017-07-29 18:54:34.384] [INFO] console - [39mtransportModeCIF
[32m[2017-07-29 18:54:34.384] [INFO] console - [39mcontractTypeundefined
[32m[2017-07-29 18:54:34.498] [INFO] console - [39m[ { uid: 3,
    fname: 'Vikram',
    lname: 'Viswanathan',
    phone: 919768135452,
    email: 'vikram.viswanathan@rapidqube.com',
    usertype: 'Marine Aggregator',
    password: '12345',
    status: 'Active' } ]
[32m[2017-07-29 18:59:43.796] [INFO] console - [39mconsignmentWeight10
[32m[2017-07-29 18:59:43.796] [INFO] console - [39mconsignmentvalue1000
[32m[2017-07-29 18:59:43.866] [INFO] console - [39mtransportModeCIF
[32m[2017-07-29 18:59:43.866] [INFO] console - [39mcontractTypeundefined
[32m[2017-07-29 18:59:44.094] [INFO] console - [39m[ { uid: 3,
    fname: 'Vikram',
    lname: 'Viswanathan',
    phone: 919768135452,
    email: 'vikram.viswanathan@rapidqube.com',
    usertype: 'Marine Aggregator',
    password: '12345',
    status: 'Active' } ]
[32m[2017-07-29 19:03:01.686] [INFO] console - [39mconsignmentWeight10
[32m[2017-07-29 19:03:01.814] [INFO] console - [39mconsignmentvalue1000
[32m[2017-07-29 19:03:01.814] [INFO] console - [39mtransportModeAir
[32m[2017-07-29 19:03:01.814] [INFO] console - [39mcontractTypeundefined
[32m[2017-07-29 19:03:02.098] [INFO] console - [39m[ { uid: 3,
    fname: 'Vikram',
    lname: 'Viswanathan',
    phone: 919768135452,
    email: 'vikram.viswanathan@rapidqube.com',
    usertype: 'Marine Aggregator',
    password: '12345',
    status: 'Active' } ]
[32m[2017-07-29 19:09:22.255] [INFO] console - [39mconsignmentWeight10
[32m[2017-07-29 19:09:22.256] [INFO] console - [39mconsignmentvalue1000
[32m[2017-07-29 19:09:22.313] [INFO] console - [39mtransportModeAir
[32m[2017-07-29 19:09:22.313] [INFO] console - [39mcontractTypecipPolicy
[32m[2017-07-29 19:09:22.807] [INFO] console - [39m[ { uid: 3,
    fname: 'Vikram',
    lname: 'Viswanathan',
    phone: 919768135452,
    email: 'vikram.viswanathan@rapidqube.com',
    usertype: 'Marine Aggregator',
    password: '12345',
    status: 'Active' } ]
[32m[2017-07-29 23:37:40.778] [INFO] BlockchainSampleClient - [39m
[32m[2017-07-29 23:37:40.782] [INFO] BlockchainSampleClient - [39m-----------------------------------------------------------------------------
[32m[2017-07-29 23:37:40.783] [INFO] BlockchainSampleClient - [39m>>> BlockchainSampleClient env local, started Sat Jul 29 2017 23:37:40 GMT+0530 (IST) <<<
[32m[2017-07-29 23:37:40.783] [INFO] BlockchainSampleClient - [39m-----------------------------------------------------------------------------
[32m[2017-07-29 23:37:40.784] [INFO] BlockchainSampleClient - [39mNode started via(process.argv): /home/vikramv/.nvm/versions/node/v6.10.3/bin/node,/home/vikramv/workspace/NodeJSWorkspace/marin-service/app.js
[32m[2017-07-29 23:37:40.784] [INFO] BlockchainSampleClient - [39mNode version: v6.10.3
[32m[2017-07-29 23:37:40.784] [INFO] BlockchainSampleClient - [39mNode and its dependency versions: {"http_parser":"2.7.0","node":"6.10.3","v8":"5.1.281.101","uv":"1.9.1","zlib":"1.2.11","ares":"1.10.1-DEV","icu":"58.2","modules":"48","openssl":"1.0.2k"}
[32m[2017-07-29 23:37:40.785] [INFO] BlockchainSampleClient - [39m
[32m[2017-07-29 23:37:40.785] [INFO] loggingHelper - [39mCreated logger for blockchain_sample_client.js at level ALL
[34m[2017-07-29 23:37:40.786] [TRACE] blockchain_sample_client.js - [39msetup : entry
[34m[2017-07-29 23:37:40.788] [TRACE] datastore.js - [39minit : entry 
[34m[2017-07-29 23:37:40.788] [TRACE] datastore.js - [39minit : params - {"name":"Cloudant NoSQL DB-vern","label":"cloudantNoSQLDB","plan":"Lite","credentials":{"username":"f6a4e131-a9e2-4b54-a324-abf6707f438e-bluemix","password":"08880be42336b9284ca179e537a1db36f506aefe22253c9542d0293d6b721d71","host":"f6a4e131-a9e2-4b54-a324-abf6707f438e-bluemix.cloudant.com","port":443,"url":"https://f6a4e131-a9e2-4b54-a324-abf6707f438e-bluemix:08880be42336b9284ca179e537a1db36f506aefe22253c9542d0293d6b721d71@f6a4e131-a9e2-4b54-a324-abf6707f438e-bluemix.cloudant.com"}} 
[34m[2017-07-29 23:37:40.800] [TRACE] blockchain_sample_client.js - [39mgetCloudantKeyValStore : entry 
[34m[2017-07-29 23:37:40.800] [TRACE] blockchain_sample_client.js - [39mgetCloudantKeyValStore : params - "devworks_app_master" 
[34m[2017-07-29 23:37:40.801] [TRACE] datastore.js - [39mgetDbInstance : entry 
[34m[2017-07-29 23:37:40.801] [TRACE] datastore.js - [39mgetDbInstance : params - "devworks_app_master" 
[32m[2017-07-29 23:37:42.641] [INFO] datastore.js - [39mgetDbInstance : devworks_app_master already exists. - undefined
[34m[2017-07-29 23:37:42.678] [TRACE] blockchain_network - [39msetupBlockchain : entry 
[34m[2017-07-29 23:37:42.678] [TRACE] blockchain_network - [39msetupBlockchain : params - [Circular] 
[34m[2017-07-29 23:37:42.681] [TRACE] blockchain_network - [39mchainInit : entry 
[34m[2017-07-29 23:37:42.682] [TRACE] blockchain_network - [39mchainInit : params - [Circular] 
[32m[2017-07-29 23:37:42.693] [INFO] blockchain_network - [39mchainInit : Chain Initialized - Chain {  peers: [],  securityEnabled: true,  members: {},  tcertBatchSize: 200,  devMode: false,  preFetchMode: true,  deployWaitTime: 100,  invokeWaitTime: 5,  name: 'sc_cc',  eventHub:    EventHub {     txCallback: [Function],     chaincodeRegistrants: HashTable {},     blockRegistrants: Set {},     txRegistrants: HashTable {},     ep: null,     connected: false },  keyValStore: CloudantKeyValStore { dbName: 'devworks_app_master', dbInstance: [Object] } }
[32m[2017-07-29 23:37:42.697] [INFO] blockchain_network - [39mloadNetworkConfiguration : Successfully loaded network configuration - undefined
[34m[2017-07-29 23:37:43.114] [TRACE] blockchain_network - [39mdoLogin : entry
[34m[2017-07-29 23:37:43.156] [TRACE] kv_store_model - [39mget : entry 
[34m[2017-07-29 23:37:43.156] [TRACE] kv_store_model - [39mget : params - {"id":"member.WebAppAdmin"} 
[32m[2017-07-29 23:37:43.529] [INFO] kv_store_model - [39mget : successfully fetched member file with id member.WebAppAdmin - undefined
[32m[2017-07-29 23:37:43.544] [INFO] blockchain_network - [39mdoLogin : Successfully logged in user on blockchain: WebAppAdmin - undefined
[32m[2017-07-29 23:37:43.544] [INFO] blockchain_network - [39mconfigureNetwork : Successfully enrolled registrar: WebAppAdmin - undefined
[32m[2017-07-29 23:37:43.545] [INFO] blockchain_network - [39msetupBlockchain : blockchain setup complete - undefined
[34m[2017-07-29 23:37:43.549] [TRACE] kv_store_model - [39mget : entry 
[34m[2017-07-29 23:37:43.549] [TRACE] kv_store_model - [39mget : params - {"id":"member.dhananjay.p"} 
[32m[2017-07-29 23:37:43.937] [INFO] kv_store_model - [39mget : successfully fetched member file with id member.dhananjay.p - undefined
[32m[2017-07-29 23:37:43.969] [INFO] blockchain_sdk - [39mregisterUser : Successfully registered user on blockchain: dhananjay.p - undefined
[34m[2017-07-29 23:37:43.971] [TRACE] blockchain_sdk - [39mdoLogin : entry
[32m[2017-07-29 23:37:43.975] [INFO] blockchain_sdk - [39mdoLogin : Successfully logged in user on blockchain: dhananjay.p - undefined
[32m[2017-07-29 23:37:43.975] [INFO] console - [39mserver is running on3000
[32m[2017-07-29 23:51:36.885] [INFO] BlockchainSampleClient - [39m
[32m[2017-07-29 23:51:36.890] [INFO] BlockchainSampleClient - [39m-----------------------------------------------------------------------------
[32m[2017-07-29 23:51:36.890] [INFO] BlockchainSampleClient - [39m>>> BlockchainSampleClient env local, started Sat Jul 29 2017 23:51:36 GMT+0530 (IST) <<<
[32m[2017-07-29 23:51:36.891] [INFO] BlockchainSampleClient - [39m-----------------------------------------------------------------------------
[32m[2017-07-29 23:51:36.891] [INFO] BlockchainSampleClient - [39mNode started via(process.argv): /home/vikramv/.nvm/versions/node/v6.10.3/bin/node,/home/vikramv/workspace/NodeJSWorkspace/marin-service/app.js
[32m[2017-07-29 23:51:36.892] [INFO] BlockchainSampleClient - [39mNode version: v6.10.3
[32m[2017-07-29 23:51:36.892] [INFO] BlockchainSampleClient - [39mNode and its dependency versions: {"http_parser":"2.7.0","node":"6.10.3","v8":"5.1.281.101","uv":"1.9.1","zlib":"1.2.11","ares":"1.10.1-DEV","icu":"58.2","modules":"48","openssl":"1.0.2k"}
[32m[2017-07-29 23:51:36.892] [INFO] BlockchainSampleClient - [39m
[32m[2017-07-29 23:51:36.893] [INFO] loggingHelper - [39mCreated logger for blockchain_sample_client.js at level ALL
[34m[2017-07-29 23:51:36.894] [TRACE] blockchain_sample_client.js - [39msetup : entry
[34m[2017-07-29 23:51:36.894] [TRACE] datastore.js - [39minit : entry 
[34m[2017-07-29 23:51:36.898] [TRACE] datastore.js - [39minit : params - {"name":"Cloudant NoSQL DB-vern","label":"cloudantNoSQLDB","plan":"Lite","credentials":{"username":"f6a4e131-a9e2-4b54-a324-abf6707f438e-bluemix","password":"08880be42336b9284ca179e537a1db36f506aefe22253c9542d0293d6b721d71","host":"f6a4e131-a9e2-4b54-a324-abf6707f438e-bluemix.cloudant.com","port":443,"url":"https://f6a4e131-a9e2-4b54-a324-abf6707f438e-bluemix:08880be42336b9284ca179e537a1db36f506aefe22253c9542d0293d6b721d71@f6a4e131-a9e2-4b54-a324-abf6707f438e-bluemix.cloudant.com"}} 
[34m[2017-07-29 23:51:36.948] [TRACE] blockchain_sample_client.js - [39mgetCloudantKeyValStore : entry 
[34m[2017-07-29 23:51:36.948] [TRACE] blockchain_sample_client.js - [39mgetCloudantKeyValStore : params - "devworks_app_master" 
[34m[2017-07-29 23:51:36.950] [TRACE] datastore.js - [39mgetDbInstance : entry 
[34m[2017-07-29 23:51:36.950] [TRACE] datastore.js - [39mgetDbInstance : params - "devworks_app_master" 
[32m[2017-07-29 23:51:38.423] [INFO] datastore.js - [39mgetDbInstance : devworks_app_master already exists. - undefined
[34m[2017-07-29 23:51:38.452] [TRACE] blockchain_network - [39msetupBlockchain : entry 
[34m[2017-07-29 23:51:38.453] [TRACE] blockchain_network - [39msetupBlockchain : params - [Circular] 
[34m[2017-07-29 23:51:38.457] [TRACE] blockchain_network - [39mchainInit : entry 
[34m[2017-07-29 23:51:38.458] [TRACE] blockchain_network - [39mchainInit : params - [Circular] 
[32m[2017-07-29 23:51:38.469] [INFO] blockchain_network - [39mchainInit : Chain Initialized - Chain {  peers: [],  securityEnabled: true,  members: {},  tcertBatchSize: 200,  devMode: false,  preFetchMode: true,  deployWaitTime: 100,  invokeWaitTime: 5,  name: 'sc_cc',  eventHub:    EventHub {     txCallback: [Function],     chaincodeRegistrants: HashTable {},     blockRegistrants: Set {},     txRegistrants: HashTable {},     ep: null,     connected: false },  keyValStore: CloudantKeyValStore { dbName: 'devworks_app_master', dbInstance: [Object] } }
[32m[2017-07-29 23:51:38.473] [INFO] blockchain_network - [39mloadNetworkConfiguration : Successfully loaded network configuration - undefined
[34m[2017-07-29 23:51:39.724] [TRACE] blockchain_network - [39mdoLogin : entry
[34m[2017-07-29 23:51:39.770] [TRACE] kv_store_model - [39mget : entry 
[34m[2017-07-29 23:51:39.770] [TRACE] kv_store_model - [39mget : params - {"id":"member.WebAppAdmin"} 
[32m[2017-07-29 23:51:40.119] [INFO] kv_store_model - [39mget : successfully fetched member file with id member.WebAppAdmin - undefined
[32m[2017-07-29 23:51:40.166] [INFO] blockchain_network - [39mdoLogin : Successfully logged in user on blockchain: WebAppAdmin - undefined
[32m[2017-07-29 23:51:40.167] [INFO] blockchain_network - [39mconfigureNetwork : Successfully enrolled registrar: WebAppAdmin - undefined
[32m[2017-07-29 23:51:40.168] [INFO] blockchain_network - [39msetupBlockchain : blockchain setup complete - undefined
[34m[2017-07-29 23:51:40.176] [TRACE] kv_store_model - [39mget : entry 
[34m[2017-07-29 23:51:40.177] [TRACE] kv_store_model - [39mget : params - {"id":"member.dhananjay.p"} 
[32m[2017-07-29 23:51:40.523] [INFO] kv_store_model - [39mget : successfully fetched member file with id member.dhananjay.p - undefined
[32m[2017-07-29 23:51:40.548] [INFO] blockchain_sdk - [39mregisterUser : Successfully registered user on blockchain: dhananjay.p - undefined
[34m[2017-07-29 23:51:40.550] [TRACE] blockchain_sdk - [39mdoLogin : entry
[32m[2017-07-29 23:51:40.560] [INFO] blockchain_sdk - [39mdoLogin : Successfully logged in user on blockchain: dhananjay.p - undefined
[32m[2017-07-29 23:51:40.561] [INFO] console - [39mserver is running on3000
[32m[2017-07-29 23:55:33.544] [INFO] console - [39mconsignmentWeight10
[32m[2017-07-29 23:55:33.545] [INFO] console - [39mconsignmentvalue100
[32m[2017-07-29 23:55:33.546] [INFO] console - [39mcontractTypeCIF
[32m[2017-07-29 23:55:35.017] [INFO] console - [39m[ { uid: 3,
    fname: 'Vikram',
    lname: 'Viswanathan',
    phone: 919768135452,
    email: 'vikram.viswanathan@rapidqube.com',
    usertype: 'Marine Aggregator',
    password: '12345',
    status: 'Active' } ]
[32m[2017-07-29 23:58:20.737] [INFO] console - [39mconsignmentWeight10
[32m[2017-07-29 23:58:20.956] [INFO] console - [39mconsignmentvalue100
[32m[2017-07-29 23:58:20.957] [INFO] console - [39mcontractTypeundefined
[32m[2017-07-29 23:58:22.074] [INFO] console - [39m[ { uid: 3,
    fname: 'Vikram',
    lname: 'Viswanathan',
    phone: 919768135452,
    email: 'vikram.viswanathan@rapidqube.com',
    usertype: 'Marine Aggregator',
    password: '12345',
    status: 'Active' } ]
