[32m[2017-07-17 18:28:07.775] [INFO] BlockchainSampleClient - [39m
[32m[2017-07-17 18:28:07.777] [INFO] BlockchainSampleClient - [39m-----------------------------------------------------------------------------
[32m[2017-07-17 18:28:07.778] [INFO] BlockchainSampleClient - [39m>>> BlockchainSampleClient env local, started Mon Jul 17 2017 18:28:07 GMT+0530 (IST) <<<
[32m[2017-07-17 18:28:07.778] [INFO] BlockchainSampleClient - [39m-----------------------------------------------------------------------------
[32m[2017-07-17 18:28:07.778] [INFO] BlockchainSampleClient - [39mNode started via(process.argv): /home/dhananjay/.nvm/versions/node/v6.11.1/bin/node,/home/dhananjay/marin-service/app.js
[32m[2017-07-17 18:28:07.779] [INFO] BlockchainSampleClient - [39mNode version: v6.11.1
[32m[2017-07-17 18:28:07.779] [INFO] BlockchainSampleClient - [39mNode and its dependency versions: {"http_parser":"2.7.0","node":"6.11.1","v8":"5.1.281.103","uv":"1.11.0","zlib":"1.2.11","ares":"1.10.1-DEV","icu":"58.2","modules":"48","openssl":"1.0.2k"}
[32m[2017-07-17 18:28:07.779] [INFO] BlockchainSampleClient - [39m
[32m[2017-07-17 18:28:07.779] [INFO] loggingHelper - [39mCreated logger for blockchain_sample_client.js at level ALL
[34m[2017-07-17 18:28:07.780] [TRACE] blockchain_sample_client.js - [39msetup : entry
[34m[2017-07-17 18:28:07.780] [TRACE] datastore.js - [39minit : entry 
[34m[2017-07-17 18:28:07.780] [TRACE] datastore.js - [39minit : params - {"name":"Cloudant NoSQL DB-vern","label":"cloudantNoSQLDB","plan":"Lite","credentials":{"username":"0261a1a7-17a1-4d34-a0a0-6b7a39fc6903-bluemix","password":"43957bd10a9f06e4a19968cab72861091c7ca41b60ca96af340fe2fb66ecdca3","host":"0261a1a7-17a1-4d34-a0a0-6b7a39fc6903-bluemix.cloudant.com","port":443,"url":"https://0261a1a7-17a1-4d34-a0a0-6b7a39fc6903-bluemix:43957bd10a9f06e4a19968cab72861091c7ca41b60ca96af340fe2fb66ecdca3@0261a1a7-17a1-4d34-a0a0-6b7a39fc6903-bluemix.cloudant.com"}} 
[34m[2017-07-17 18:28:07.786] [TRACE] blockchain_sample_client.js - [39mgetCloudantKeyValStore : entry 
[34m[2017-07-17 18:28:07.786] [TRACE] blockchain_sample_client.js - [39mgetCloudantKeyValStore : params - "devworks_app_master" 
[34m[2017-07-17 18:28:07.786] [TRACE] datastore.js - [39mgetDbInstance : entry 
[34m[2017-07-17 18:28:07.787] [TRACE] datastore.js - [39mgetDbInstance : params - "devworks_app_master" 
[32m[2017-07-17 18:28:08.982] [INFO] datastore.js - [39mgetDbInstance : devworks_app_master already exists. - undefined
[34m[2017-07-17 18:28:08.989] [TRACE] blockchain_network - [39msetupBlockchain : entry 
[34m[2017-07-17 18:28:08.989] [TRACE] blockchain_network - [39msetupBlockchain : params - [Circular] 
[34m[2017-07-17 18:28:08.990] [TRACE] blockchain_network - [39mchainInit : entry 
[34m[2017-07-17 18:28:08.991] [TRACE] blockchain_network - [39mchainInit : params - [Circular] 
[32m[2017-07-17 18:28:08.998] [INFO] blockchain_network - [39mchainInit : Chain Initialized - Chain {  peers: [],  securityEnabled: true,  members: {},  tcertBatchSize: 200,  devMode: false,  preFetchMode: true,  deployWaitTime: 100,  invokeWaitTime: 5,  name: 'sc_cc',  eventHub:    EventHub {     txCallback: [Function],     chaincodeRegistrants: HashTable {},     blockRegistrants: Set {},     txRegistrants: HashTable {},     ep: null,     connected: false },  keyValStore: CloudantKeyValStore { dbName: 'devworks_app_master', dbInstance: [Object] } }
[32m[2017-07-17 18:28:09.000] [INFO] blockchain_network - [39mloadNetworkConfiguration : Successfully loaded network configuration - undefined
[34m[2017-07-17 18:28:09.125] [TRACE] blockchain_network - [39mdoLogin : entry
[34m[2017-07-17 18:28:09.135] [TRACE] kv_store_model - [39mget : entry 
[34m[2017-07-17 18:28:09.135] [TRACE] kv_store_model - [39mget : params - {"id":"member.WebAppAdmin"} 
[32m[2017-07-17 18:28:09.423] [INFO] kv_store_model - [39mget : successfully fetched member file with id member.WebAppAdmin - undefined
[32m[2017-07-17 18:28:09.435] [INFO] blockchain_network - [39mdoLogin : Successfully logged in user on blockchain: WebAppAdmin - undefined
[32m[2017-07-17 18:28:09.435] [INFO] blockchain_network - [39mconfigureNetwork : Successfully enrolled registrar: WebAppAdmin - undefined
[32m[2017-07-17 18:28:09.435] [INFO] blockchain_network - [39msetupBlockchain : blockchain setup complete - undefined
[34m[2017-07-17 18:28:09.438] [TRACE] kv_store_model - [39mget : entry 
[34m[2017-07-17 18:28:09.439] [TRACE] kv_store_model - [39mget : params - {"id":"member.dhananjay.p"} 
[32m[2017-07-17 18:28:10.593] [INFO] kv_store_model - [39mget : successfully fetched member file with id member.dhananjay.p - undefined
[32m[2017-07-17 18:28:10.602] [INFO] blockchain_sdk - [39mregisterUser : Successfully registered user on blockchain: dhananjay.p - undefined
[34m[2017-07-17 18:28:10.603] [TRACE] blockchain_sdk - [39mdoLogin : entry
[32m[2017-07-17 18:28:10.608] [INFO] blockchain_sdk - [39mdoLogin : Successfully logged in user on blockchain: dhananjay.p - undefined
[32m[2017-07-17 18:28:10.608] [INFO] console - [39mserver is running on3000
[32m[2017-07-17 18:28:52.306] [INFO] console - [39mdata in name:jay
[32m[2017-07-17 18:28:52.307] [INFO] console - [39mdata in email:patil
[32m[2017-07-17 18:28:52.307] [INFO] console - [39mdata in phone:9898287371
[32m[2017-07-17 18:28:52.307] [INFO] console - [39mdata in email:abc@rpqb.com
[32m[2017-07-17 18:28:52.307] [INFO] console - [39mdata in usertype:insurer
[32m[2017-07-17 18:28:52.307] [INFO] console - [39mdata in pasword:123
[32m[2017-07-17 18:28:52.308] [INFO] console - [39mregister object[object Object]
[31m[2017-07-17 18:28:52.318] [ERROR] console - [39m(node:31171) UnhandledPromiseRejectionWarning: Unhandled promise rejection (rejection id: 2): RangeError: Invalid status code: 0
[32m[2017-07-17 18:28:52.368] [INFO] console - [39mexit called
[32m[2017-07-17 18:29:27.828] [INFO] BlockchainSampleClient - [39m
[32m[2017-07-17 18:29:27.830] [INFO] BlockchainSampleClient - [39m-----------------------------------------------------------------------------
[32m[2017-07-17 18:29:27.831] [INFO] BlockchainSampleClient - [39m>>> BlockchainSampleClient env local, started Mon Jul 17 2017 18:29:27 GMT+0530 (IST) <<<
[32m[2017-07-17 18:29:27.831] [INFO] BlockchainSampleClient - [39m-----------------------------------------------------------------------------
[32m[2017-07-17 18:29:27.831] [INFO] BlockchainSampleClient - [39mNode started via(process.argv): /home/dhananjay/.nvm/versions/node/v6.11.1/bin/node,/home/dhananjay/marin-service/app.js
[32m[2017-07-17 18:29:27.832] [INFO] BlockchainSampleClient - [39mNode version: v6.11.1
[32m[2017-07-17 18:29:27.832] [INFO] BlockchainSampleClient - [39mNode and its dependency versions: {"http_parser":"2.7.0","node":"6.11.1","v8":"5.1.281.103","uv":"1.11.0","zlib":"1.2.11","ares":"1.10.1-DEV","icu":"58.2","modules":"48","openssl":"1.0.2k"}
[32m[2017-07-17 18:29:27.832] [INFO] BlockchainSampleClient - [39m
[32m[2017-07-17 18:29:27.832] [INFO] loggingHelper - [39mCreated logger for blockchain_sample_client.js at level ALL
[34m[2017-07-17 18:29:27.833] [TRACE] blockchain_sample_client.js - [39msetup : entry
[34m[2017-07-17 18:29:27.833] [TRACE] datastore.js - [39minit : entry 
[34m[2017-07-17 18:29:27.833] [TRACE] datastore.js - [39minit : params - {"name":"Cloudant NoSQL DB-vern","label":"cloudantNoSQLDB","plan":"Lite","credentials":{"username":"0261a1a7-17a1-4d34-a0a0-6b7a39fc6903-bluemix","password":"43957bd10a9f06e4a19968cab72861091c7ca41b60ca96af340fe2fb66ecdca3","host":"0261a1a7-17a1-4d34-a0a0-6b7a39fc6903-bluemix.cloudant.com","port":443,"url":"https://0261a1a7-17a1-4d34-a0a0-6b7a39fc6903-bluemix:43957bd10a9f06e4a19968cab72861091c7ca41b60ca96af340fe2fb66ecdca3@0261a1a7-17a1-4d34-a0a0-6b7a39fc6903-bluemix.cloudant.com"}} 
[34m[2017-07-17 18:29:27.839] [TRACE] blockchain_sample_client.js - [39mgetCloudantKeyValStore : entry 
[34m[2017-07-17 18:29:27.839] [TRACE] blockchain_sample_client.js - [39mgetCloudantKeyValStore : params - "devworks_app_master" 
[34m[2017-07-17 18:29:27.840] [TRACE] datastore.js - [39mgetDbInstance : entry 
[34m[2017-07-17 18:29:27.840] [TRACE] datastore.js - [39mgetDbInstance : params - "devworks_app_master" 
[32m[2017-07-17 18:29:29.020] [INFO] datastore.js - [39mgetDbInstance : devworks_app_master already exists. - undefined
[34m[2017-07-17 18:29:29.024] [TRACE] blockchain_network - [39msetupBlockchain : entry 
[34m[2017-07-17 18:29:29.024] [TRACE] blockchain_network - [39msetupBlockchain : params - [Circular] 
[34m[2017-07-17 18:29:29.025] [TRACE] blockchain_network - [39mchainInit : entry 
[34m[2017-07-17 18:29:29.026] [TRACE] blockchain_network - [39mchainInit : params - [Circular] 
[32m[2017-07-17 18:29:29.030] [INFO] blockchain_network - [39mchainInit : Chain Initialized - Chain {  peers: [],  securityEnabled: true,  members: {},  tcertBatchSize: 200,  devMode: false,  preFetchMode: true,  deployWaitTime: 100,  invokeWaitTime: 5,  name: 'sc_cc',  eventHub:    EventHub {     txCallback: [Function],     chaincodeRegistrants: HashTable {},     blockRegistrants: Set {},     txRegistrants: HashTable {},     ep: null,     connected: false },  keyValStore: CloudantKeyValStore { dbName: 'devworks_app_master', dbInstance: [Object] } }
[32m[2017-07-17 18:29:29.032] [INFO] blockchain_network - [39mloadNetworkConfiguration : Successfully loaded network configuration - undefined
[34m[2017-07-17 18:29:29.127] [TRACE] blockchain_network - [39mdoLogin : entry
[34m[2017-07-17 18:29:29.136] [TRACE] kv_store_model - [39mget : entry 
[34m[2017-07-17 18:29:29.137] [TRACE] kv_store_model - [39mget : params - {"id":"member.WebAppAdmin"} 
[32m[2017-07-17 18:29:29.429] [INFO] kv_store_model - [39mget : successfully fetched member file with id member.WebAppAdmin - undefined
[32m[2017-07-17 18:29:29.440] [INFO] blockchain_network - [39mdoLogin : Successfully logged in user on blockchain: WebAppAdmin - undefined
[32m[2017-07-17 18:29:29.441] [INFO] blockchain_network - [39mconfigureNetwork : Successfully enrolled registrar: WebAppAdmin - undefined
[32m[2017-07-17 18:29:29.441] [INFO] blockchain_network - [39msetupBlockchain : blockchain setup complete - undefined
[34m[2017-07-17 18:29:29.444] [TRACE] kv_store_model - [39mget : entry 
[34m[2017-07-17 18:29:29.444] [TRACE] kv_store_model - [39mget : params - {"id":"member.dhananjay.p"} 
[32m[2017-07-17 18:29:29.749] [INFO] kv_store_model - [39mget : successfully fetched member file with id member.dhananjay.p - undefined
[32m[2017-07-17 18:29:29.763] [INFO] blockchain_sdk - [39mregisterUser : Successfully registered user on blockchain: dhananjay.p - undefined
[34m[2017-07-17 18:29:29.764] [TRACE] blockchain_sdk - [39mdoLogin : entry
[32m[2017-07-17 18:29:29.768] [INFO] blockchain_sdk - [39mdoLogin : Successfully logged in user on blockchain: dhananjay.p - undefined
[32m[2017-07-17 18:29:29.768] [INFO] console - [39mserver is running on3000
[32m[2017-07-17 18:29:32.625] [INFO] console - [39mdata in name:jay
[32m[2017-07-17 18:29:32.626] [INFO] console - [39mdata in email:patil
[32m[2017-07-17 18:29:32.626] [INFO] console - [39mdata in phone:989828771
[32m[2017-07-17 18:29:32.626] [INFO] console - [39mdata in email:abc@rpqb.com
[32m[2017-07-17 18:29:32.626] [INFO] console - [39mdata in usertype:insurer
[32m[2017-07-17 18:29:32.626] [INFO] console - [39mdata in pasword:123
[32m[2017-07-17 18:29:32.627] [INFO] console - [39mregister object[object Object]
[31m[2017-07-17 18:29:32.641] [ERROR] console - [39m(node:31311) UnhandledPromiseRejectionWarning: Unhandled promise rejection (rejection id: 2): RangeError: Invalid status code: 0
[32m[2017-07-17 18:30:16.343] [INFO] console - [39memail from ui side abc@rpqb.com
[32m[2017-07-17 18:30:16.344] [INFO] console - [39m123 password from ui side
[31m[2017-07-17 18:30:16.348] [ERROR] console - [39m(node:31311) UnhandledPromiseRejectionWarning: Unhandled promise rejection (rejection id: 4): RangeError: Invalid status code: 0
