[32m[2017-07-15 12:28:00.243] [INFO] BlockchainSampleClient - [39m
[32m[2017-07-15 12:28:00.245] [INFO] BlockchainSampleClient - [39m-----------------------------------------------------------------------------
[32m[2017-07-15 12:28:00.245] [INFO] BlockchainSampleClient - [39m>>> BlockchainSampleClient env local, started Sat Jul 15 2017 12:28:00 GMT+0530 (IST) <<<
[32m[2017-07-15 12:28:00.245] [INFO] BlockchainSampleClient - [39m-----------------------------------------------------------------------------
[32m[2017-07-15 12:28:00.246] [INFO] BlockchainSampleClient - [39mNode started via(process.argv): /home/dhananjay/.nvm/versions/node/v6.11.1/bin/node,/home/dhananjay/marin-service/app.js
[32m[2017-07-15 12:28:00.246] [INFO] BlockchainSampleClient - [39mNode version: v6.11.1
[32m[2017-07-15 12:28:00.246] [INFO] BlockchainSampleClient - [39mNode and its dependency versions: {"http_parser":"2.7.0","node":"6.11.1","v8":"5.1.281.103","uv":"1.11.0","zlib":"1.2.11","ares":"1.10.1-DEV","icu":"58.2","modules":"48","openssl":"1.0.2k"}
[32m[2017-07-15 12:28:00.246] [INFO] BlockchainSampleClient - [39m
[32m[2017-07-15 12:28:00.246] [INFO] loggingHelper - [39mCreated logger for blockchain_sample_client.js at level ALL
[34m[2017-07-15 12:28:00.247] [TRACE] blockchain_sample_client.js - [39msetup : entry
[34m[2017-07-15 12:28:00.247] [TRACE] datastore.js - [39minit : entry 
[34m[2017-07-15 12:28:00.247] [TRACE] datastore.js - [39minit : params - {"name":"Cloudant NoSQL DB-vern","label":"cloudantNoSQLDB","plan":"Lite","credentials":{"username":"0261a1a7-17a1-4d34-a0a0-6b7a39fc6903-bluemix","password":"43957bd10a9f06e4a19968cab72861091c7ca41b60ca96af340fe2fb66ecdca3","host":"0261a1a7-17a1-4d34-a0a0-6b7a39fc6903-bluemix.cloudant.com","port":443,"url":"https://0261a1a7-17a1-4d34-a0a0-6b7a39fc6903-bluemix:43957bd10a9f06e4a19968cab72861091c7ca41b60ca96af340fe2fb66ecdca3@0261a1a7-17a1-4d34-a0a0-6b7a39fc6903-bluemix.cloudant.com"}} 
[34m[2017-07-15 12:28:00.253] [TRACE] blockchain_sample_client.js - [39mgetCloudantKeyValStore : entry 
[34m[2017-07-15 12:28:00.253] [TRACE] blockchain_sample_client.js - [39mgetCloudantKeyValStore : params - "devworks_app_master" 
[34m[2017-07-15 12:28:00.254] [TRACE] datastore.js - [39mgetDbInstance : entry 
[34m[2017-07-15 12:28:00.254] [TRACE] datastore.js - [39mgetDbInstance : params - "devworks_app_master" 
[32m[2017-07-15 12:28:01.386] [INFO] datastore.js - [39mgetDbInstance : devworks_app_master already exists. - undefined
[34m[2017-07-15 12:28:01.393] [TRACE] blockchain_network - [39msetupBlockchain : entry 
[34m[2017-07-15 12:28:01.394] [TRACE] blockchain_network - [39msetupBlockchain : params - [Circular] 
[34m[2017-07-15 12:28:01.395] [TRACE] blockchain_network - [39mchainInit : entry 
[34m[2017-07-15 12:28:01.396] [TRACE] blockchain_network - [39mchainInit : params - [Circular] 
[32m[2017-07-15 12:28:01.401] [INFO] blockchain_network - [39mchainInit : Chain Initialized - Chain {  peers: [],  securityEnabled: true,  members: {},  tcertBatchSize: 200,  devMode: false,  preFetchMode: true,  deployWaitTime: 100,  invokeWaitTime: 5,  name: 'sc_cc',  eventHub:    EventHub {     txCallback: [Function],     chaincodeRegistrants: HashTable {},     blockRegistrants: Set {},     txRegistrants: HashTable {},     ep: null,     connected: false },  keyValStore: CloudantKeyValStore { dbName: 'devworks_app_master', dbInstance: [Object] } }
[32m[2017-07-15 12:28:01.402] [INFO] blockchain_network - [39mloadNetworkConfiguration : Successfully loaded network configuration - undefined
[34m[2017-07-15 12:28:01.542] [TRACE] blockchain_network - [39mdoLogin : entry
[34m[2017-07-15 12:28:01.553] [TRACE] kv_store_model - [39mget : entry 
[34m[2017-07-15 12:28:01.553] [TRACE] kv_store_model - [39mget : params - {"id":"member.WebAppAdmin"} 
[32m[2017-07-15 12:28:01.828] [INFO] kv_store_model - [39mget : successfully fetched member file with id member.WebAppAdmin - undefined
[32m[2017-07-15 12:28:01.841] [INFO] blockchain_network - [39mdoLogin : Successfully logged in user on blockchain: WebAppAdmin - undefined
[32m[2017-07-15 12:28:01.841] [INFO] blockchain_network - [39mconfigureNetwork : Successfully enrolled registrar: WebAppAdmin - undefined
[32m[2017-07-15 12:28:01.842] [INFO] blockchain_network - [39msetupBlockchain : blockchain setup complete - undefined
[34m[2017-07-15 12:28:01.844] [TRACE] kv_store_model - [39mget : entry 
[34m[2017-07-15 12:28:01.845] [TRACE] kv_store_model - [39mget : params - {"id":"member.dhananjay.p"} 
[32m[2017-07-15 12:28:02.107] [INFO] kv_store_model - [39mget : successfully fetched member file with id member.dhananjay.p - undefined
[32m[2017-07-15 12:28:02.117] [INFO] blockchain_sdk - [39mregisterUser : Successfully registered user on blockchain: dhananjay.p - undefined
[34m[2017-07-15 12:28:02.120] [TRACE] blockchain_sdk - [39mdoLogin : entry
[32m[2017-07-15 12:28:02.123] [INFO] blockchain_sdk - [39mdoLogin : Successfully logged in user on blockchain: dhananjay.p - undefined
[32m[2017-07-15 12:28:02.124] [INFO] console - [39mserver is running on3000
[32m[2017-07-15 12:29:58.854] [INFO] console - [39mdata in name:jay
[32m[2017-07-15 12:29:58.854] [INFO] console - [39mdata in email:patil
[32m[2017-07-15 12:29:58.855] [INFO] console - [39mdata in phone:9898287371
[32m[2017-07-15 12:29:58.855] [INFO] console - [39mdata in email:abc@rpqb.com
[32m[2017-07-15 12:29:58.855] [INFO] console - [39mdata in pasword:123
[32m[2017-07-15 12:29:58.855] [INFO] console - [39mregister object[object Object]
[31m[2017-07-15 12:29:58.866] [ERROR] console - [39m(node:14375) UnhandledPromiseRejectionWarning: Unhandled promise rejection (rejection id: 2): RangeError: Invalid status code: 0
[32m[2017-07-15 12:29:58.908] [INFO] console - [39mexit called
[32m[2017-07-15 12:30:52.245] [INFO] BlockchainSampleClient - [39m
[32m[2017-07-15 12:30:52.247] [INFO] BlockchainSampleClient - [39m-----------------------------------------------------------------------------
[32m[2017-07-15 12:30:52.247] [INFO] BlockchainSampleClient - [39m>>> BlockchainSampleClient env local, started Sat Jul 15 2017 12:30:52 GMT+0530 (IST) <<<
[32m[2017-07-15 12:30:52.248] [INFO] BlockchainSampleClient - [39m-----------------------------------------------------------------------------
[32m[2017-07-15 12:30:52.248] [INFO] BlockchainSampleClient - [39mNode started via(process.argv): /home/dhananjay/.nvm/versions/node/v6.11.1/bin/node,/home/dhananjay/marin-service/app.js
[32m[2017-07-15 12:30:52.248] [INFO] BlockchainSampleClient - [39mNode version: v6.11.1
[32m[2017-07-15 12:30:52.248] [INFO] BlockchainSampleClient - [39mNode and its dependency versions: {"http_parser":"2.7.0","node":"6.11.1","v8":"5.1.281.103","uv":"1.11.0","zlib":"1.2.11","ares":"1.10.1-DEV","icu":"58.2","modules":"48","openssl":"1.0.2k"}
[32m[2017-07-15 12:30:52.248] [INFO] BlockchainSampleClient - [39m
[32m[2017-07-15 12:30:52.249] [INFO] loggingHelper - [39mCreated logger for blockchain_sample_client.js at level ALL
[34m[2017-07-15 12:30:52.249] [TRACE] blockchain_sample_client.js - [39msetup : entry
[34m[2017-07-15 12:30:52.250] [TRACE] datastore.js - [39minit : entry 
[34m[2017-07-15 12:30:52.250] [TRACE] datastore.js - [39minit : params - {"name":"Cloudant NoSQL DB-vern","label":"cloudantNoSQLDB","plan":"Lite","credentials":{"username":"0261a1a7-17a1-4d34-a0a0-6b7a39fc6903-bluemix","password":"43957bd10a9f06e4a19968cab72861091c7ca41b60ca96af340fe2fb66ecdca3","host":"0261a1a7-17a1-4d34-a0a0-6b7a39fc6903-bluemix.cloudant.com","port":443,"url":"https://0261a1a7-17a1-4d34-a0a0-6b7a39fc6903-bluemix:43957bd10a9f06e4a19968cab72861091c7ca41b60ca96af340fe2fb66ecdca3@0261a1a7-17a1-4d34-a0a0-6b7a39fc6903-bluemix.cloudant.com"}} 
[34m[2017-07-15 12:30:52.255] [TRACE] blockchain_sample_client.js - [39mgetCloudantKeyValStore : entry 
[34m[2017-07-15 12:30:52.255] [TRACE] blockchain_sample_client.js - [39mgetCloudantKeyValStore : params - "devworks_app_master" 
[34m[2017-07-15 12:30:52.256] [TRACE] datastore.js - [39mgetDbInstance : entry 
[34m[2017-07-15 12:30:52.256] [TRACE] datastore.js - [39mgetDbInstance : params - "devworks_app_master" 
[32m[2017-07-15 12:30:54.352] [INFO] datastore.js - [39mgetDbInstance : devworks_app_master already exists. - undefined
[34m[2017-07-15 12:30:54.356] [TRACE] blockchain_network - [39msetupBlockchain : entry 
[34m[2017-07-15 12:30:54.356] [TRACE] blockchain_network - [39msetupBlockchain : params - [Circular] 
[34m[2017-07-15 12:30:54.357] [TRACE] blockchain_network - [39mchainInit : entry 
[34m[2017-07-15 12:30:54.358] [TRACE] blockchain_network - [39mchainInit : params - [Circular] 
[32m[2017-07-15 12:30:54.365] [INFO] blockchain_network - [39mchainInit : Chain Initialized - Chain {  peers: [],  securityEnabled: true,  members: {},  tcertBatchSize: 200,  devMode: false,  preFetchMode: true,  deployWaitTime: 100,  invokeWaitTime: 5,  name: 'sc_cc',  eventHub:    EventHub {     txCallback: [Function],     chaincodeRegistrants: HashTable {},     blockRegistrants: Set {},     txRegistrants: HashTable {},     ep: null,     connected: false },  keyValStore: CloudantKeyValStore { dbName: 'devworks_app_master', dbInstance: [Object] } }
[32m[2017-07-15 12:30:54.367] [INFO] blockchain_network - [39mloadNetworkConfiguration : Successfully loaded network configuration - undefined
[34m[2017-07-15 12:30:54.456] [TRACE] blockchain_network - [39mdoLogin : entry
[34m[2017-07-15 12:30:54.468] [TRACE] kv_store_model - [39mget : entry 
[34m[2017-07-15 12:30:54.468] [TRACE] kv_store_model - [39mget : params - {"id":"member.WebAppAdmin"} 
[32m[2017-07-15 12:30:54.782] [INFO] kv_store_model - [39mget : successfully fetched member file with id member.WebAppAdmin - undefined
[32m[2017-07-15 12:30:54.795] [INFO] blockchain_network - [39mdoLogin : Successfully logged in user on blockchain: WebAppAdmin - undefined
[32m[2017-07-15 12:30:54.795] [INFO] blockchain_network - [39mconfigureNetwork : Successfully enrolled registrar: WebAppAdmin - undefined
[32m[2017-07-15 12:30:54.796] [INFO] blockchain_network - [39msetupBlockchain : blockchain setup complete - undefined
[34m[2017-07-15 12:30:54.800] [TRACE] kv_store_model - [39mget : entry 
[34m[2017-07-15 12:30:54.800] [TRACE] kv_store_model - [39mget : params - {"id":"member.dhananjay.p"} 
[32m[2017-07-15 12:30:55.107] [INFO] kv_store_model - [39mget : successfully fetched member file with id member.dhananjay.p - undefined
[32m[2017-07-15 12:30:55.117] [INFO] blockchain_sdk - [39mregisterUser : Successfully registered user on blockchain: dhananjay.p - undefined
[34m[2017-07-15 12:30:55.119] [TRACE] blockchain_sdk - [39mdoLogin : entry
[32m[2017-07-15 12:30:55.123] [INFO] blockchain_sdk - [39mdoLogin : Successfully logged in user on blockchain: dhananjay.p - undefined
[32m[2017-07-15 12:30:55.124] [INFO] console - [39mserver is running on3000
[32m[2017-07-15 12:31:01.809] [INFO] console - [39mdata in name:jay
[32m[2017-07-15 12:31:01.810] [INFO] console - [39mdata in email:patil
[32m[2017-07-15 12:31:01.811] [INFO] console - [39mdata in phone:9898287371
[32m[2017-07-15 12:31:01.811] [INFO] console - [39mdata in email:abc@rpqb.com
[32m[2017-07-15 12:31:01.811] [INFO] console - [39mdata in pasword:123
[32m[2017-07-15 12:31:01.811] [INFO] console - [39mregister object[object Object]
[32m[2017-07-15 12:36:19.551] [INFO] BlockchainSampleClient - [39m
[32m[2017-07-15 12:36:19.553] [INFO] BlockchainSampleClient - [39m-----------------------------------------------------------------------------
[32m[2017-07-15 12:36:19.553] [INFO] BlockchainSampleClient - [39m>>> BlockchainSampleClient env local, started Sat Jul 15 2017 12:36:19 GMT+0530 (IST) <<<
[32m[2017-07-15 12:36:19.554] [INFO] BlockchainSampleClient - [39m-----------------------------------------------------------------------------
[32m[2017-07-15 12:36:19.554] [INFO] BlockchainSampleClient - [39mNode started via(process.argv): /home/dhananjay/.nvm/versions/node/v6.11.1/bin/node,/home/dhananjay/marin-service/app.js
[32m[2017-07-15 12:36:19.554] [INFO] BlockchainSampleClient - [39mNode version: v6.11.1
[32m[2017-07-15 12:36:19.554] [INFO] BlockchainSampleClient - [39mNode and its dependency versions: {"http_parser":"2.7.0","node":"6.11.1","v8":"5.1.281.103","uv":"1.11.0","zlib":"1.2.11","ares":"1.10.1-DEV","icu":"58.2","modules":"48","openssl":"1.0.2k"}
[32m[2017-07-15 12:36:19.555] [INFO] BlockchainSampleClient - [39m
[32m[2017-07-15 12:36:19.555] [INFO] loggingHelper - [39mCreated logger for blockchain_sample_client.js at level ALL
[34m[2017-07-15 12:36:19.556] [TRACE] blockchain_sample_client.js - [39msetup : entry
[34m[2017-07-15 12:36:19.556] [TRACE] datastore.js - [39minit : entry 
[34m[2017-07-15 12:36:19.556] [TRACE] datastore.js - [39minit : params - {"name":"Cloudant NoSQL DB-vern","label":"cloudantNoSQLDB","plan":"Lite","credentials":{"username":"0261a1a7-17a1-4d34-a0a0-6b7a39fc6903-bluemix","password":"43957bd10a9f06e4a19968cab72861091c7ca41b60ca96af340fe2fb66ecdca3","host":"0261a1a7-17a1-4d34-a0a0-6b7a39fc6903-bluemix.cloudant.com","port":443,"url":"https://0261a1a7-17a1-4d34-a0a0-6b7a39fc6903-bluemix:43957bd10a9f06e4a19968cab72861091c7ca41b60ca96af340fe2fb66ecdca3@0261a1a7-17a1-4d34-a0a0-6b7a39fc6903-bluemix.cloudant.com"}} 
[34m[2017-07-15 12:36:19.561] [TRACE] blockchain_sample_client.js - [39mgetCloudantKeyValStore : entry 
[34m[2017-07-15 12:36:19.562] [TRACE] blockchain_sample_client.js - [39mgetCloudantKeyValStore : params - "devworks_app_master" 
[34m[2017-07-15 12:36:19.562] [TRACE] datastore.js - [39mgetDbInstance : entry 
[34m[2017-07-15 12:36:19.562] [TRACE] datastore.js - [39mgetDbInstance : params - "devworks_app_master" 
[32m[2017-07-15 12:36:20.696] [INFO] datastore.js - [39mgetDbInstance : devworks_app_master already exists. - undefined
[34m[2017-07-15 12:36:20.702] [TRACE] blockchain_network - [39msetupBlockchain : entry 
[34m[2017-07-15 12:36:20.702] [TRACE] blockchain_network - [39msetupBlockchain : params - [Circular] 
[34m[2017-07-15 12:36:20.703] [TRACE] blockchain_network - [39mchainInit : entry 
[34m[2017-07-15 12:36:20.704] [TRACE] blockchain_network - [39mchainInit : params - [Circular] 
[32m[2017-07-15 12:36:20.709] [INFO] blockchain_network - [39mchainInit : Chain Initialized - Chain {  peers: [],  securityEnabled: true,  members: {},  tcertBatchSize: 200,  devMode: false,  preFetchMode: true,  deployWaitTime: 100,  invokeWaitTime: 5,  name: 'sc_cc',  eventHub:    EventHub {     txCallback: [Function],     chaincodeRegistrants: HashTable {},     blockRegistrants: Set {},     txRegistrants: HashTable {},     ep: null,     connected: false },  keyValStore: CloudantKeyValStore { dbName: 'devworks_app_master', dbInstance: [Object] } }
[32m[2017-07-15 12:36:20.710] [INFO] blockchain_network - [39mloadNetworkConfiguration : Successfully loaded network configuration - undefined
[34m[2017-07-15 12:36:20.812] [TRACE] blockchain_network - [39mdoLogin : entry
[34m[2017-07-15 12:36:20.822] [TRACE] kv_store_model - [39mget : entry 
[34m[2017-07-15 12:36:20.823] [TRACE] kv_store_model - [39mget : params - {"id":"member.WebAppAdmin"} 
[32m[2017-07-15 12:36:21.112] [INFO] kv_store_model - [39mget : successfully fetched member file with id member.WebAppAdmin - undefined
[32m[2017-07-15 12:36:21.126] [INFO] blockchain_network - [39mdoLogin : Successfully logged in user on blockchain: WebAppAdmin - undefined
[32m[2017-07-15 12:36:21.127] [INFO] blockchain_network - [39mconfigureNetwork : Successfully enrolled registrar: WebAppAdmin - undefined
[32m[2017-07-15 12:36:21.127] [INFO] blockchain_network - [39msetupBlockchain : blockchain setup complete - undefined
[34m[2017-07-15 12:36:21.130] [TRACE] kv_store_model - [39mget : entry 
[34m[2017-07-15 12:36:21.130] [TRACE] kv_store_model - [39mget : params - {"id":"member.dhananjay.p"} 
[32m[2017-07-15 12:36:21.410] [INFO] kv_store_model - [39mget : successfully fetched member file with id member.dhananjay.p - undefined
[32m[2017-07-15 12:36:21.423] [INFO] blockchain_sdk - [39mregisterUser : Successfully registered user on blockchain: dhananjay.p - undefined
[34m[2017-07-15 12:36:21.425] [TRACE] blockchain_sdk - [39mdoLogin : entry
[32m[2017-07-15 12:36:21.428] [INFO] blockchain_sdk - [39mdoLogin : Successfully logged in user on blockchain: dhananjay.p - undefined
[32m[2017-07-15 12:36:21.428] [INFO] console - [39mserver is running on3000
[32m[2017-07-15 12:36:44.265] [INFO] console - [39mdata in name:jay
[32m[2017-07-15 12:36:44.266] [INFO] console - [39mdata in email:patil
[32m[2017-07-15 12:36:44.266] [INFO] console - [39mdata in phone:9898287371
[32m[2017-07-15 12:36:44.266] [INFO] console - [39mdata in email:abc@rpqb.com
[32m[2017-07-15 12:36:44.266] [INFO] console - [39mdata in pasword:123
[32m[2017-07-15 12:36:44.266] [INFO] console - [39mregister object[object Object]
[32m[2017-07-15 12:39:04.637] [INFO] BlockchainSampleClient - [39m
[32m[2017-07-15 12:39:04.639] [INFO] BlockchainSampleClient - [39m-----------------------------------------------------------------------------
[32m[2017-07-15 12:39:04.640] [INFO] BlockchainSampleClient - [39m>>> BlockchainSampleClient env local, started Sat Jul 15 2017 12:39:04 GMT+0530 (IST) <<<
[32m[2017-07-15 12:39:04.640] [INFO] BlockchainSampleClient - [39m-----------------------------------------------------------------------------
[32m[2017-07-15 12:39:04.640] [INFO] BlockchainSampleClient - [39mNode started via(process.argv): /home/dhananjay/.nvm/versions/node/v6.11.1/bin/node,/home/dhananjay/marin-service/app.js
[32m[2017-07-15 12:39:04.641] [INFO] BlockchainSampleClient - [39mNode version: v6.11.1
[32m[2017-07-15 12:39:04.641] [INFO] BlockchainSampleClient - [39mNode and its dependency versions: {"http_parser":"2.7.0","node":"6.11.1","v8":"5.1.281.103","uv":"1.11.0","zlib":"1.2.11","ares":"1.10.1-DEV","icu":"58.2","modules":"48","openssl":"1.0.2k"}
[32m[2017-07-15 12:39:04.641] [INFO] BlockchainSampleClient - [39m
[32m[2017-07-15 12:39:04.641] [INFO] loggingHelper - [39mCreated logger for blockchain_sample_client.js at level ALL
[34m[2017-07-15 12:39:04.642] [TRACE] blockchain_sample_client.js - [39msetup : entry
[34m[2017-07-15 12:39:04.642] [TRACE] datastore.js - [39minit : entry 
[34m[2017-07-15 12:39:04.642] [TRACE] datastore.js - [39minit : params - {"name":"Cloudant NoSQL DB-vern","label":"cloudantNoSQLDB","plan":"Lite","credentials":{"username":"0261a1a7-17a1-4d34-a0a0-6b7a39fc6903-bluemix","password":"43957bd10a9f06e4a19968cab72861091c7ca41b60ca96af340fe2fb66ecdca3","host":"0261a1a7-17a1-4d34-a0a0-6b7a39fc6903-bluemix.cloudant.com","port":443,"url":"https://0261a1a7-17a1-4d34-a0a0-6b7a39fc6903-bluemix:43957bd10a9f06e4a19968cab72861091c7ca41b60ca96af340fe2fb66ecdca3@0261a1a7-17a1-4d34-a0a0-6b7a39fc6903-bluemix.cloudant.com"}} 
[34m[2017-07-15 12:39:04.647] [TRACE] blockchain_sample_client.js - [39mgetCloudantKeyValStore : entry 
[34m[2017-07-15 12:39:04.648] [TRACE] blockchain_sample_client.js - [39mgetCloudantKeyValStore : params - "devworks_app_master" 
[34m[2017-07-15 12:39:04.648] [TRACE] datastore.js - [39mgetDbInstance : entry 
[34m[2017-07-15 12:39:04.648] [TRACE] datastore.js - [39mgetDbInstance : params - "devworks_app_master" 
[32m[2017-07-15 12:39:05.826] [INFO] datastore.js - [39mgetDbInstance : devworks_app_master already exists. - undefined
[34m[2017-07-15 12:39:05.831] [TRACE] blockchain_network - [39msetupBlockchain : entry 
[34m[2017-07-15 12:39:05.832] [TRACE] blockchain_network - [39msetupBlockchain : params - [Circular] 
[34m[2017-07-15 12:39:05.833] [TRACE] blockchain_network - [39mchainInit : entry 
[34m[2017-07-15 12:39:05.834] [TRACE] blockchain_network - [39mchainInit : params - [Circular] 
[32m[2017-07-15 12:39:05.838] [INFO] blockchain_network - [39mchainInit : Chain Initialized - Chain {  peers: [],  securityEnabled: true,  members: {},  tcertBatchSize: 200,  devMode: false,  preFetchMode: true,  deployWaitTime: 100,  invokeWaitTime: 5,  name: 'sc_cc',  eventHub:    EventHub {     txCallback: [Function],     chaincodeRegistrants: HashTable {},     blockRegistrants: Set {},     txRegistrants: HashTable {},     ep: null,     connected: false },  keyValStore: CloudantKeyValStore { dbName: 'devworks_app_master', dbInstance: [Object] } }
[32m[2017-07-15 12:39:05.840] [INFO] blockchain_network - [39mloadNetworkConfiguration : Successfully loaded network configuration - undefined
[34m[2017-07-15 12:39:05.934] [TRACE] blockchain_network - [39mdoLogin : entry
[34m[2017-07-15 12:39:05.947] [TRACE] kv_store_model - [39mget : entry 
[34m[2017-07-15 12:39:05.948] [TRACE] kv_store_model - [39mget : params - {"id":"member.WebAppAdmin"} 
[32m[2017-07-15 12:39:06.229] [INFO] kv_store_model - [39mget : successfully fetched member file with id member.WebAppAdmin - undefined
[32m[2017-07-15 12:39:06.243] [INFO] blockchain_network - [39mdoLogin : Successfully logged in user on blockchain: WebAppAdmin - undefined
[32m[2017-07-15 12:39:06.243] [INFO] blockchain_network - [39mconfigureNetwork : Successfully enrolled registrar: WebAppAdmin - undefined
[32m[2017-07-15 12:39:06.244] [INFO] blockchain_network - [39msetupBlockchain : blockchain setup complete - undefined
[34m[2017-07-15 12:39:06.247] [TRACE] kv_store_model - [39mget : entry 
[34m[2017-07-15 12:39:06.247] [TRACE] kv_store_model - [39mget : params - {"id":"member.dhananjay.p"} 
[32m[2017-07-15 12:39:06.522] [INFO] kv_store_model - [39mget : successfully fetched member file with id member.dhananjay.p - undefined
[32m[2017-07-15 12:39:06.535] [INFO] blockchain_sdk - [39mregisterUser : Successfully registered user on blockchain: dhananjay.p - undefined
[34m[2017-07-15 12:39:06.536] [TRACE] blockchain_sdk - [39mdoLogin : entry
[32m[2017-07-15 12:39:06.539] [INFO] blockchain_sdk - [39mdoLogin : Successfully logged in user on blockchain: dhananjay.p - undefined
[32m[2017-07-15 12:39:06.540] [INFO] console - [39mserver is running on3000
[32m[2017-07-15 12:39:15.962] [INFO] console - [39mdata in name:jay
[32m[2017-07-15 12:39:15.962] [INFO] console - [39mdata in email:patil
[32m[2017-07-15 12:39:15.963] [INFO] console - [39mdata in phone:9898287371
[32m[2017-07-15 12:39:15.963] [INFO] console - [39mdata in email:abc@rpqb.com
[32m[2017-07-15 12:39:15.964] [INFO] console - [39mdata in pasword:123
[32m[2017-07-15 12:39:15.964] [INFO] console - [39mregister object[object Object]
[32m[2017-07-15 12:39:20.502] [INFO] BlockchainSampleClient - [39m
[32m[2017-07-15 12:39:20.504] [INFO] BlockchainSampleClient - [39m-----------------------------------------------------------------------------
[32m[2017-07-15 12:39:20.504] [INFO] BlockchainSampleClient - [39m>>> BlockchainSampleClient env local, started Sat Jul 15 2017 12:39:20 GMT+0530 (IST) <<<
[32m[2017-07-15 12:39:20.505] [INFO] BlockchainSampleClient - [39m-----------------------------------------------------------------------------
[32m[2017-07-15 12:39:20.505] [INFO] BlockchainSampleClient - [39mNode started via(process.argv): /home/dhananjay/.nvm/versions/node/v6.11.1/bin/node,/home/dhananjay/marin-service/app.js
[32m[2017-07-15 12:39:20.505] [INFO] BlockchainSampleClient - [39mNode version: v6.11.1
[32m[2017-07-15 12:39:20.506] [INFO] BlockchainSampleClient - [39mNode and its dependency versions: {"http_parser":"2.7.0","node":"6.11.1","v8":"5.1.281.103","uv":"1.11.0","zlib":"1.2.11","ares":"1.10.1-DEV","icu":"58.2","modules":"48","openssl":"1.0.2k"}
[32m[2017-07-15 12:39:20.506] [INFO] BlockchainSampleClient - [39m
[32m[2017-07-15 12:39:20.506] [INFO] loggingHelper - [39mCreated logger for blockchain_sample_client.js at level ALL
[34m[2017-07-15 12:39:20.507] [TRACE] blockchain_sample_client.js - [39msetup : entry
[34m[2017-07-15 12:39:20.507] [TRACE] datastore.js - [39minit : entry 
[34m[2017-07-15 12:39:20.507] [TRACE] datastore.js - [39minit : params - {"name":"Cloudant NoSQL DB-vern","label":"cloudantNoSQLDB","plan":"Lite","credentials":{"username":"0261a1a7-17a1-4d34-a0a0-6b7a39fc6903-bluemix","password":"43957bd10a9f06e4a19968cab72861091c7ca41b60ca96af340fe2fb66ecdca3","host":"0261a1a7-17a1-4d34-a0a0-6b7a39fc6903-bluemix.cloudant.com","port":443,"url":"https://0261a1a7-17a1-4d34-a0a0-6b7a39fc6903-bluemix:43957bd10a9f06e4a19968cab72861091c7ca41b60ca96af340fe2fb66ecdca3@0261a1a7-17a1-4d34-a0a0-6b7a39fc6903-bluemix.cloudant.com"}} 
[34m[2017-07-15 12:39:20.513] [TRACE] blockchain_sample_client.js - [39mgetCloudantKeyValStore : entry 
[34m[2017-07-15 12:39:20.513] [TRACE] blockchain_sample_client.js - [39mgetCloudantKeyValStore : params - "devworks_app_master" 
[34m[2017-07-15 12:39:20.513] [TRACE] datastore.js - [39mgetDbInstance : entry 
[34m[2017-07-15 12:39:20.513] [TRACE] datastore.js - [39mgetDbInstance : params - "devworks_app_master" 
[32m[2017-07-15 12:39:21.635] [INFO] datastore.js - [39mgetDbInstance : devworks_app_master already exists. - undefined
[34m[2017-07-15 12:39:21.639] [TRACE] blockchain_network - [39msetupBlockchain : entry 
[34m[2017-07-15 12:39:21.639] [TRACE] blockchain_network - [39msetupBlockchain : params - [Circular] 
[34m[2017-07-15 12:39:21.640] [TRACE] blockchain_network - [39mchainInit : entry 
[34m[2017-07-15 12:39:21.640] [TRACE] blockchain_network - [39mchainInit : params - [Circular] 
[32m[2017-07-15 12:39:21.644] [INFO] blockchain_network - [39mchainInit : Chain Initialized - Chain {  peers: [],  securityEnabled: true,  members: {},  tcertBatchSize: 200,  devMode: false,  preFetchMode: true,  deployWaitTime: 100,  invokeWaitTime: 5,  name: 'sc_cc',  eventHub:    EventHub {     txCallback: [Function],     chaincodeRegistrants: HashTable {},     blockRegistrants: Set {},     txRegistrants: HashTable {},     ep: null,     connected: false },  keyValStore: CloudantKeyValStore { dbName: 'devworks_app_master', dbInstance: [Object] } }
[32m[2017-07-15 12:39:21.645] [INFO] blockchain_network - [39mloadNetworkConfiguration : Successfully loaded network configuration - undefined
[34m[2017-07-15 12:39:21.725] [TRACE] blockchain_network - [39mdoLogin : entry
[34m[2017-07-15 12:39:21.734] [TRACE] kv_store_model - [39mget : entry 
[34m[2017-07-15 12:39:21.735] [TRACE] kv_store_model - [39mget : params - {"id":"member.WebAppAdmin"} 
[32m[2017-07-15 12:39:22.024] [INFO] kv_store_model - [39mget : successfully fetched member file with id member.WebAppAdmin - undefined
[32m[2017-07-15 12:39:22.035] [INFO] blockchain_network - [39mdoLogin : Successfully logged in user on blockchain: WebAppAdmin - undefined
[32m[2017-07-15 12:39:22.036] [INFO] blockchain_network - [39mconfigureNetwork : Successfully enrolled registrar: WebAppAdmin - undefined
[32m[2017-07-15 12:39:22.036] [INFO] blockchain_network - [39msetupBlockchain : blockchain setup complete - undefined
[34m[2017-07-15 12:39:22.039] [TRACE] kv_store_model - [39mget : entry 
[34m[2017-07-15 12:39:22.039] [TRACE] kv_store_model - [39mget : params - {"id":"member.dhananjay.p"} 
[32m[2017-07-15 12:39:22.311] [INFO] kv_store_model - [39mget : successfully fetched member file with id member.dhananjay.p - undefined
[32m[2017-07-15 12:39:22.322] [INFO] blockchain_sdk - [39mregisterUser : Successfully registered user on blockchain: dhananjay.p - undefined
[34m[2017-07-15 12:39:22.326] [TRACE] blockchain_sdk - [39mdoLogin : entry
[32m[2017-07-15 12:39:22.329] [INFO] blockchain_sdk - [39mdoLogin : Successfully logged in user on blockchain: dhananjay.p - undefined
[32m[2017-07-15 12:39:22.330] [INFO] console - [39mserver is running on3000
[32m[2017-07-15 12:41:17.417] [INFO] BlockchainSampleClient - [39m
[32m[2017-07-15 12:41:17.419] [INFO] BlockchainSampleClient - [39m-----------------------------------------------------------------------------
[32m[2017-07-15 12:41:17.420] [INFO] BlockchainSampleClient - [39m>>> BlockchainSampleClient env local, started Sat Jul 15 2017 12:41:17 GMT+0530 (IST) <<<
[32m[2017-07-15 12:41:17.420] [INFO] BlockchainSampleClient - [39m-----------------------------------------------------------------------------
[32m[2017-07-15 12:41:17.421] [INFO] BlockchainSampleClient - [39mNode started via(process.argv): /home/dhananjay/.nvm/versions/node/v6.11.1/bin/node,/home/dhananjay/marin-service/app.js
[32m[2017-07-15 12:41:17.421] [INFO] BlockchainSampleClient - [39mNode version: v6.11.1
[32m[2017-07-15 12:41:17.421] [INFO] BlockchainSampleClient - [39mNode and its dependency versions: {"http_parser":"2.7.0","node":"6.11.1","v8":"5.1.281.103","uv":"1.11.0","zlib":"1.2.11","ares":"1.10.1-DEV","icu":"58.2","modules":"48","openssl":"1.0.2k"}
[32m[2017-07-15 12:41:17.422] [INFO] BlockchainSampleClient - [39m
[32m[2017-07-15 12:41:17.422] [INFO] loggingHelper - [39mCreated logger for blockchain_sample_client.js at level ALL
[34m[2017-07-15 12:41:17.423] [TRACE] blockchain_sample_client.js - [39msetup : entry
[34m[2017-07-15 12:41:17.424] [TRACE] datastore.js - [39minit : entry 
[34m[2017-07-15 12:41:17.424] [TRACE] datastore.js - [39minit : params - {"name":"Cloudant NoSQL DB-vern","label":"cloudantNoSQLDB","plan":"Lite","credentials":{"username":"0261a1a7-17a1-4d34-a0a0-6b7a39fc6903-bluemix","password":"43957bd10a9f06e4a19968cab72861091c7ca41b60ca96af340fe2fb66ecdca3","host":"0261a1a7-17a1-4d34-a0a0-6b7a39fc6903-bluemix.cloudant.com","port":443,"url":"https://0261a1a7-17a1-4d34-a0a0-6b7a39fc6903-bluemix:43957bd10a9f06e4a19968cab72861091c7ca41b60ca96af340fe2fb66ecdca3@0261a1a7-17a1-4d34-a0a0-6b7a39fc6903-bluemix.cloudant.com"}} 
[34m[2017-07-15 12:41:17.430] [TRACE] blockchain_sample_client.js - [39mgetCloudantKeyValStore : entry 
[34m[2017-07-15 12:41:17.431] [TRACE] blockchain_sample_client.js - [39mgetCloudantKeyValStore : params - "devworks_app_master" 
[34m[2017-07-15 12:41:17.431] [TRACE] datastore.js - [39mgetDbInstance : entry 
[34m[2017-07-15 12:41:17.431] [TRACE] datastore.js - [39mgetDbInstance : params - "devworks_app_master" 
[32m[2017-07-15 12:41:18.689] [INFO] datastore.js - [39mgetDbInstance : devworks_app_master already exists. - undefined
[34m[2017-07-15 12:41:18.695] [TRACE] blockchain_network - [39msetupBlockchain : entry 
[34m[2017-07-15 12:41:18.695] [TRACE] blockchain_network - [39msetupBlockchain : params - [Circular] 
[34m[2017-07-15 12:41:18.697] [TRACE] blockchain_network - [39mchainInit : entry 
[34m[2017-07-15 12:41:18.697] [TRACE] blockchain_network - [39mchainInit : params - [Circular] 
[32m[2017-07-15 12:41:18.703] [INFO] blockchain_network - [39mchainInit : Chain Initialized - Chain {  peers: [],  securityEnabled: true,  members: {},  tcertBatchSize: 200,  devMode: false,  preFetchMode: true,  deployWaitTime: 100,  invokeWaitTime: 5,  name: 'sc_cc',  eventHub:    EventHub {     txCallback: [Function],     chaincodeRegistrants: HashTable {},     blockRegistrants: Set {},     txRegistrants: HashTable {},     ep: null,     connected: false },  keyValStore: CloudantKeyValStore { dbName: 'devworks_app_master', dbInstance: [Object] } }
[32m[2017-07-15 12:41:18.704] [INFO] blockchain_network - [39mloadNetworkConfiguration : Successfully loaded network configuration - undefined
[34m[2017-07-15 12:41:18.787] [TRACE] blockchain_network - [39mdoLogin : entry
[34m[2017-07-15 12:41:18.796] [TRACE] kv_store_model - [39mget : entry 
[34m[2017-07-15 12:41:18.797] [TRACE] kv_store_model - [39mget : params - {"id":"member.WebAppAdmin"} 
[32m[2017-07-15 12:41:19.108] [INFO] kv_store_model - [39mget : successfully fetched member file with id member.WebAppAdmin - undefined
[32m[2017-07-15 12:41:19.122] [INFO] blockchain_network - [39mdoLogin : Successfully logged in user on blockchain: WebAppAdmin - undefined
[32m[2017-07-15 12:41:19.123] [INFO] blockchain_network - [39mconfigureNetwork : Successfully enrolled registrar: WebAppAdmin - undefined
[32m[2017-07-15 12:41:19.123] [INFO] blockchain_network - [39msetupBlockchain : blockchain setup complete - undefined
[34m[2017-07-15 12:41:19.125] [TRACE] kv_store_model - [39mget : entry 
[34m[2017-07-15 12:41:19.126] [TRACE] kv_store_model - [39mget : params - {"id":"member.dhananjay.p"} 
[32m[2017-07-15 12:41:19.433] [INFO] kv_store_model - [39mget : successfully fetched member file with id member.dhananjay.p - undefined
[32m[2017-07-15 12:41:19.445] [INFO] blockchain_sdk - [39mregisterUser : Successfully registered user on blockchain: dhananjay.p - undefined
[34m[2017-07-15 12:41:19.448] [TRACE] blockchain_sdk - [39mdoLogin : entry
[32m[2017-07-15 12:41:19.451] [INFO] blockchain_sdk - [39mdoLogin : Successfully logged in user on blockchain: dhananjay.p - undefined
[32m[2017-07-15 12:41:19.451] [INFO] console - [39mserver is running on3000
[32m[2017-07-15 12:41:27.674] [INFO] console - [39mdata in name:jay
[32m[2017-07-15 12:41:27.674] [INFO] console - [39mdata in email:patil
[32m[2017-07-15 12:41:27.674] [INFO] console - [39mdata in phone:9898287371
[32m[2017-07-15 12:41:27.674] [INFO] console - [39mdata in email:abc@rpqb.com
[32m[2017-07-15 12:41:27.674] [INFO] console - [39mdata in pasword:123
[32m[2017-07-15 12:41:27.675] [INFO] console - [39mregister object[object Object]
[32m[2017-07-15 12:42:15.228] [INFO] BlockchainSampleClient - [39m
[32m[2017-07-15 12:42:15.230] [INFO] BlockchainSampleClient - [39m-----------------------------------------------------------------------------
[32m[2017-07-15 12:42:15.230] [INFO] BlockchainSampleClient - [39m>>> BlockchainSampleClient env local, started Sat Jul 15 2017 12:42:15 GMT+0530 (IST) <<<
[32m[2017-07-15 12:42:15.231] [INFO] BlockchainSampleClient - [39m-----------------------------------------------------------------------------
[32m[2017-07-15 12:42:15.231] [INFO] BlockchainSampleClient - [39mNode started via(process.argv): /home/dhananjay/.nvm/versions/node/v6.11.1/bin/node,/home/dhananjay/marin-service/app.js
[32m[2017-07-15 12:42:15.231] [INFO] BlockchainSampleClient - [39mNode version: v6.11.1
[32m[2017-07-15 12:42:15.231] [INFO] BlockchainSampleClient - [39mNode and its dependency versions: {"http_parser":"2.7.0","node":"6.11.1","v8":"5.1.281.103","uv":"1.11.0","zlib":"1.2.11","ares":"1.10.1-DEV","icu":"58.2","modules":"48","openssl":"1.0.2k"}
[32m[2017-07-15 12:42:15.231] [INFO] BlockchainSampleClient - [39m
[32m[2017-07-15 12:42:15.232] [INFO] loggingHelper - [39mCreated logger for blockchain_sample_client.js at level ALL
[34m[2017-07-15 12:42:15.232] [TRACE] blockchain_sample_client.js - [39msetup : entry
[34m[2017-07-15 12:42:15.232] [TRACE] datastore.js - [39minit : entry 
[34m[2017-07-15 12:42:15.233] [TRACE] datastore.js - [39minit : params - {"name":"Cloudant NoSQL DB-vern","label":"cloudantNoSQLDB","plan":"Lite","credentials":{"username":"0261a1a7-17a1-4d34-a0a0-6b7a39fc6903-bluemix","password":"43957bd10a9f06e4a19968cab72861091c7ca41b60ca96af340fe2fb66ecdca3","host":"0261a1a7-17a1-4d34-a0a0-6b7a39fc6903-bluemix.cloudant.com","port":443,"url":"https://0261a1a7-17a1-4d34-a0a0-6b7a39fc6903-bluemix:43957bd10a9f06e4a19968cab72861091c7ca41b60ca96af340fe2fb66ecdca3@0261a1a7-17a1-4d34-a0a0-6b7a39fc6903-bluemix.cloudant.com"}} 
[34m[2017-07-15 12:42:15.238] [TRACE] blockchain_sample_client.js - [39mgetCloudantKeyValStore : entry 
[34m[2017-07-15 12:42:15.238] [TRACE] blockchain_sample_client.js - [39mgetCloudantKeyValStore : params - "devworks_app_master" 
[34m[2017-07-15 12:42:15.239] [TRACE] datastore.js - [39mgetDbInstance : entry 
[34m[2017-07-15 12:42:15.239] [TRACE] datastore.js - [39mgetDbInstance : params - "devworks_app_master" 
[32m[2017-07-15 12:42:16.339] [INFO] datastore.js - [39mgetDbInstance : devworks_app_master already exists. - undefined
[34m[2017-07-15 12:42:16.344] [TRACE] blockchain_network - [39msetupBlockchain : entry 
[34m[2017-07-15 12:42:16.344] [TRACE] blockchain_network - [39msetupBlockchain : params - [Circular] 
[34m[2017-07-15 12:42:16.345] [TRACE] blockchain_network - [39mchainInit : entry 
[34m[2017-07-15 12:42:16.347] [TRACE] blockchain_network - [39mchainInit : params - [Circular] 
[32m[2017-07-15 12:42:16.355] [INFO] blockchain_network - [39mchainInit : Chain Initialized - Chain {  peers: [],  securityEnabled: true,  members: {},  tcertBatchSize: 200,  devMode: false,  preFetchMode: true,  deployWaitTime: 100,  invokeWaitTime: 5,  name: 'sc_cc',  eventHub:    EventHub {     txCallback: [Function],     chaincodeRegistrants: HashTable {},     blockRegistrants: Set {},     txRegistrants: HashTable {},     ep: null,     connected: false },  keyValStore: CloudantKeyValStore { dbName: 'devworks_app_master', dbInstance: [Object] } }
[32m[2017-07-15 12:42:16.357] [INFO] blockchain_network - [39mloadNetworkConfiguration : Successfully loaded network configuration - undefined
[34m[2017-07-15 12:42:16.467] [TRACE] blockchain_network - [39mdoLogin : entry
[34m[2017-07-15 12:42:16.478] [TRACE] kv_store_model - [39mget : entry 
[34m[2017-07-15 12:42:16.478] [TRACE] kv_store_model - [39mget : params - {"id":"member.WebAppAdmin"} 
[32m[2017-07-15 12:42:16.741] [INFO] kv_store_model - [39mget : successfully fetched member file with id member.WebAppAdmin - undefined
[32m[2017-07-15 12:42:16.752] [INFO] blockchain_network - [39mdoLogin : Successfully logged in user on blockchain: WebAppAdmin - undefined
[32m[2017-07-15 12:42:16.752] [INFO] blockchain_network - [39mconfigureNetwork : Successfully enrolled registrar: WebAppAdmin - undefined
[32m[2017-07-15 12:42:16.752] [INFO] blockchain_network - [39msetupBlockchain : blockchain setup complete - undefined
[34m[2017-07-15 12:42:16.755] [TRACE] kv_store_model - [39mget : entry 
[34m[2017-07-15 12:42:16.755] [TRACE] kv_store_model - [39mget : params - {"id":"member.dhananjay.p"} 
[32m[2017-07-15 12:42:17.005] [INFO] kv_store_model - [39mget : successfully fetched member file with id member.dhananjay.p - undefined
[32m[2017-07-15 12:42:17.016] [INFO] blockchain_sdk - [39mregisterUser : Successfully registered user on blockchain: dhananjay.p - undefined
[34m[2017-07-15 12:42:17.018] [TRACE] blockchain_sdk - [39mdoLogin : entry
[32m[2017-07-15 12:42:17.022] [INFO] blockchain_sdk - [39mdoLogin : Successfully logged in user on blockchain: dhananjay.p - undefined
[32m[2017-07-15 12:42:17.022] [INFO] console - [39mserver is running on3000
[32m[2017-07-15 12:42:23.223] [INFO] console - [39mdata in name:jay
[32m[2017-07-15 12:42:23.223] [INFO] console - [39mdata in email:patil
[32m[2017-07-15 12:42:23.223] [INFO] console - [39mdata in phone:989827371
[32m[2017-07-15 12:42:23.224] [INFO] console - [39mdata in email:abc@rpqb.com
[32m[2017-07-15 12:42:23.224] [INFO] console - [39mdata in pasword:123
[32m[2017-07-15 12:42:23.224] [INFO] console - [39mregister object[object Object]
[31m[2017-07-15 12:42:23.234] [ERROR] console - [39m(node:15455) UnhandledPromiseRejectionWarning: Unhandled promise rejection (rejection id: 2): RangeError: Invalid status code: 0
[32m[2017-07-15 12:43:45.653] [INFO] BlockchainSampleClient - [39m
[32m[2017-07-15 12:43:45.655] [INFO] BlockchainSampleClient - [39m-----------------------------------------------------------------------------
[32m[2017-07-15 12:43:45.656] [INFO] BlockchainSampleClient - [39m>>> BlockchainSampleClient env local, started Sat Jul 15 2017 12:43:45 GMT+0530 (IST) <<<
[32m[2017-07-15 12:43:45.656] [INFO] BlockchainSampleClient - [39m-----------------------------------------------------------------------------
[32m[2017-07-15 12:43:45.656] [INFO] BlockchainSampleClient - [39mNode started via(process.argv): /home/dhananjay/.nvm/versions/node/v6.11.1/bin/node,/home/dhananjay/marin-service/app.js
[32m[2017-07-15 12:43:45.656] [INFO] BlockchainSampleClient - [39mNode version: v6.11.1
[32m[2017-07-15 12:43:45.657] [INFO] BlockchainSampleClient - [39mNode and its dependency versions: {"http_parser":"2.7.0","node":"6.11.1","v8":"5.1.281.103","uv":"1.11.0","zlib":"1.2.11","ares":"1.10.1-DEV","icu":"58.2","modules":"48","openssl":"1.0.2k"}
[32m[2017-07-15 12:43:45.657] [INFO] BlockchainSampleClient - [39m
[32m[2017-07-15 12:43:45.657] [INFO] loggingHelper - [39mCreated logger for blockchain_sample_client.js at level ALL
[34m[2017-07-15 12:43:45.658] [TRACE] blockchain_sample_client.js - [39msetup : entry
[34m[2017-07-15 12:43:45.658] [TRACE] datastore.js - [39minit : entry 
[34m[2017-07-15 12:43:45.658] [TRACE] datastore.js - [39minit : params - {"name":"Cloudant NoSQL DB-vern","label":"cloudantNoSQLDB","plan":"Lite","credentials":{"username":"0261a1a7-17a1-4d34-a0a0-6b7a39fc6903-bluemix","password":"43957bd10a9f06e4a19968cab72861091c7ca41b60ca96af340fe2fb66ecdca3","host":"0261a1a7-17a1-4d34-a0a0-6b7a39fc6903-bluemix.cloudant.com","port":443,"url":"https://0261a1a7-17a1-4d34-a0a0-6b7a39fc6903-bluemix:43957bd10a9f06e4a19968cab72861091c7ca41b60ca96af340fe2fb66ecdca3@0261a1a7-17a1-4d34-a0a0-6b7a39fc6903-bluemix.cloudant.com"}} 
[34m[2017-07-15 12:43:45.664] [TRACE] blockchain_sample_client.js - [39mgetCloudantKeyValStore : entry 
[34m[2017-07-15 12:43:45.664] [TRACE] blockchain_sample_client.js - [39mgetCloudantKeyValStore : params - "devworks_app_master" 
[34m[2017-07-15 12:43:45.664] [TRACE] datastore.js - [39mgetDbInstance : entry 
[34m[2017-07-15 12:43:45.664] [TRACE] datastore.js - [39mgetDbInstance : params - "devworks_app_master" 
[32m[2017-07-15 12:43:46.955] [INFO] datastore.js - [39mgetDbInstance : devworks_app_master already exists. - undefined
[34m[2017-07-15 12:43:46.961] [TRACE] blockchain_network - [39msetupBlockchain : entry 
[34m[2017-07-15 12:43:46.961] [TRACE] blockchain_network - [39msetupBlockchain : params - [Circular] 
[34m[2017-07-15 12:43:46.963] [TRACE] blockchain_network - [39mchainInit : entry 
[34m[2017-07-15 12:43:46.964] [TRACE] blockchain_network - [39mchainInit : params - [Circular] 
[32m[2017-07-15 12:43:46.970] [INFO] blockchain_network - [39mchainInit : Chain Initialized - Chain {  peers: [],  securityEnabled: true,  members: {},  tcertBatchSize: 200,  devMode: false,  preFetchMode: true,  deployWaitTime: 100,  invokeWaitTime: 5,  name: 'sc_cc',  eventHub:    EventHub {     txCallback: [Function],     chaincodeRegistrants: HashTable {},     blockRegistrants: Set {},     txRegistrants: HashTable {},     ep: null,     connected: false },  keyValStore: CloudantKeyValStore { dbName: 'devworks_app_master', dbInstance: [Object] } }
[32m[2017-07-15 12:43:46.971] [INFO] blockchain_network - [39mloadNetworkConfiguration : Successfully loaded network configuration - undefined
[34m[2017-07-15 12:43:47.082] [TRACE] blockchain_network - [39mdoLogin : entry
[34m[2017-07-15 12:43:47.091] [TRACE] kv_store_model - [39mget : entry 
[34m[2017-07-15 12:43:47.092] [TRACE] kv_store_model - [39mget : params - {"id":"member.WebAppAdmin"} 
[32m[2017-07-15 12:43:47.407] [INFO] kv_store_model - [39mget : successfully fetched member file with id member.WebAppAdmin - undefined
[32m[2017-07-15 12:43:47.417] [INFO] blockchain_network - [39mdoLogin : Successfully logged in user on blockchain: WebAppAdmin - undefined
[32m[2017-07-15 12:43:47.417] [INFO] blockchain_network - [39mconfigureNetwork : Successfully enrolled registrar: WebAppAdmin - undefined
[32m[2017-07-15 12:43:47.418] [INFO] blockchain_network - [39msetupBlockchain : blockchain setup complete - undefined
[34m[2017-07-15 12:43:47.421] [TRACE] kv_store_model - [39mget : entry 
[34m[2017-07-15 12:43:47.421] [TRACE] kv_store_model - [39mget : params - {"id":"member.dhananjay.p"} 
[32m[2017-07-15 12:43:47.732] [INFO] kv_store_model - [39mget : successfully fetched member file with id member.dhananjay.p - undefined
[32m[2017-07-15 12:44:11.670] [INFO] BlockchainSampleClient - [39m
[32m[2017-07-15 12:44:11.673] [INFO] BlockchainSampleClient - [39m-----------------------------------------------------------------------------
[32m[2017-07-15 12:44:11.673] [INFO] BlockchainSampleClient - [39m>>> BlockchainSampleClient env local, started Sat Jul 15 2017 12:44:11 GMT+0530 (IST) <<<
[32m[2017-07-15 12:44:11.674] [INFO] BlockchainSampleClient - [39m-----------------------------------------------------------------------------
[32m[2017-07-15 12:44:11.674] [INFO] BlockchainSampleClient - [39mNode started via(process.argv): /home/dhananjay/.nvm/versions/node/v6.11.1/bin/node,/home/dhananjay/marin-service/app.js
[32m[2017-07-15 12:44:11.674] [INFO] BlockchainSampleClient - [39mNode version: v6.11.1
[32m[2017-07-15 12:44:11.674] [INFO] BlockchainSampleClient - [39mNode and its dependency versions: {"http_parser":"2.7.0","node":"6.11.1","v8":"5.1.281.103","uv":"1.11.0","zlib":"1.2.11","ares":"1.10.1-DEV","icu":"58.2","modules":"48","openssl":"1.0.2k"}
[32m[2017-07-15 12:44:11.675] [INFO] BlockchainSampleClient - [39m
[32m[2017-07-15 12:44:11.675] [INFO] loggingHelper - [39mCreated logger for blockchain_sample_client.js at level ALL
[34m[2017-07-15 12:44:11.675] [TRACE] blockchain_sample_client.js - [39msetup : entry
[34m[2017-07-15 12:44:11.676] [TRACE] datastore.js - [39minit : entry 
[34m[2017-07-15 12:44:11.676] [TRACE] datastore.js - [39minit : params - {"name":"Cloudant NoSQL DB-vern","label":"cloudantNoSQLDB","plan":"Lite","credentials":{"username":"0261a1a7-17a1-4d34-a0a0-6b7a39fc6903-bluemix","password":"43957bd10a9f06e4a19968cab72861091c7ca41b60ca96af340fe2fb66ecdca3","host":"0261a1a7-17a1-4d34-a0a0-6b7a39fc6903-bluemix.cloudant.com","port":443,"url":"https://0261a1a7-17a1-4d34-a0a0-6b7a39fc6903-bluemix:43957bd10a9f06e4a19968cab72861091c7ca41b60ca96af340fe2fb66ecdca3@0261a1a7-17a1-4d34-a0a0-6b7a39fc6903-bluemix.cloudant.com"}} 
[34m[2017-07-15 12:44:11.682] [TRACE] blockchain_sample_client.js - [39mgetCloudantKeyValStore : entry 
[34m[2017-07-15 12:44:11.682] [TRACE] blockchain_sample_client.js - [39mgetCloudantKeyValStore : params - "devworks_app_master" 
[34m[2017-07-15 12:44:11.682] [TRACE] datastore.js - [39mgetDbInstance : entry 
[34m[2017-07-15 12:44:11.682] [TRACE] datastore.js - [39mgetDbInstance : params - "devworks_app_master" 
[32m[2017-07-15 12:44:12.916] [INFO] datastore.js - [39mgetDbInstance : devworks_app_master already exists. - undefined
[34m[2017-07-15 12:44:12.921] [TRACE] blockchain_network - [39msetupBlockchain : entry 
[34m[2017-07-15 12:44:12.921] [TRACE] blockchain_network - [39msetupBlockchain : params - [Circular] 
[34m[2017-07-15 12:44:12.922] [TRACE] blockchain_network - [39mchainInit : entry 
[34m[2017-07-15 12:44:12.923] [TRACE] blockchain_network - [39mchainInit : params - [Circular] 
[32m[2017-07-15 12:44:12.927] [INFO] blockchain_network - [39mchainInit : Chain Initialized - Chain {  peers: [],  securityEnabled: true,  members: {},  tcertBatchSize: 200,  devMode: false,  preFetchMode: true,  deployWaitTime: 100,  invokeWaitTime: 5,  name: 'sc_cc',  eventHub:    EventHub {     txCallback: [Function],     chaincodeRegistrants: HashTable {},     blockRegistrants: Set {},     txRegistrants: HashTable {},     ep: null,     connected: false },  keyValStore: CloudantKeyValStore { dbName: 'devworks_app_master', dbInstance: [Object] } }
[32m[2017-07-15 12:44:12.929] [INFO] blockchain_network - [39mloadNetworkConfiguration : Successfully loaded network configuration - undefined
[34m[2017-07-15 12:44:13.017] [TRACE] blockchain_network - [39mdoLogin : entry
[34m[2017-07-15 12:44:13.027] [TRACE] kv_store_model - [39mget : entry 
[34m[2017-07-15 12:44:13.027] [TRACE] kv_store_model - [39mget : params - {"id":"member.WebAppAdmin"} 
[32m[2017-07-15 12:44:13.344] [INFO] kv_store_model - [39mget : successfully fetched member file with id member.WebAppAdmin - undefined
[32m[2017-07-15 12:44:13.359] [INFO] blockchain_network - [39mdoLogin : Successfully logged in user on blockchain: WebAppAdmin - undefined
[32m[2017-07-15 12:44:13.359] [INFO] blockchain_network - [39mconfigureNetwork : Successfully enrolled registrar: WebAppAdmin - undefined
[32m[2017-07-15 12:44:13.359] [INFO] blockchain_network - [39msetupBlockchain : blockchain setup complete - undefined
[34m[2017-07-15 12:44:13.361] [TRACE] kv_store_model - [39mget : entry 
[34m[2017-07-15 12:44:13.362] [TRACE] kv_store_model - [39mget : params - {"id":"member.dhananjay.p"} 
[32m[2017-07-15 12:44:13.669] [INFO] kv_store_model - [39mget : successfully fetched member file with id member.dhananjay.p - undefined
[32m[2017-07-15 12:44:45.798] [INFO] BlockchainSampleClient - [39m
[32m[2017-07-15 12:44:45.800] [INFO] BlockchainSampleClient - [39m-----------------------------------------------------------------------------
[32m[2017-07-15 12:44:45.801] [INFO] BlockchainSampleClient - [39m>>> BlockchainSampleClient env local, started Sat Jul 15 2017 12:44:45 GMT+0530 (IST) <<<
[32m[2017-07-15 12:44:45.801] [INFO] BlockchainSampleClient - [39m-----------------------------------------------------------------------------
[32m[2017-07-15 12:44:45.801] [INFO] BlockchainSampleClient - [39mNode started via(process.argv): /home/dhananjay/.nvm/versions/node/v6.11.1/bin/node,/home/dhananjay/marin-service/app.js
[32m[2017-07-15 12:44:45.801] [INFO] BlockchainSampleClient - [39mNode version: v6.11.1
[32m[2017-07-15 12:44:45.802] [INFO] BlockchainSampleClient - [39mNode and its dependency versions: {"http_parser":"2.7.0","node":"6.11.1","v8":"5.1.281.103","uv":"1.11.0","zlib":"1.2.11","ares":"1.10.1-DEV","icu":"58.2","modules":"48","openssl":"1.0.2k"}
[32m[2017-07-15 12:44:45.802] [INFO] BlockchainSampleClient - [39m
[32m[2017-07-15 12:44:45.802] [INFO] loggingHelper - [39mCreated logger for blockchain_sample_client.js at level ALL
[34m[2017-07-15 12:44:45.803] [TRACE] blockchain_sample_client.js - [39msetup : entry
[34m[2017-07-15 12:44:45.803] [TRACE] datastore.js - [39minit : entry 
[34m[2017-07-15 12:44:45.803] [TRACE] datastore.js - [39minit : params - {"name":"Cloudant NoSQL DB-vern","label":"cloudantNoSQLDB","plan":"Lite","credentials":{"username":"0261a1a7-17a1-4d34-a0a0-6b7a39fc6903-bluemix","password":"43957bd10a9f06e4a19968cab72861091c7ca41b60ca96af340fe2fb66ecdca3","host":"0261a1a7-17a1-4d34-a0a0-6b7a39fc6903-bluemix.cloudant.com","port":443,"url":"https://0261a1a7-17a1-4d34-a0a0-6b7a39fc6903-bluemix:43957bd10a9f06e4a19968cab72861091c7ca41b60ca96af340fe2fb66ecdca3@0261a1a7-17a1-4d34-a0a0-6b7a39fc6903-bluemix.cloudant.com"}} 
[34m[2017-07-15 12:44:45.809] [TRACE] blockchain_sample_client.js - [39mgetCloudantKeyValStore : entry 
[34m[2017-07-15 12:44:45.809] [TRACE] blockchain_sample_client.js - [39mgetCloudantKeyValStore : params - "devworks_app_master" 
[34m[2017-07-15 12:44:45.809] [TRACE] datastore.js - [39mgetDbInstance : entry 
[34m[2017-07-15 12:44:45.809] [TRACE] datastore.js - [39mgetDbInstance : params - "devworks_app_master" 
[32m[2017-07-15 12:44:46.863] [INFO] datastore.js - [39mgetDbInstance : devworks_app_master already exists. - undefined
[34m[2017-07-15 12:44:46.867] [TRACE] blockchain_network - [39msetupBlockchain : entry 
[34m[2017-07-15 12:44:46.867] [TRACE] blockchain_network - [39msetupBlockchain : params - [Circular] 
[34m[2017-07-15 12:44:46.868] [TRACE] blockchain_network - [39mchainInit : entry 
[34m[2017-07-15 12:44:46.869] [TRACE] blockchain_network - [39mchainInit : params - [Circular] 
[32m[2017-07-15 12:44:46.872] [INFO] blockchain_network - [39mchainInit : Chain Initialized - Chain {  peers: [],  securityEnabled: true,  members: {},  tcertBatchSize: 200,  devMode: false,  preFetchMode: true,  deployWaitTime: 100,  invokeWaitTime: 5,  name: 'sc_cc',  eventHub:    EventHub {     txCallback: [Function],     chaincodeRegistrants: HashTable {},     blockRegistrants: Set {},     txRegistrants: HashTable {},     ep: null,     connected: false },  keyValStore: CloudantKeyValStore { dbName: 'devworks_app_master', dbInstance: [Object] } }
[32m[2017-07-15 12:44:46.873] [INFO] blockchain_network - [39mloadNetworkConfiguration : Successfully loaded network configuration - undefined
[34m[2017-07-15 12:44:46.959] [TRACE] blockchain_network - [39mdoLogin : entry
[34m[2017-07-15 12:44:46.969] [TRACE] kv_store_model - [39mget : entry 
[34m[2017-07-15 12:44:46.969] [TRACE] kv_store_model - [39mget : params - {"id":"member.WebAppAdmin"} 
[32m[2017-07-15 12:44:47.228] [INFO] kv_store_model - [39mget : successfully fetched member file with id member.WebAppAdmin - undefined
[32m[2017-07-15 12:44:47.242] [INFO] blockchain_network - [39mdoLogin : Successfully logged in user on blockchain: WebAppAdmin - undefined
[32m[2017-07-15 12:44:47.242] [INFO] blockchain_network - [39mconfigureNetwork : Successfully enrolled registrar: WebAppAdmin - undefined
[32m[2017-07-15 12:44:47.243] [INFO] blockchain_network - [39msetupBlockchain : blockchain setup complete - undefined
[34m[2017-07-15 12:44:47.245] [TRACE] kv_store_model - [39mget : entry 
[34m[2017-07-15 12:44:47.245] [TRACE] kv_store_model - [39mget : params - {"id":"member.dhananjay.p"} 
[32m[2017-07-15 12:44:47.502] [INFO] kv_store_model - [39mget : successfully fetched member file with id member.dhananjay.p - undefined
[32m[2017-07-15 12:45:50.911] [INFO] BlockchainSampleClient - [39m
[32m[2017-07-15 12:45:50.914] [INFO] BlockchainSampleClient - [39m-----------------------------------------------------------------------------
[32m[2017-07-15 12:45:50.914] [INFO] BlockchainSampleClient - [39m>>> BlockchainSampleClient env local, started Sat Jul 15 2017 12:45:50 GMT+0530 (IST) <<<
[32m[2017-07-15 12:45:50.914] [INFO] BlockchainSampleClient - [39m-----------------------------------------------------------------------------
[32m[2017-07-15 12:45:50.915] [INFO] BlockchainSampleClient - [39mNode started via(process.argv): /home/dhananjay/.nvm/versions/node/v6.11.1/bin/node,/home/dhananjay/marin-service/app.js
[32m[2017-07-15 12:45:50.915] [INFO] BlockchainSampleClient - [39mNode version: v6.11.1
[32m[2017-07-15 12:45:50.915] [INFO] BlockchainSampleClient - [39mNode and its dependency versions: {"http_parser":"2.7.0","node":"6.11.1","v8":"5.1.281.103","uv":"1.11.0","zlib":"1.2.11","ares":"1.10.1-DEV","icu":"58.2","modules":"48","openssl":"1.0.2k"}
[32m[2017-07-15 12:45:50.915] [INFO] BlockchainSampleClient - [39m
[32m[2017-07-15 12:45:50.915] [INFO] loggingHelper - [39mCreated logger for blockchain_sample_client.js at level ALL
[34m[2017-07-15 12:45:50.916] [TRACE] blockchain_sample_client.js - [39msetup : entry
[34m[2017-07-15 12:45:50.916] [TRACE] datastore.js - [39minit : entry 
[34m[2017-07-15 12:45:50.916] [TRACE] datastore.js - [39minit : params - {"name":"Cloudant NoSQL DB-vern","label":"cloudantNoSQLDB","plan":"Lite","credentials":{"username":"0261a1a7-17a1-4d34-a0a0-6b7a39fc6903-bluemix","password":"43957bd10a9f06e4a19968cab72861091c7ca41b60ca96af340fe2fb66ecdca3","host":"0261a1a7-17a1-4d34-a0a0-6b7a39fc6903-bluemix.cloudant.com","port":443,"url":"https://0261a1a7-17a1-4d34-a0a0-6b7a39fc6903-bluemix:43957bd10a9f06e4a19968cab72861091c7ca41b60ca96af340fe2fb66ecdca3@0261a1a7-17a1-4d34-a0a0-6b7a39fc6903-bluemix.cloudant.com"}} 
[34m[2017-07-15 12:45:50.922] [TRACE] blockchain_sample_client.js - [39mgetCloudantKeyValStore : entry 
[34m[2017-07-15 12:45:50.922] [TRACE] blockchain_sample_client.js - [39mgetCloudantKeyValStore : params - "devworks_app_master" 
[34m[2017-07-15 12:45:50.923] [TRACE] datastore.js - [39mgetDbInstance : entry 
[34m[2017-07-15 12:45:50.923] [TRACE] datastore.js - [39mgetDbInstance : params - "devworks_app_master" 
[32m[2017-07-15 12:45:52.076] [INFO] datastore.js - [39mgetDbInstance : devworks_app_master already exists. - undefined
[34m[2017-07-15 12:45:52.084] [TRACE] blockchain_network - [39msetupBlockchain : entry 
[34m[2017-07-15 12:45:52.084] [TRACE] blockchain_network - [39msetupBlockchain : params - [Circular] 
[34m[2017-07-15 12:45:52.086] [TRACE] blockchain_network - [39mchainInit : entry 
[34m[2017-07-15 12:45:52.087] [TRACE] blockchain_network - [39mchainInit : params - [Circular] 
[32m[2017-07-15 12:45:52.094] [INFO] blockchain_network - [39mchainInit : Chain Initialized - Chain {  peers: [],  securityEnabled: true,  members: {},  tcertBatchSize: 200,  devMode: false,  preFetchMode: true,  deployWaitTime: 100,  invokeWaitTime: 5,  name: 'sc_cc',  eventHub:    EventHub {     txCallback: [Function],     chaincodeRegistrants: HashTable {},     blockRegistrants: Set {},     txRegistrants: HashTable {},     ep: null,     connected: false },  keyValStore: CloudantKeyValStore { dbName: 'devworks_app_master', dbInstance: [Object] } }
[32m[2017-07-15 12:45:52.095] [INFO] blockchain_network - [39mloadNetworkConfiguration : Successfully loaded network configuration - undefined
[34m[2017-07-15 12:45:52.194] [TRACE] blockchain_network - [39mdoLogin : entry
[34m[2017-07-15 12:45:52.207] [TRACE] kv_store_model - [39mget : entry 
[34m[2017-07-15 12:45:52.207] [TRACE] kv_store_model - [39mget : params - {"id":"member.WebAppAdmin"} 
[32m[2017-07-15 12:45:52.492] [INFO] kv_store_model - [39mget : successfully fetched member file with id member.WebAppAdmin - undefined
[32m[2017-07-15 12:45:52.503] [INFO] blockchain_network - [39mdoLogin : Successfully logged in user on blockchain: WebAppAdmin - undefined
[32m[2017-07-15 12:45:52.504] [INFO] blockchain_network - [39mconfigureNetwork : Successfully enrolled registrar: WebAppAdmin - undefined
[32m[2017-07-15 12:45:52.504] [INFO] blockchain_network - [39msetupBlockchain : blockchain setup complete - undefined
[34m[2017-07-15 12:45:52.507] [TRACE] kv_store_model - [39mget : entry 
[34m[2017-07-15 12:45:52.507] [TRACE] kv_store_model - [39mget : params - {"id":"member.dhananjay.p"} 
[32m[2017-07-15 12:45:52.786] [INFO] kv_store_model - [39mget : successfully fetched member file with id member.dhananjay.p - undefined
[32m[2017-07-15 12:47:00.615] [INFO] BlockchainSampleClient - [39m
[32m[2017-07-15 12:47:00.617] [INFO] BlockchainSampleClient - [39m-----------------------------------------------------------------------------
[32m[2017-07-15 12:47:00.617] [INFO] BlockchainSampleClient - [39m>>> BlockchainSampleClient env local, started Sat Jul 15 2017 12:47:00 GMT+0530 (IST) <<<
[32m[2017-07-15 12:47:00.618] [INFO] BlockchainSampleClient - [39m-----------------------------------------------------------------------------
[32m[2017-07-15 12:47:00.618] [INFO] BlockchainSampleClient - [39mNode started via(process.argv): /home/dhananjay/.nvm/versions/node/v6.11.1/bin/node,/home/dhananjay/marin-service/app.js
[32m[2017-07-15 12:47:00.618] [INFO] BlockchainSampleClient - [39mNode version: v6.11.1
[32m[2017-07-15 12:47:00.618] [INFO] BlockchainSampleClient - [39mNode and its dependency versions: {"http_parser":"2.7.0","node":"6.11.1","v8":"5.1.281.103","uv":"1.11.0","zlib":"1.2.11","ares":"1.10.1-DEV","icu":"58.2","modules":"48","openssl":"1.0.2k"}
[32m[2017-07-15 12:47:00.619] [INFO] BlockchainSampleClient - [39m
[32m[2017-07-15 12:47:00.619] [INFO] loggingHelper - [39mCreated logger for blockchain_sample_client.js at level ALL
[34m[2017-07-15 12:47:00.619] [TRACE] blockchain_sample_client.js - [39msetup : entry
[34m[2017-07-15 12:47:00.620] [TRACE] datastore.js - [39minit : entry 
[34m[2017-07-15 12:47:00.620] [TRACE] datastore.js - [39minit : params - {"name":"Cloudant NoSQL DB-vern","label":"cloudantNoSQLDB","plan":"Lite","credentials":{"username":"0261a1a7-17a1-4d34-a0a0-6b7a39fc6903-bluemix","password":"43957bd10a9f06e4a19968cab72861091c7ca41b60ca96af340fe2fb66ecdca3","host":"0261a1a7-17a1-4d34-a0a0-6b7a39fc6903-bluemix.cloudant.com","port":443,"url":"https://0261a1a7-17a1-4d34-a0a0-6b7a39fc6903-bluemix:43957bd10a9f06e4a19968cab72861091c7ca41b60ca96af340fe2fb66ecdca3@0261a1a7-17a1-4d34-a0a0-6b7a39fc6903-bluemix.cloudant.com"}} 
[34m[2017-07-15 12:47:00.626] [TRACE] blockchain_sample_client.js - [39mgetCloudantKeyValStore : entry 
[34m[2017-07-15 12:47:00.626] [TRACE] blockchain_sample_client.js - [39mgetCloudantKeyValStore : params - "devworks_app_master" 
[34m[2017-07-15 12:47:00.626] [TRACE] datastore.js - [39mgetDbInstance : entry 
[34m[2017-07-15 12:47:00.626] [TRACE] datastore.js - [39mgetDbInstance : params - "devworks_app_master" 
[32m[2017-07-15 12:47:02.015] [INFO] datastore.js - [39mgetDbInstance : devworks_app_master already exists. - undefined
[34m[2017-07-15 12:47:02.019] [TRACE] blockchain_network - [39msetupBlockchain : entry 
[34m[2017-07-15 12:47:02.019] [TRACE] blockchain_network - [39msetupBlockchain : params - [Circular] 
[34m[2017-07-15 12:47:02.020] [TRACE] blockchain_network - [39mchainInit : entry 
[34m[2017-07-15 12:47:02.021] [TRACE] blockchain_network - [39mchainInit : params - [Circular] 
[32m[2017-07-15 12:47:02.025] [INFO] blockchain_network - [39mchainInit : Chain Initialized - Chain {  peers: [],  securityEnabled: true,  members: {},  tcertBatchSize: 200,  devMode: false,  preFetchMode: true,  deployWaitTime: 100,  invokeWaitTime: 5,  name: 'sc_cc',  eventHub:    EventHub {     txCallback: [Function],     chaincodeRegistrants: HashTable {},     blockRegistrants: Set {},     txRegistrants: HashTable {},     ep: null,     connected: false },  keyValStore: CloudantKeyValStore { dbName: 'devworks_app_master', dbInstance: [Object] } }
[32m[2017-07-15 12:47:02.026] [INFO] blockchain_network - [39mloadNetworkConfiguration : Successfully loaded network configuration - undefined
[34m[2017-07-15 12:47:02.110] [TRACE] blockchain_network - [39mdoLogin : entry
[34m[2017-07-15 12:47:02.121] [TRACE] kv_store_model - [39mget : entry 
[34m[2017-07-15 12:47:02.121] [TRACE] kv_store_model - [39mget : params - {"id":"member.WebAppAdmin"} 
[32m[2017-07-15 12:47:02.479] [INFO] kv_store_model - [39mget : successfully fetched member file with id member.WebAppAdmin - undefined
[32m[2017-07-15 12:47:02.488] [INFO] blockchain_network - [39mdoLogin : Successfully logged in user on blockchain: WebAppAdmin - undefined
[32m[2017-07-15 12:47:02.489] [INFO] blockchain_network - [39mconfigureNetwork : Successfully enrolled registrar: WebAppAdmin - undefined
[32m[2017-07-15 12:47:02.489] [INFO] blockchain_network - [39msetupBlockchain : blockchain setup complete - undefined
[34m[2017-07-15 12:47:02.492] [TRACE] kv_store_model - [39mget : entry 
[34m[2017-07-15 12:47:02.492] [TRACE] kv_store_model - [39mget : params - {"id":"member.dhananjay.p"} 
[32m[2017-07-15 12:47:02.769] [INFO] kv_store_model - [39mget : successfully fetched member file with id member.dhananjay.p - undefined
[32m[2017-07-15 12:47:02.782] [INFO] blockchain_sdk - [39mregisterUser : Successfully registered user on blockchain: dhananjay.p - undefined
[34m[2017-07-15 12:47:02.783] [TRACE] blockchain_sdk - [39mdoLogin : entry
[32m[2017-07-15 12:47:02.787] [INFO] blockchain_sdk - [39mdoLogin : Successfully logged in user on blockchain: dhananjay.p - undefined
[32m[2017-07-15 12:47:02.787] [INFO] console - [39mserver is running on3000
[32m[2017-07-15 12:47:15.164] [INFO] console - [39mdata in name:jay
[32m[2017-07-15 12:47:15.164] [INFO] console - [39mdata in email:patil
[32m[2017-07-15 12:47:15.165] [INFO] console - [39mdata in phone:989827371
[32m[2017-07-15 12:47:15.165] [INFO] console - [39mdata in email:abc@rpqb.com
[32m[2017-07-15 12:47:15.166] [INFO] console - [39mdata in pasword:123
[32m[2017-07-15 12:47:15.166] [INFO] console - [39mregister object[object Object]
[31m[2017-07-15 12:47:15.179] [ERROR] console - [39m(node:16238) UnhandledPromiseRejectionWarning: Unhandled promise rejection (rejection id: 2): RangeError: Invalid status code: 0
[32m[2017-07-15 12:47:49.286] [INFO] console - [39memail from ui side abc@rpqb.com
[32m[2017-07-15 12:47:49.286] [INFO] console - [39m123 password from ui side
[31m[2017-07-15 12:47:49.290] [ERROR] console - [39m(node:16238) UnhandledPromiseRejectionWarning: Unhandled promise rejection (rejection id: 4): RangeError: Invalid status code: 0
