[32m[2017-07-30 00:00:06.164] [INFO] console - [39mconsignmentWeight20000
[32m[2017-07-30 00:00:06.175] [INFO] console - [39mconsignmentvalue20000
[32m[2017-07-30 00:00:06.176] [INFO] console - [39mcontractTypecipPolicy
[32m[2017-07-30 00:00:09.393] [INFO] console - [39m[ { uid: 3,
    fname: 'Vikram',
    lname: 'Viswanathan',
    phone: 919768135452,
    email: 'vikram.viswanathan@rapidqube.com',
    usertype: 'Marine Aggregator',
    password: '12345',
    status: 'Active' } ]
[32m[2017-07-30 00:06:34.050] [INFO] console - [39mconsignmentWeight10
[32m[2017-07-30 00:06:34.151] [INFO] console - [39mconsignmentvalue1000
[32m[2017-07-30 00:06:34.152] [INFO] console - [39mcontractTypecipPolicy
[32m[2017-07-30 00:06:36.827] [INFO] console - [39m[ { uid: 3,
    fname: 'Vikram',
    lname: 'Viswanathan',
    phone: 919768135452,
    email: 'vikram.viswanathan@rapidqube.com',
    usertype: 'Marine Aggregator',
    password: '12345',
    status: 'Active' } ]
[32m[2017-07-30 20:34:32.727] [INFO] BlockchainSampleClient - [39m
[32m[2017-07-30 20:34:32.728] [INFO] BlockchainSampleClient - [39m-----------------------------------------------------------------------------
[32m[2017-07-30 20:34:32.728] [INFO] BlockchainSampleClient - [39m>>> BlockchainSampleClient env local, started Sun Jul 30 2017 20:34:32 GMT+0530 (IST) <<<
[32m[2017-07-30 20:34:32.729] [INFO] BlockchainSampleClient - [39m-----------------------------------------------------------------------------
[32m[2017-07-30 20:34:32.729] [INFO] BlockchainSampleClient - [39mNode started via(process.argv): /home/vikramv/.nvm/versions/node/v6.10.3/bin/node,/home/vikramv/workspace/NodeJSWorkspace/marin-service/app.js
[32m[2017-07-30 20:34:32.729] [INFO] BlockchainSampleClient - [39mNode version: v6.10.3
[32m[2017-07-30 20:34:32.729] [INFO] BlockchainSampleClient - [39mNode and its dependency versions: {"http_parser":"2.7.0","node":"6.10.3","v8":"5.1.281.101","uv":"1.9.1","zlib":"1.2.11","ares":"1.10.1-DEV","icu":"58.2","modules":"48","openssl":"1.0.2k"}
[32m[2017-07-30 20:34:32.729] [INFO] BlockchainSampleClient - [39m
[32m[2017-07-30 20:34:32.729] [INFO] loggingHelper - [39mCreated logger for blockchain_sample_client.js at level ALL
[34m[2017-07-30 20:34:32.730] [TRACE] blockchain_sample_client.js - [39msetup : entry
[34m[2017-07-30 20:34:32.731] [TRACE] datastore.js - [39minit : entry 
[34m[2017-07-30 20:34:32.731] [TRACE] datastore.js - [39minit : params - {"name":"Cloudant NoSQL DB-vern","label":"cloudantNoSQLDB","plan":"Lite","credentials":{"username":"f6a4e131-a9e2-4b54-a324-abf6707f438e-bluemix","password":"08880be42336b9284ca179e537a1db36f506aefe22253c9542d0293d6b721d71","host":"f6a4e131-a9e2-4b54-a324-abf6707f438e-bluemix.cloudant.com","port":443,"url":"https://f6a4e131-a9e2-4b54-a324-abf6707f438e-bluemix:08880be42336b9284ca179e537a1db36f506aefe22253c9542d0293d6b721d71@f6a4e131-a9e2-4b54-a324-abf6707f438e-bluemix.cloudant.com"}} 
[34m[2017-07-30 20:34:32.741] [TRACE] blockchain_sample_client.js - [39mgetCloudantKeyValStore : entry 
[34m[2017-07-30 20:34:32.741] [TRACE] blockchain_sample_client.js - [39mgetCloudantKeyValStore : params - "devworks_app_master" 
[34m[2017-07-30 20:34:32.741] [TRACE] datastore.js - [39mgetDbInstance : entry 
[34m[2017-07-30 20:34:32.742] [TRACE] datastore.js - [39mgetDbInstance : params - "devworks_app_master" 
[32m[2017-07-30 20:34:34.287] [INFO] datastore.js - [39mgetDbInstance : devworks_app_master already exists. - undefined
[34m[2017-07-30 20:34:34.297] [TRACE] blockchain_network - [39msetupBlockchain : entry 
[34m[2017-07-30 20:34:34.298] [TRACE] blockchain_network - [39msetupBlockchain : params - [Circular] 
[34m[2017-07-30 20:34:34.299] [TRACE] blockchain_network - [39mchainInit : entry 
[34m[2017-07-30 20:34:34.301] [TRACE] blockchain_network - [39mchainInit : params - [Circular] 
[32m[2017-07-30 20:34:34.310] [INFO] blockchain_network - [39mchainInit : Chain Initialized - Chain {  peers: [],  securityEnabled: true,  members: {},  tcertBatchSize: 200,  devMode: false,  preFetchMode: true,  deployWaitTime: 100,  invokeWaitTime: 5,  name: 'sc_cc',  eventHub:    EventHub {     txCallback: [Function],     chaincodeRegistrants: HashTable {},     blockRegistrants: Set {},     txRegistrants: HashTable {},     ep: null,     connected: false },  keyValStore: CloudantKeyValStore { dbName: 'devworks_app_master', dbInstance: [Object] } }
[32m[2017-07-30 20:34:34.311] [INFO] blockchain_network - [39mloadNetworkConfiguration : Successfully loaded network configuration - undefined
[34m[2017-07-30 20:34:34.447] [TRACE] blockchain_network - [39mdoLogin : entry
[34m[2017-07-30 20:34:34.457] [TRACE] kv_store_model - [39mget : entry 
[34m[2017-07-30 20:34:34.457] [TRACE] kv_store_model - [39mget : params - {"id":"member.WebAppAdmin"} 
[32m[2017-07-30 20:34:34.784] [INFO] kv_store_model - [39mget : successfully fetched member file with id member.WebAppAdmin - undefined
[32m[2017-07-30 20:34:34.798] [INFO] blockchain_network - [39mdoLogin : Successfully logged in user on blockchain: WebAppAdmin - undefined
[32m[2017-07-30 20:34:34.799] [INFO] blockchain_network - [39mconfigureNetwork : Successfully enrolled registrar: WebAppAdmin - undefined
[32m[2017-07-30 20:34:34.799] [INFO] blockchain_network - [39msetupBlockchain : blockchain setup complete - undefined
[34m[2017-07-30 20:34:34.804] [TRACE] kv_store_model - [39mget : entry 
[34m[2017-07-30 20:34:34.805] [TRACE] kv_store_model - [39mget : params - {"id":"member.dhananjay.p"} 
[32m[2017-07-30 20:34:35.187] [INFO] kv_store_model - [39mget : successfully fetched member file with id member.dhananjay.p - undefined
[32m[2017-07-30 20:34:35.199] [INFO] blockchain_sdk - [39mregisterUser : Successfully registered user on blockchain: dhananjay.p - undefined
[34m[2017-07-30 20:34:35.200] [TRACE] blockchain_sdk - [39mdoLogin : entry
[32m[2017-07-30 20:34:35.204] [INFO] blockchain_sdk - [39mdoLogin : Successfully logged in user on blockchain: dhananjay.p - undefined
[32m[2017-07-30 20:34:35.205] [INFO] console - [39mserver is running on3000
[32m[2017-07-30 21:56:57.544] [INFO] console - [39mconsignmentWeight10
[32m[2017-07-30 21:56:57.545] [INFO] console - [39mconsignmentvalue10000
[32m[2017-07-30 21:56:57.545] [INFO] console - [39mcontractTypecipPolicy
[32m[2017-07-30 21:56:57.596] [INFO] console - [39m[ { uid: 3,
    fname: 'Vikram',
    lname: 'Viswanathan',
    phone: 919768135452,
    email: 'vikram.viswanathan@rapidqube.com',
    usertype: 'Marine Aggregator',
    password: '12345',
    status: 'Active' } ]
[32m[2017-07-30 23:57:20.472] [INFO] console - [39mconsignmentWeight10
[32m[2017-07-30 23:57:20.512] [INFO] console - [39mconsignmentvalue10000
[32m[2017-07-30 23:57:20.546] [INFO] console - [39mcontractTypecisPolicy
[32m[2017-07-30 23:57:21.240] [INFO] console - [39m[ { uid: 3,
    fname: 'Vikram',
    lname: 'Viswanathan',
    phone: 919768135452,
    email: 'vikram.viswanathan@rapidqube.com',
    usertype: 'Marine Aggregator',
    password: '12345',
    status: 'Active' } ]
[32m[2017-07-30 23:58:56.201] [INFO] console - [39mconsignmentWeight10
[32m[2017-07-30 23:58:56.201] [INFO] console - [39mconsignmentvalue1000
[32m[2017-07-30 23:58:56.202] [INFO] console - [39mcontractTypecifPolicy
[32m[2017-07-30 23:58:56.246] [INFO] console - [39m[ { uid: 3,
    fname: 'Vikram',
    lname: 'Viswanathan',
    phone: 919768135452,
    email: 'vikram.viswanathan@rapidqube.com',
    usertype: 'Marine Aggregator',
    password: '12345',
    status: 'Active' } ]
