[32m[2017-07-31 19:15:40.743] [INFO] BlockchainSampleClient - [39m
[32m[2017-07-31 19:15:40.744] [INFO] BlockchainSampleClient - [39m-----------------------------------------------------------------------------
[32m[2017-07-31 19:15:40.744] [INFO] BlockchainSampleClient - [39m>>> BlockchainSampleClient env local, started Mon Jul 31 2017 19:15:40 GMT+0530 (IST) <<<
[32m[2017-07-31 19:15:40.744] [INFO] BlockchainSampleClient - [39m-----------------------------------------------------------------------------
[32m[2017-07-31 19:15:40.745] [INFO] BlockchainSampleClient - [39mNode started via(process.argv): /usr/bin/nodejs,/home/dhananjayp/marin-service/app.js
[32m[2017-07-31 19:15:40.745] [INFO] BlockchainSampleClient - [39mNode version: v6.11.1
[32m[2017-07-31 19:15:40.745] [INFO] BlockchainSampleClient - [39mNode and its dependency versions: {"http_parser":"2.7.0","node":"6.11.1","v8":"5.1.281.103","uv":"1.11.0","zlib":"1.2.11","ares":"1.10.1-DEV","icu":"56.1","modules":"48","openssl":"1.0.2k"}
[32m[2017-07-31 19:15:40.745] [INFO] BlockchainSampleClient - [39m
[32m[2017-07-31 19:15:40.745] [INFO] loggingHelper - [39mCreated logger for blockchain_sample_client.js at level ALL
[34m[2017-07-31 19:15:40.745] [TRACE] blockchain_sample_client.js - [39msetup : entry
[34m[2017-07-31 19:15:40.746] [TRACE] datastore.js - [39minit : entry 
[34m[2017-07-31 19:15:40.746] [TRACE] datastore.js - [39minit : params - {"name":"Cloudant NoSQL DB-vern","label":"cloudantNoSQLDB","plan":"Lite","credentials":{"username":"f6a4e131-a9e2-4b54-a324-abf6707f438e-bluemix","password":"08880be42336b9284ca179e537a1db36f506aefe22253c9542d0293d6b721d71","host":"f6a4e131-a9e2-4b54-a324-abf6707f438e-bluemix.cloudant.com","port":443,"url":"https://f6a4e131-a9e2-4b54-a324-abf6707f438e-bluemix:08880be42336b9284ca179e537a1db36f506aefe22253c9542d0293d6b721d71@f6a4e131-a9e2-4b54-a324-abf6707f438e-bluemix.cloudant.com"}} 
[34m[2017-07-31 19:15:40.751] [TRACE] blockchain_sample_client.js - [39mgetCloudantKeyValStore : entry 
[34m[2017-07-31 19:15:40.751] [TRACE] blockchain_sample_client.js - [39mgetCloudantKeyValStore : params - "devworks_app_master" 
[34m[2017-07-31 19:15:40.751] [TRACE] datastore.js - [39mgetDbInstance : entry 
[34m[2017-07-31 19:15:40.751] [TRACE] datastore.js - [39mgetDbInstance : params - "devworks_app_master" 
[32m[2017-07-31 19:15:42.033] [INFO] datastore.js - [39mgetDbInstance : devworks_app_master already exists. - undefined
[34m[2017-07-31 19:15:42.043] [TRACE] blockchain_network - [39msetupBlockchain : entry 
[34m[2017-07-31 19:15:42.043] [TRACE] blockchain_network - [39msetupBlockchain : params - [Circular] 
[34m[2017-07-31 19:15:42.044] [TRACE] blockchain_network - [39mchainInit : entry 
[34m[2017-07-31 19:15:42.044] [TRACE] blockchain_network - [39mchainInit : params - [Circular] 
[32m[2017-07-31 19:15:42.046] [INFO] blockchain_network - [39mchainInit : Chain Initialized - Chain {  peers: [],  securityEnabled: true,  members: {},  tcertBatchSize: 200,  devMode: false,  preFetchMode: true,  deployWaitTime: 100,  invokeWaitTime: 5,  name: 'sc_cc',  eventHub:    EventHub {     txCallback: [Function],     chaincodeRegistrants: HashTable {},     blockRegistrants: Set {},     txRegistrants: HashTable {},     ep: null,     connected: false },  keyValStore: CloudantKeyValStore { dbName: 'devworks_app_master', dbInstance: [Object] } }
[32m[2017-07-31 19:15:42.047] [INFO] blockchain_network - [39mloadNetworkConfiguration : Successfully loaded network configuration - undefined
[34m[2017-07-31 19:15:42.105] [TRACE] blockchain_network - [39mdoLogin : entry
[34m[2017-07-31 19:15:42.111] [TRACE] kv_store_model - [39mget : entry 
[34m[2017-07-31 19:15:42.111] [TRACE] kv_store_model - [39mget : params - {"id":"member.WebAppAdmin"} 
[32m[2017-07-31 19:15:42.427] [INFO] kv_store_model - [39mget : successfully fetched member file with id member.WebAppAdmin - undefined
[32m[2017-07-31 19:15:42.436] [INFO] blockchain_network - [39mdoLogin : Successfully logged in user on blockchain: WebAppAdmin - undefined
[32m[2017-07-31 19:15:42.436] [INFO] blockchain_network - [39mconfigureNetwork : Successfully enrolled registrar: WebAppAdmin - undefined
[32m[2017-07-31 19:15:42.437] [INFO] blockchain_network - [39msetupBlockchain : blockchain setup complete - undefined
[34m[2017-07-31 19:15:42.439] [TRACE] kv_store_model - [39mget : entry 
[34m[2017-07-31 19:15:42.439] [TRACE] kv_store_model - [39mget : params - {"id":"member.dhananjay.p"} 
[32m[2017-07-31 19:15:42.749] [INFO] kv_store_model - [39mget : successfully fetched member file with id member.dhananjay.p - undefined
[32m[2017-07-31 19:15:42.754] [INFO] blockchain_sdk - [39mregisterUser : Successfully registered user on blockchain: dhananjay.p - undefined
[34m[2017-07-31 19:15:42.755] [TRACE] blockchain_sdk - [39mdoLogin : entry
[32m[2017-07-31 19:15:42.756] [INFO] blockchain_sdk - [39mdoLogin : Successfully logged in user on blockchain: dhananjay.p - undefined
[32m[2017-07-31 19:15:42.757] [INFO] console - [39mserver is running on3000
