[32m[2017-08-06 21:00:33.820] [INFO] BlockchainSampleClient - [39m
[32m[2017-08-06 21:00:33.822] [INFO] BlockchainSampleClient - [39m-----------------------------------------------------------------------------
[32m[2017-08-06 21:00:33.822] [INFO] BlockchainSampleClient - [39m>>> BlockchainSampleClient env local, started Sun Aug 06 2017 21:00:33 GMT+0530 (IST) <<<
[32m[2017-08-06 21:00:33.822] [INFO] BlockchainSampleClient - [39m-----------------------------------------------------------------------------
[32m[2017-08-06 21:00:33.822] [INFO] BlockchainSampleClient - [39mNode started via(process.argv): /home/vikramv/.nvm/versions/node/v6.10.3/bin/node,/home/vikramv/workspace/NodeJSWorkspace/marin-service/app.js
[32m[2017-08-06 21:00:33.822] [INFO] BlockchainSampleClient - [39mNode version: v6.10.3
[32m[2017-08-06 21:00:33.823] [INFO] BlockchainSampleClient - [39mNode and its dependency versions: {"http_parser":"2.7.0","node":"6.10.3","v8":"5.1.281.101","uv":"1.9.1","zlib":"1.2.11","ares":"1.10.1-DEV","icu":"58.2","modules":"48","openssl":"1.0.2k"}
[32m[2017-08-06 21:00:33.823] [INFO] BlockchainSampleClient - [39m
[32m[2017-08-06 21:00:33.823] [INFO] loggingHelper - [39mCreated logger for blockchain_sample_client.js at level ALL
[34m[2017-08-06 21:00:33.823] [TRACE] blockchain_sample_client.js - [39msetup : entry
[34m[2017-08-06 21:00:33.824] [TRACE] datastore.js - [39minit : entry 
[34m[2017-08-06 21:00:33.824] [TRACE] datastore.js - [39minit : params - {"name":"Cloudant NoSQL DB-vern","label":"cloudantNoSQLDB","plan":"Lite","credentials":{"username":"82e35471-ca30-4f2a-a19d-618068e02f5e-bluemix","password":"a08027a3322ee8bde6fd011aa7f3a53f943f1f6861d6c03e41bdfc206f811def","host":"82e35471-ca30-4f2a-a19d-618068e02f5e-bluemix.cloudant.com","port":443,"url":"https://82e35471-ca30-4f2a-a19d-618068e02f5e-bluemix:a08027a3322ee8bde6fd011aa7f3a53f943f1f6861d6c03e41bdfc206f811def@82e35471-ca30-4f2a-a19d-618068e02f5e-bluemix.cloudant.com"}} 
[34m[2017-08-06 21:00:33.832] [TRACE] blockchain_sample_client.js - [39mgetCloudantKeyValStore : entry 
[34m[2017-08-06 21:00:33.832] [TRACE] blockchain_sample_client.js - [39mgetCloudantKeyValStore : params - "devworks_app_master" 
[34m[2017-08-06 21:00:33.833] [TRACE] datastore.js - [39mgetDbInstance : entry 
[34m[2017-08-06 21:00:33.833] [TRACE] datastore.js - [39mgetDbInstance : params - "devworks_app_master" 
[32m[2017-08-06 21:00:35.650] [INFO] datastore.js - [39mgetDbInstance : devworks_app_master already exists. - undefined
[34m[2017-08-06 21:00:35.657] [TRACE] blockchain_network - [39msetupBlockchain : entry 
[34m[2017-08-06 21:00:35.658] [TRACE] blockchain_network - [39msetupBlockchain : params - [Circular] 
[34m[2017-08-06 21:00:35.660] [TRACE] blockchain_network - [39mchainInit : entry 
[34m[2017-08-06 21:00:35.660] [TRACE] blockchain_network - [39mchainInit : params - [Circular] 
[32m[2017-08-06 21:00:35.675] [INFO] blockchain_network - [39mchainInit : Chain Initialized - Chain {  peers: [],  securityEnabled: true,  members: {},  tcertBatchSize: 200,  devMode: false,  preFetchMode: true,  deployWaitTime: 100,  invokeWaitTime: 5,  name: 'sc_cc',  eventHub:    EventHub {     txCallback: [Function],     chaincodeRegistrants: HashTable {},     blockRegistrants: Set {},     txRegistrants: HashTable {},     ep: null,     connected: false },  keyValStore: CloudantKeyValStore { dbName: 'devworks_app_master', dbInstance: [Object] } }
[32m[2017-08-06 21:00:35.683] [INFO] blockchain_network - [39mloadNetworkConfiguration : Successfully loaded network configuration - undefined
[34m[2017-08-06 21:00:35.912] [TRACE] blockchain_network - [39mdoLogin : entry
[34m[2017-08-06 21:00:35.948] [TRACE] kv_store_model - [39mget : entry 
[34m[2017-08-06 21:00:35.949] [TRACE] kv_store_model - [39mget : params - {"id":"member.WebAppAdmin"} 
[32m[2017-08-06 21:00:36.443] [INFO] kv_store_model - [39mget : successfully fetched member file with id member.WebAppAdmin - undefined
[32m[2017-08-06 21:00:36.462] [INFO] blockchain_network - [39mdoLogin : Successfully logged in user on blockchain: WebAppAdmin - undefined
[32m[2017-08-06 21:00:36.463] [INFO] blockchain_network - [39mconfigureNetwork : Successfully enrolled registrar: WebAppAdmin - undefined
[32m[2017-08-06 21:00:36.463] [INFO] blockchain_network - [39msetupBlockchain : blockchain setup complete - undefined
[34m[2017-08-06 21:00:36.478] [TRACE] kv_store_model - [39mget : entry 
[34m[2017-08-06 21:00:36.480] [TRACE] kv_store_model - [39mget : params - {"id":"member.dhananjay.p"} 
[32m[2017-08-06 21:00:36.952] [INFO] kv_store_model - [39mget : successfully fetched member file with id member.dhananjay.p - undefined
[32m[2017-08-06 21:00:36.975] [INFO] blockchain_sdk - [39mregisterUser : Successfully registered user on blockchain: dhananjay.p - undefined
[34m[2017-08-06 21:00:36.977] [TRACE] blockchain_sdk - [39mdoLogin : entry
[32m[2017-08-06 21:00:36.989] [INFO] blockchain_sdk - [39mdoLogin : Successfully logged in user on blockchain: dhananjay.p - undefined
[32m[2017-08-06 21:00:36.990] [INFO] console - [39mserver is running on3000
[32m[2017-08-06 21:02:37.664] [INFO] console - [39m{ email: 'rahdesai7@gmail.com', password: 'R@12' }
[32m[2017-08-06 21:03:45.478] [INFO] console - [39m{ email: 'rahdesai7@gmail.com', password: 'R@12' }
[32m[2017-08-06 21:04:20.414] [INFO] console - [39m{ email: 'rahdesai7@gmail.com', password: 'R@12' }
[32m[2017-08-06 21:05:35.453] [INFO] console - [39m{ email: 'vikram.viswanathan@rapidqube.com',
  password: 'Rw@12345' }
